<?xml version="1.0" encoding="UTF-8"?>
<coverage generated="1785821493067" clover="3.2.0">
  <project timestamp="1785821493067" name="All files">
    <metrics statements="2477" coveredstatements="2250" conditionals="2036" coveredconditionals="1632" methods="949" coveredmethods="811" elements="5462" coveredelements="4693" complexity="0" loc="2477" ncloc="2477" packages="5" files="49" classes="49"/>
    <package name="src">
      <metrics statements="151" coveredstatements="151" conditionals="130" coveredconditionals="122" methods="58" coveredmethods="58"/>
      <file name="App.tsx" path="C:\Users\HRT_15\NomuTrade\frontend\src\App.tsx">
        <metrics statements="24" coveredstatements="24" conditionals="24" coveredconditionals="21" methods="8" coveredmethods="8"/>
        <line num="28" count="4" type="stmt"/>
        <line num="32" count="1" type="stmt"/>
        <line num="33" count="1" type="stmt"/>
        <line num="41" count="1" type="stmt"/>
        <line num="42" count="1" type="stmt"/>
        <line num="54" count="1" type="stmt"/>
        <line num="55" count="1" type="stmt"/>
        <line num="82" count="21" type="stmt"/>
        <line num="83" count="21" type="cond" truecount="2" falsecount="0"/>
        <line num="84" count="20" type="cond" truecount="2" falsecount="0"/>
        <line num="85" count="19" type="cond" truecount="4" falsecount="0"/>
        <line num="86" count="18" type="cond" truecount="4" falsecount="0"/>
        <line num="87" count="17" type="stmt"/>
        <line num="92" count="1" type="stmt"/>
        <line num="93" count="1" type="cond" truecount="1" falsecount="1"/>
        <line num="102" count="4" type="stmt"/>
        <line num="103" count="4" type="cond" truecount="1" falsecount="1"/>
        <line num="104" count="4" type="cond" truecount="1" falsecount="1"/>
        <line num="105" count="4" type="stmt"/>
        <line num="106" count="4" type="cond" truecount="2" falsecount="0"/>
        <line num="107" count="3" type="stmt"/>
        <line num="115" count="13" type="stmt"/>
        <line num="116" count="13" type="stmt"/>
        <line num="118" count="13" type="stmt"/>
      </file>
      <file name="auth.tsx" path="C:\Users\HRT_15\NomuTrade\frontend\src\auth.tsx">
        <metrics statements="41" coveredstatements="41" conditionals="16" coveredconditionals="14" methods="12" coveredmethods="12"/>
        <line num="21" count="1" type="stmt"/>
        <line num="24" count="14" type="stmt"/>
        <line num="25" count="14" type="stmt"/>
        <line num="27" count="14" type="stmt"/>
        <line num="28" count="6" type="stmt"/>
        <line num="29" count="6" type="stmt"/>
        <line num="30" count="6" type="cond" truecount="2" falsecount="0"/>
        <line num="31" count="2" type="stmt"/>
        <line num="32" count="2" type="stmt"/>
        <line num="34" count="4" type="stmt"/>
        <line num="35" count="4" type="stmt"/>
        <line num="36" count="3" type="cond" truecount="1" falsecount="1"/>
        <line num="38" count="1" type="stmt"/>
        <line num="40" count="4" type="cond" truecount="1" falsecount="1"/>
        <line num="43" count="6" type="stmt"/>
        <line num="44" count="6" type="stmt"/>
        <line num="52" count="14" type="stmt"/>
        <line num="53" count="1" type="stmt"/>
        <line num="59" count="1" type="stmt"/>
        <line num="60" count="1" type="stmt"/>
        <line num="61" count="1" type="stmt"/>
        <line num="62" count="1" type="stmt"/>
        <line num="65" count="14" type="stmt"/>
        <line num="66" count="1" type="stmt"/>
        <line num="67" count="1" type="stmt"/>
        <line num="71" count="1" type="stmt"/>
        <line num="72" count="1" type="stmt"/>
        <line num="75" count="14" type="stmt"/>
        <line num="77" count="56" type="cond" truecount="2" falsecount="0"/>
        <line num="78" count="42" type="cond" truecount="2" falsecount="0"/>
        <line num="79" count="56" type="stmt"/>
        <line num="87" count="14" type="stmt"/>
        <line num="88" count="11" type="cond" truecount="2" falsecount="0"/>
        <line num="89" count="7" type="stmt"/>
        <line num="92" count="14" type="cond" truecount="2" falsecount="0"/>
        <line num="94" count="14" type="stmt"/>
        <line num="95" count="14" type="stmt"/>
        <line num="99" count="14" type="stmt"/>
        <line num="103" count="19" type="stmt"/>
        <line num="104" count="19" type="cond" truecount="2" falsecount="0"/>
        <line num="105" count="14" type="stmt"/>
      </file>
      <file name="format.ts" path="C:\Users\HRT_15\NomuTrade\frontend\src\format.ts">
        <metrics statements="32" coveredstatements="32" conditionals="47" coveredconditionals="47" methods="14" coveredmethods="14"/>
        <line num="8" count="2115" type="cond" truecount="2" falsecount="0"/>
        <line num="11" count="26" type="stmt"/>
        <line num="14" count="1445" type="stmt"/>
        <line num="15" count="1445" type="cond" truecount="2" falsecount="0"/>
        <line num="16" count="28" type="stmt"/>
        <line num="17" count="28" type="stmt"/>
        <line num="19" count="1445" type="stmt"/>
        <line num="23" count="1069" type="stmt"/>
        <line num="24" count="1069" type="stmt"/>
        <line num="25" count="15" type="stmt"/>
        <line num="35" count="376" type="stmt"/>
        <line num="44" count="907" type="cond" truecount="5" falsecount="0"/>
        <line num="45" count="856" type="stmt"/>
        <line num="49" count="970" type="cond" truecount="5" falsecount="0"/>
        <line num="50" count="967" type="cond" truecount="2" falsecount="0"/>
        <line num="51" count="591" type="stmt"/>
        <line num="58" count="215" type="cond" truecount="5" falsecount="0"/>
        <line num="59" count="212" type="stmt"/>
        <line num="64" count="372" type="cond" truecount="2" falsecount="0"/>
        <line num="65" count="337" type="stmt"/>
        <line num="66" count="337" type="cond" truecount="2" falsecount="0"/>
        <line num="67" count="1680" type="stmt"/>
        <line num="68" count="336" type="stmt"/>
        <line num="72" count="69" type="cond" truecount="2" falsecount="0"/>
        <line num="73" count="67" type="stmt"/>
        <line num="74" count="67" type="cond" truecount="2" falsecount="0"/>
        <line num="75" count="66" type="stmt"/>
        <line num="80" count="296" type="cond" truecount="5" falsecount="0"/>
        <line num="81" count="208" type="cond" truecount="2" falsecount="0"/>
        <line num="85" count="249" type="cond" truecount="5" falsecount="0"/>
        <line num="86" count="213" type="stmt"/>
        <line num="87" count="213" type="cond" truecount="4" falsecount="0"/>
      </file>
      <file name="hooks.ts" path="C:\Users\HRT_15\NomuTrade\frontend\src\hooks.ts">
        <metrics statements="40" coveredstatements="40" conditionals="22" coveredconditionals="20" methods="18" coveredmethods="18"/>
        <line num="10" count="586" type="stmt"/>
        <line num="11" count="586" type="stmt"/>
        <line num="13" count="586" type="stmt"/>
        <line num="14" count="182" type="stmt"/>
        <line num="15" count="182" type="cond" truecount="2" falsecount="0"/>
        <line num="16" count="151" type="stmt"/>
        <line num="17" count="151" type="stmt"/>
        <line num="46" count="144" type="stmt"/>
        <line num="47" count="144" type="stmt"/>
        <line num="48" count="144" type="stmt"/>
        <line num="49" count="144" type="stmt"/>
        <line num="50" count="144" type="stmt"/>
        <line num="51" count="144" type="stmt"/>
        <line num="53" count="144" type="stmt"/>
        <line num="54" count="60" type="stmt"/>
        <line num="55" count="60" type="stmt"/>
        <line num="56" count="60" type="cond" truecount="2" falsecount="0"/>
        <line num="57" count="60" type="stmt"/>
        <line num="58" count="60" type="cond" truecount="2" falsecount="0"/>
        <line num="59" count="2" type="stmt"/>
        <line num="60" count="2" type="cond" truecount="2" falsecount="0"/>
        <line num="61" count="2" type="cond" truecount="2" falsecount="0"/>
        <line num="62" count="2" type="cond" truecount="2" falsecount="0"/>
        <line num="63" count="58" type="cond" truecount="2" falsecount="0"/>
        <line num="64" count="30" type="cond" truecount="1" falsecount="1"/>
        <line num="65" count="30" type="cond" truecount="2" falsecount="0"/>
        <line num="66" count="30" type="cond" truecount="1" falsecount="1"/>
        <line num="70" count="144" type="stmt"/>
        <line num="75" count="4" type="stmt"/>
        <line num="76" count="4" type="stmt"/>
        <line num="79" count="2" type="stmt"/>
        <line num="80" count="2" type="stmt"/>
        <line num="83" count="2" type="stmt"/>
        <line num="84" count="2" type="stmt"/>
        <line num="99" count="154" type="stmt"/>
        <line num="100" count="154" type="stmt"/>
        <line num="102" count="154" type="stmt"/>
        <line num="107" count="88" type="stmt"/>
        <line num="108" count="88" type="stmt"/>
        <line num="109" count="88" type="stmt"/>
      </file>
      <file name="personas.ts" path="C:\Users\HRT_15\NomuTrade\frontend\src\personas.ts">
        <metrics statements="14" coveredstatements="14" conditionals="21" coveredconditionals="20" methods="6" coveredmethods="6"/>
        <line num="17" count="181" type="stmt"/>
        <line num="18" count="27" type="cond" truecount="2" falsecount="0"/>
        <line num="19" count="22" type="cond" truecount="2" falsecount="0"/>
        <line num="26" count="5" type="stmt"/>
        <line num="28" count="17" type="cond" truecount="2" falsecount="0"/>
        <line num="29" count="14" type="cond" truecount="4" falsecount="0"/>
        <line num="32" count="11" type="cond" truecount="2" falsecount="0"/>
        <line num="33" count="10" type="stmt"/>
        <line num="60" count="4" type="stmt"/>
        <line num="104" count="4" type="stmt"/>
        <line num="134" count="24" type="stmt"/>
        <line num="135" count="203" type="stmt"/>
        <line num="136" count="50" type="cond" truecount="2" falsecount="0"/>
        <line num="137" count="24" type="cond" truecount="1" falsecount="1"/>
      </file>
      <file name="styles.css" path="C:\Users\HRT_15\NomuTrade\frontend\src\styles.css">
        <metrics statements="0" coveredstatements="0" conditionals="0" coveredconditionals="0" methods="0" coveredmethods="0"/>
      </file>
    </package>
    <package name="src.api">
      <metrics statements="178" coveredstatements="162" conditionals="110" coveredconditionals="93" methods="23" coveredmethods="22"/>
      <file name="client.ts" path="C:\Users\HRT_15\NomuTrade\frontend\src\api\client.ts">
        <metrics statements="62" coveredstatements="48" conditionals="54" coveredconditionals="44" methods="6" coveredmethods="5"/>
        <line num="3" count="24" type="stmt"/>
        <line num="4" count="24" type="stmt"/>
        <line num="7" count="43" type="stmt"/>
        <line num="11" count="19" type="cond" truecount="2" falsecount="0"/>
        <line num="12" count="4" type="stmt"/>
        <line num="23" count="14" type="stmt"/>
        <line num="24" count="14" type="stmt"/>
        <line num="25" count="14" type="stmt"/>
        <line num="26" count="14" type="stmt"/>
        <line num="27" count="14" type="stmt"/>
        <line num="28" count="14" type="stmt"/>
        <line num="33" count="24" type="stmt"/>
        <line num="37" count="235" type="stmt"/>
        <line num="58" count="15" type="stmt"/>
        <line num="59" count="15" type="cond" truecount="2" falsecount="0"/>
        <line num="60" count="1" type="stmt"/>
        <line num="61" count="4" type="cond" truecount="4" falsecount="0"/>
        <line num="65" count="15" type="stmt"/>
        <line num="66" count="15" type="stmt"/>
        <line num="67" count="15" type="cond" truecount="2" falsecount="0"/>
        <line num="70" count="15" type="cond" truecount="2" falsecount="0"/>
        <line num="71" count="1" type="stmt"/>
        <line num="72" count="1" type="stmt"/>
        <line num="76" count="15" type="stmt"/>
        <line num="77" count="15" type="cond" truecount="2" falsecount="0"/>
        <line num="79" count="1" type="stmt"/>
        <line num="80" count="1" type="cond" truecount="1" falsecount="1"/>
        <line num="81" count="1" type="stmt"/>
        <line num="84" count="14" type="cond" truecount="4" falsecount="0"/>
        <line num="86" count="2" type="stmt"/>
        <line num="87" count="2" type="cond" truecount="1" falsecount="1"/>
        <line num="88" count="2" type="stmt"/>
        <line num="90" count="2" type="stmt"/>
        <line num="93" count="12" type="cond" truecount="2" falsecount="0"/>
        <line num="95" count="15" type="cond" truecount="2" falsecount="0"/>
        <line num="96" count="5" type="cond" truecount="2" falsecount="0"/>
        <line num="97" count="5" type="cond" truecount="2" falsecount="0"/>
        <line num="98" count="4" type="stmt"/>
        <line num="99" count="4" type="stmt"/>
        <line num="100" count="3" type="cond" truecount="4" falsecount="1"/>
        <line num="101" count="3" type="stmt"/>
        <line num="102" count="3" type="stmt"/>
        <line num="113" count="5" type="stmt"/>
        <line num="114" count="5" type="cond" truecount="2" falsecount="0"/>
        <line num="115" count="5" type="stmt"/>
        <line num="118" count="7" type="cond" truecount="2" falsecount="0"/>
        <line num="119" count="6" type="cond" truecount="2" falsecount="0"/>
        <line num="120" count="5" type="cond" truecount="1" falsecount="1"/>
        <line num="121" count="0" type="stmt"/>
        <line num="130" count="0" type="stmt"/>
        <line num="131" count="0" type="stmt"/>
        <line num="132" count="0" type="cond" truecount="0" falsecount="2"/>
        <line num="133" count="0" type="stmt"/>
        <line num="134" count="0" type="cond" truecount="0" falsecount="2"/>
        <line num="135" count="0" type="stmt"/>
        <line num="136" count="0" type="stmt"/>
        <line num="137" count="0" type="stmt"/>
        <line num="138" count="0" type="stmt"/>
        <line num="139" count="0" type="stmt"/>
        <line num="140" count="0" type="stmt"/>
        <line num="141" count="0" type="stmt"/>
        <line num="142" count="0" type="stmt"/>
      </file>
      <file name="stream.ts" path="C:\Users\HRT_15\NomuTrade\frontend\src\api\stream.ts">
        <metrics statements="33" coveredstatements="33" conditionals="30" coveredconditionals="29" methods="2" coveredmethods="2"/>
        <line num="36" count="7" type="stmt"/>
        <line num="37" count="7" type="stmt"/>
        <line num="38" count="7" type="cond" truecount="2" falsecount="0"/>
        <line num="40" count="7" type="stmt"/>
        <line num="49" count="7" type="cond" truecount="4" falsecount="0"/>
        <line num="50" count="1" type="stmt"/>
        <line num="53" count="6" type="stmt"/>
        <line num="54" count="6" type="stmt"/>
        <line num="55" count="6" type="stmt"/>
        <line num="56" count="6" type="stmt"/>
        <line num="58" count="6" type="stmt"/>
        <line num="59" count="14" type="stmt"/>
        <line num="60" count="14" type="stmt"/>
        <line num="61" count="14" type="stmt"/>
        <line num="62" count="28" type="cond" truecount="3" falsecount="1"/>
        <line num="64" count="14" type="cond" truecount="2" falsecount="0"/>
        <line num="67" count="14" type="cond" truecount="4" falsecount="0"/>
        <line num="69" count="13" type="stmt"/>
        <line num="70" count="13" type="stmt"/>
        <line num="72" count="1" type="stmt"/>
        <line num="74" count="12" type="cond" truecount="4" falsecount="0"/>
        <line num="75" count="6" type="cond" truecount="2" falsecount="0"/>
        <line num="76" count="5" type="cond" truecount="2" falsecount="0"/>
        <line num="77" count="4" type="stmt"/>
        <line num="80" count="6" type="stmt"/>
        <line num="81" count="21" type="stmt"/>
        <line num="82" count="21" type="cond" truecount="2" falsecount="0"/>
        <line num="83" count="15" type="stmt"/>
        <line num="85" count="15" type="stmt"/>
        <line num="86" count="13" type="stmt"/>
        <line num="87" count="13" type="stmt"/>
        <line num="90" count="6" type="cond" truecount="2" falsecount="0"/>
        <line num="91" count="6" type="stmt"/>
      </file>
      <file name="types.ts" path="C:\Users\HRT_15\NomuTrade\frontend\src\api\types.ts">
        <metrics statements="3" coveredstatements="3" conditionals="0" coveredconditionals="0" methods="0" coveredmethods="0"/>
        <line num="57" count="3" type="stmt"/>
        <line num="88" count="3" type="stmt"/>
        <line num="624" count="3" type="stmt"/>
      </file>
      <file name="ws.ts" path="C:\Users\HRT_15\NomuTrade\frontend\src\api\ws.ts">
        <metrics statements="80" coveredstatements="78" conditionals="26" coveredconditionals="20" methods="15" coveredmethods="15"/>
        <line num="39" count="15" type="stmt"/>
        <line num="40" count="15" type="stmt"/>
        <line num="43" count="15" type="stmt"/>
        <line num="44" count="15" type="stmt"/>
        <line num="45" count="15" type="stmt"/>
        <line num="46" count="15" type="stmt"/>
        <line num="47" count="15" type="stmt"/>
        <line num="48" count="15" type="stmt"/>
        <line num="49" count="15" type="stmt"/>
        <line num="53" count="12" type="cond" truecount="2" falsecount="0"/>
        <line num="54" count="11" type="stmt"/>
        <line num="55" count="11" type="stmt"/>
        <line num="60" count="23" type="stmt"/>
        <line num="61" count="23" type="stmt"/>
        <line num="62" count="23" type="stmt"/>
        <line num="63" count="23" type="stmt"/>
        <line num="64" count="23" type="stmt"/>
        <line num="65" count="23" type="stmt"/>
        <line num="66" count="23" type="stmt"/>
        <line num="71" count="5" type="stmt"/>
        <line num="72" count="5" type="cond" truecount="2" falsecount="0"/>
        <line num="73" count="2" type="stmt"/>
        <line num="74" count="2" type="stmt"/>
        <line num="76" count="5" type="stmt"/>
        <line num="77" count="5" type="stmt"/>
        <line num="78" count="1" type="stmt"/>
        <line num="79" count="1" type="cond" truecount="1" falsecount="1"/>
        <line num="85" count="1" type="stmt"/>
        <line num="86" count="1" type="stmt"/>
        <line num="87" count="1" type="stmt"/>
        <line num="88" count="1" type="stmt"/>
        <line num="93" count="7" type="stmt"/>
        <line num="97" count="55" type="cond" truecount="2" falsecount="0"/>
        <line num="98" count="41" type="stmt"/>
        <line num="99" count="41" type="stmt"/>
        <line num="103" count="28" type="cond" truecount="1" falsecount="1"/>
        <line num="104" count="0" type="stmt"/>
        <line num="105" count="0" type="stmt"/>
        <line num="110" count="16" type="cond" truecount="1" falsecount="1"/>
        <line num="111" count="16" type="stmt"/>
        <line num="112" count="16" type="cond" truecount="2" falsecount="0"/>
        <line num="113" count="1" type="stmt"/>
        <line num="114" count="1" type="stmt"/>
        <line num="115" count="1" type="stmt"/>
        <line num="117" count="15" type="cond" truecount="1" falsecount="1"/>
        <line num="118" count="16" type="stmt"/>
        <line num="119" count="16" type="stmt"/>
        <line num="120" count="16" type="stmt"/>
        <line num="121" count="16" type="stmt"/>
        <line num="122" count="16" type="stmt"/>
        <line num="123" count="10" type="stmt"/>
        <line num="124" count="10" type="stmt"/>
        <line num="126" count="16" type="stmt"/>
        <line num="128" count="4" type="stmt"/>
        <line num="129" count="4" type="stmt"/>
        <line num="131" count="1" type="stmt"/>
        <line num="133" count="3" type="stmt"/>
        <line num="134" count="3" type="cond" truecount="1" falsecount="1"/>
        <line num="135" count="3" type="stmt"/>
        <line num="136" count="5" type="stmt"/>
        <line num="137" count="5" type="stmt"/>
        <line num="143" count="16" type="stmt"/>
        <line num="144" count="7" type="cond" truecount="2" falsecount="0"/>
        <line num="145" count="7" type="cond" truecount="2" falsecount="0"/>
        <line num="146" count="6" type="cond" truecount="2" falsecount="0"/>
        <line num="150" count="1" type="stmt"/>
        <line num="151" count="1" type="stmt"/>
        <line num="152" count="1" type="stmt"/>
        <line num="153" count="1" type="cond" truecount="1" falsecount="1"/>
        <line num="154" count="1" type="stmt"/>
        <line num="156" count="1" type="stmt"/>
        <line num="158" count="5" type="stmt"/>
        <line num="159" count="5" type="stmt"/>
        <line num="165" count="5" type="stmt"/>
        <line num="166" count="5" type="stmt"/>
        <line num="167" count="5" type="stmt"/>
        <line num="168" count="5" type="stmt"/>
        <line num="169" count="5" type="stmt"/>
        <line num="170" count="5" type="stmt"/>
        <line num="175" count="15" type="stmt"/>
      </file>
    </package>
    <package name="src.components">
      <metrics statements="854" coveredstatements="776" conditionals="1014" coveredconditionals="803" methods="302" coveredmethods="271"/>
      <file name="Badge.tsx" path="C:\Users\HRT_15\NomuTrade\frontend\src\components\Badge.tsx">
        <metrics statements="8" coveredstatements="8" conditionals="8" coveredconditionals="8" methods="2" coveredmethods="2"/>
        <line num="4" count="20" type="stmt"/>
        <line num="62" count="20" type="stmt"/>
        <line num="107" count="440" type="cond" truecount="2" falsecount="0"/>
        <line num="111" count="434" type="stmt"/>
        <line num="112" count="434" type="cond" truecount="2" falsecount="0"/>
        <line num="113" count="434" type="cond" truecount="2" falsecount="0"/>
        <line num="114" count="434" type="stmt"/>
        <line num="117" count="434" type="cond" truecount="2" falsecount="0"/>
      </file>
      <file name="BondAnalyticsCard.tsx" path="C:\Users\HRT_15\NomuTrade\frontend\src\components\BondAnalyticsCard.tsx">
        <metrics statements="32" coveredstatements="32" conditionals="29" coveredconditionals="23" methods="10" coveredmethods="10"/>
        <line num="19" count="23" type="stmt"/>
        <line num="20" count="23" type="cond" truecount="2" falsecount="0"/>
        <line num="21" count="23" type="stmt"/>
        <line num="22" count="23" type="stmt"/>
        <line num="23" count="23" type="stmt"/>
        <line num="26" count="23" type="stmt"/>
        <line num="27" count="5" type="stmt"/>
        <line num="28" count="5" type="stmt"/>
        <line num="29" count="5" type="stmt"/>
        <line num="33" count="23" type="stmt"/>
        <line num="34" count="9" type="stmt"/>
        <line num="35" count="3" type="cond" truecount="2" falsecount="0"/>
        <line num="36" count="1" type="stmt"/>
        <line num="37" count="1" type="stmt"/>
        <line num="39" count="2" type="stmt"/>
        <line num="40" count="2" type="cond" truecount="1" falsecount="1"/>
        <line num="42" count="9" type="stmt"/>
        <line num="45" count="23" type="stmt"/>
        <line num="46" count="9" type="cond" truecount="2" falsecount="0"/>
        <line num="47" count="8" type="stmt"/>
        <line num="48" count="8" type="stmt"/>
        <line num="49" count="8" type="stmt"/>
        <line num="50" count="8" type="stmt"/>
        <line num="54" count="8" type="cond" truecount="1" falsecount="1"/>
        <line num="59" count="8" type="stmt"/>
        <line num="60" count="8" type="stmt"/>
        <line num="64" count="23" type="cond" truecount="2" falsecount="0"/>
        <line num="66" count="22" type="stmt"/>
        <line num="96" count="4" type="stmt"/>
        <line num="98" count="1" type="cond" truecount="1" falsecount="1"/>
        <line num="99" count="1" type="stmt"/>
        <line num="100" count="1" type="cond" truecount="3" falsecount="1"/>
      </file>
      <file name="DataTable.tsx" path="C:\Users\HRT_15\NomuTrade\frontend\src\components\DataTable.tsx">
        <metrics statements="25" coveredstatements="25" conditionals="46" coveredconditionals="45" methods="14" coveredmethods="14"/>
        <line num="33" count="24" type="cond" truecount="4" falsecount="0"/>
        <line num="34" count="18" type="stmt"/>
        <line num="38" count="259" type="stmt"/>
        <line num="39" count="259" type="cond" truecount="2" falsecount="0"/>
        <line num="40" count="259" type="stmt"/>
        <line num="42" count="259" type="stmt"/>
        <line num="43" count="9" type="stmt"/>
        <line num="44" count="9" type="cond" truecount="4" falsecount="0"/>
        <line num="45" count="3" type="cond" truecount="2" falsecount="0"/>
        <line num="50" count="259" type="stmt"/>
        <line num="51" count="258" type="cond" truecount="2" falsecount="0"/>
        <line num="52" count="8" type="stmt"/>
        <line num="53" count="258" type="cond" truecount="2" falsecount="0"/>
        <line num="54" count="7" type="cond" truecount="2" falsecount="0"/>
        <line num="55" count="258" type="stmt"/>
        <line num="56" count="21" type="stmt"/>
        <line num="57" count="24" type="cond" truecount="2" falsecount="0"/>
        <line num="58" count="21" type="stmt"/>
        <line num="61" count="259" type="stmt"/>
        <line num="67" count="1796" type="stmt"/>
        <line num="72" count="9" type="cond" truecount="2" falsecount="0"/>
        <line num="93" count="369" type="stmt"/>
        <line num="96" count="3" type="cond" truecount="2" falsecount="0"/>
        <line num="99" count="2537" type="stmt"/>
        <line num="111" count="131" type="stmt"/>
      </file>
      <file name="EChart.tsx" path="C:\Users\HRT_15\NomuTrade\frontend\src\components\EChart.tsx">
        <metrics statements="22" coveredstatements="22" conditionals="7" coveredconditionals="6" methods="7" coveredmethods="6"/>
        <line num="17" count="60" type="stmt"/>
        <line num="18" count="60" type="stmt"/>
        <line num="20" count="60" type="stmt"/>
        <line num="21" count="23" type="stmt"/>
        <line num="22" count="23" type="cond" truecount="1" falsecount="1"/>
        <line num="23" count="23" type="stmt"/>
        <line num="24" count="23" type="stmt"/>
        <line num="25" count="23" type="stmt"/>
        <line num="26" count="23" type="stmt"/>
        <line num="27" count="23" type="stmt"/>
        <line num="28" count="23" type="stmt"/>
        <line num="29" count="23" type="stmt"/>
        <line num="30" count="23" type="stmt"/>
        <line num="34" count="60" type="stmt"/>
        <line num="35" count="43" type="stmt"/>
        <line num="38" count="60" type="stmt"/>
        <line num="39" count="23" type="stmt"/>
        <line num="40" count="23" type="cond" truecount="4" falsecount="0"/>
        <line num="41" count="27" type="stmt"/>
        <line num="42" count="9" type="stmt"/>
        <line num="43" count="27" type="stmt"/>
        <line num="47" count="60" type="stmt"/>
      </file>
      <file name="Layout.tsx" path="C:\Users\HRT_15\NomuTrade\frontend\src\components\Layout.tsx">
        <metrics statements="93" coveredstatements="81" conditionals="72" coveredconditionals="49" methods="37" coveredmethods="30"/>
        <line num="17" count="15" type="stmt"/>
        <line num="18" count="15" type="stmt"/>
        <line num="19" count="15" type="stmt"/>
        <line num="20" count="15" type="stmt"/>
        <line num="21" count="15" type="stmt"/>
        <line num="23" count="15" type="stmt"/>
        <line num="24" count="12" type="stmt"/>
        <line num="25" count="12" type="cond" truecount="2" falsecount="0"/>
        <line num="26" count="2" type="stmt"/>
        <line num="29" count="1" type="cond" truecount="2" falsecount="1"/>
        <line num="36" count="15" type="stmt"/>
        <line num="37" count="15" type="stmt"/>
        <line num="39" count="15" type="stmt"/>
        <line num="40" count="7" type="cond" truecount="2" falsecount="0"/>
        <line num="41" count="1" type="stmt"/>
        <line num="42" count="1" type="cond" truecount="3" falsecount="1"/>
        <line num="44" count="1" type="stmt"/>
        <line num="45" count="1" type="stmt"/>
        <line num="48" count="15" type="stmt"/>
        <line num="50" count="1" type="stmt"/>
        <line num="51" count="1" type="stmt"/>
        <line num="52" count="1" type="stmt"/>
        <line num="57" count="15" type="stmt"/>
        <line num="58" count="1" type="stmt"/>
        <line num="62" count="1" type="stmt"/>
        <line num="63" count="1" type="stmt"/>
        <line num="75" count="15" type="stmt"/>
        <line num="82" count="1" type="stmt"/>
        <line num="83" count="1" type="stmt"/>
        <line num="85" count="0" type="stmt"/>
        <line num="87" count="0" type="cond" truecount="0" falsecount="4"/>
        <line num="88" count="0" type="cond" truecount="0" falsecount="2"/>
        <line num="89" count="0" type="stmt"/>
        <line num="90" count="0" type="stmt"/>
        <line num="122" count="14" type="stmt"/>
        <line num="123" count="14" type="stmt"/>
        <line num="124" count="14" type="stmt"/>
        <line num="125" count="14" type="stmt"/>
        <line num="126" count="14" type="stmt"/>
        <line num="127" count="14" type="stmt"/>
        <line num="128" count="14" type="stmt"/>
        <line num="129" count="14" type="stmt"/>
        <line num="130" count="14" type="stmt"/>
        <line num="131" count="14" type="stmt"/>
        <line num="134" count="14" type="stmt"/>
        <line num="135" count="1" type="stmt"/>
        <line num="136" count="1" type="stmt"/>
        <line num="137" count="1" type="stmt"/>
        <line num="141" count="1" type="stmt"/>
        <line num="145" count="1" type="stmt"/>
        <line num="151" count="14" type="stmt"/>
        <line num="152" count="138" type="stmt"/>
        <line num="153" count="138" type="cond" truecount="2" falsecount="0"/>
        <line num="157" count="14" type="cond" truecount="2" falsecount="0"/>
        <line num="162" count="14" type="stmt"/>
        <line num="164" count="5" type="stmt"/>
        <line num="165" count="5" type="stmt"/>
        <line num="166" count="5" type="stmt"/>
        <line num="169" count="5" type="stmt"/>
        <line num="170" count="5" type="stmt"/>
        <line num="171" count="5" type="stmt"/>
        <line num="172" count="5" type="stmt"/>
        <line num="173" count="5" type="cond" truecount="1" falsecount="1"/>
        <line num="174" count="5" type="stmt"/>
        <line num="175" count="5" type="stmt"/>
        <line num="176" count="5" type="cond" truecount="2" falsecount="2"/>
        <line num="178" count="5" type="cond" truecount="1" falsecount="1"/>
        <line num="179" count="5" type="stmt"/>
        <line num="180" count="5" type="stmt"/>
        <line num="181" count="5" type="stmt"/>
        <line num="183" count="0" type="stmt"/>
        <line num="191" count="14" type="stmt"/>
        <line num="192" count="14" type="cond" truecount="2" falsecount="0"/>
        <line num="198" count="14" type="stmt"/>
        <line num="199" count="14" type="stmt"/>
        <line num="202" count="0" type="stmt"/>
        <line num="203" count="0" type="cond" truecount="0" falsecount="2"/>
        <line num="207" count="14" type="stmt"/>
        <line num="209" count="5" type="stmt"/>
        <line num="210" count="5" type="stmt"/>
        <line num="211" count="5" type="stmt"/>
        <line num="215" count="5" type="stmt"/>
        <line num="216" count="5" type="cond" truecount="1" falsecount="1"/>
        <line num="226" count="14" type="stmt"/>
        <line num="231" count="1" type="stmt"/>
        <line num="239" count="0" type="stmt"/>
        <line num="241" count="138" type="stmt"/>
        <line num="245" count="138" type="cond" truecount="2" falsecount="0"/>
        <line num="262" count="1" type="stmt"/>
        <line num="278" count="1" type="stmt"/>
        <line num="296" count="0" type="stmt"/>
        <line num="303" count="0" type="stmt"/>
        <line num="313" count="0" type="stmt"/>
      </file>
      <file name="Modal.tsx" path="C:\Users\HRT_15\NomuTrade\frontend\src\components\Modal.tsx">
        <metrics statements="8" coveredstatements="8" conditionals="9" coveredconditionals="9" methods="5" coveredmethods="5"/>
        <line num="14" count="90" type="stmt"/>
        <line num="15" count="90" type="stmt"/>
        <line num="16" count="60" type="stmt"/>
        <line num="17" count="6" type="cond" truecount="2" falsecount="0"/>
        <line num="19" count="60" type="stmt"/>
        <line num="20" count="60" type="stmt"/>
        <line num="23" count="90" type="stmt"/>
        <line num="24" count="2" type="cond" truecount="2" falsecount="0"/>
      </file>
      <file name="NewsPanel.tsx" path="C:\Users\HRT_15\NomuTrade\frontend\src\components\NewsPanel.tsx">
        <metrics statements="36" coveredstatements="32" conditionals="52" coveredconditionals="41" methods="14" coveredmethods="14"/>
        <line num="17" count="10" type="cond" truecount="1" falsecount="1"/>
        <line num="18" count="0" type="cond" truecount="0" falsecount="2"/>
        <line num="19" count="0" type="cond" truecount="0" falsecount="2"/>
        <line num="20" count="0" type="cond" truecount="0" falsecount="2"/>
        <line num="21" count="0" type="stmt"/>
        <line num="37" count="21" type="stmt"/>
        <line num="38" count="21" type="stmt"/>
        <line num="39" count="21" type="stmt"/>
        <line num="40" count="21" type="stmt"/>
        <line num="41" count="21" type="stmt"/>
        <line num="43" count="21" type="stmt"/>
        <line num="44" count="6" type="cond" truecount="2" falsecount="0"/>
        <line num="45" count="5" type="stmt"/>
        <line num="46" count="5" type="stmt"/>
        <line num="47" count="5" type="stmt"/>
        <line num="51" count="4" type="stmt"/>
        <line num="52" count="4" type="stmt"/>
        <line num="55" count="1" type="stmt"/>
        <line num="56" count="1" type="cond" truecount="3" falsecount="1"/>
        <line num="58" count="5" type="stmt"/>
        <line num="59" count="5" type="stmt"/>
        <line num="63" count="5" type="stmt"/>
        <line num="69" count="21" type="stmt"/>
        <line num="71" count="6" type="stmt"/>
        <line num="77" count="21" type="cond" truecount="2" falsecount="0"/>
        <line num="79" count="21" type="stmt"/>
        <line num="81" count="21" type="stmt"/>
        <line num="92" count="1" type="stmt"/>
        <line num="148" count="20" type="stmt"/>
        <line num="165" count="9" type="stmt"/>
        <line num="169" count="1" type="stmt"/>
        <line num="175" count="18" type="stmt"/>
        <line num="178" count="9" type="stmt"/>
        <line num="190" count="1" type="stmt"/>
        <line num="195" count="1" type="stmt"/>
        <line num="206" count="2" type="stmt"/>
      </file>
      <file name="NotificationBell.tsx" path="C:\Users\HRT_15\NomuTrade\frontend\src\components\NotificationBell.tsx">
        <metrics statements="29" coveredstatements="28" conditionals="18" coveredconditionals="16" methods="15" coveredmethods="13"/>
        <line num="12" count="2" type="stmt"/>
        <line num="15" count="28" type="stmt"/>
        <line num="16" count="28" type="stmt"/>
        <line num="17" count="28" type="stmt"/>
        <line num="18" count="28" type="stmt"/>
        <line num="20" count="28" type="stmt"/>
        <line num="21" count="9" type="stmt"/>
        <line num="22" count="9" type="stmt"/>
        <line num="25" count="9" type="stmt"/>
        <line num="31" count="28" type="stmt"/>
        <line num="34" count="28" type="stmt"/>
        <line num="36" count="28" type="stmt"/>
        <line num="37" count="14" type="cond" truecount="2" falsecount="0"/>
        <line num="38" count="4" type="stmt"/>
        <line num="39" count="1" type="cond" truecount="3" falsecount="1"/>
        <line num="41" count="4" type="stmt"/>
        <line num="42" count="4" type="stmt"/>
        <line num="45" count="28" type="stmt"/>
        <line num="47" count="28" type="stmt"/>
        <line num="48" count="1" type="cond" truecount="1" falsecount="1"/>
        <line num="49" count="1" type="stmt"/>
        <line num="50" count="1" type="stmt"/>
        <line num="54" count="1" type="stmt"/>
        <line num="55" count="2" type="cond" truecount="2" falsecount="0"/>
        <line num="62" count="28" type="stmt"/>
        <line num="64" count="4" type="stmt"/>
        <line num="75" count="8" type="stmt"/>
        <line num="78" count="1" type="stmt"/>
        <line num="89" count="0" type="stmt"/>
      </file>
      <file name="OrderPanel.tsx" path="C:\Users\HRT_15\NomuTrade\frontend\src\components\OrderPanel.tsx">
        <metrics statements="167" coveredstatements="156" conditionals="219" coveredconditionals="177" methods="44" coveredmethods="39"/>
        <line num="21" count="1" type="stmt"/>
        <line num="22" count="1" type="stmt"/>
        <line num="29" count="1" type="stmt"/>
        <line num="68" count="75" type="stmt"/>
        <line num="69" count="75" type="stmt"/>
        <line num="70" count="75" type="stmt"/>
        <line num="71" count="75" type="stmt"/>
        <line num="72" count="75" type="stmt"/>
        <line num="73" count="75" type="stmt"/>
        <line num="74" count="75" type="stmt"/>
        <line num="75" count="75" type="stmt"/>
        <line num="76" count="75" type="stmt"/>
        <line num="77" count="75" type="stmt"/>
        <line num="78" count="75" type="stmt"/>
        <line num="80" count="75" type="stmt"/>
        <line num="81" count="19" type="stmt"/>
        <line num="84" count="75" type="cond" truecount="2" falsecount="0"/>
        <line num="85" count="75" type="stmt"/>
        <line num="96" count="75" type="stmt"/>
        <line num="98" count="75" type="cond" truecount="2" falsecount="0"/>
        <line num="99" count="75" type="cond" truecount="2" falsecount="0"/>
        <line num="100" count="75" type="stmt"/>
        <line num="102" count="75" type="stmt"/>
        <line num="103" count="75" type="cond" truecount="3" falsecount="0"/>
        <line num="105" count="75" type="stmt"/>
        <line num="106" count="75" type="cond" truecount="4" falsecount="0"/>
        <line num="107" count="75" type="stmt"/>
        <line num="108" count="75" type="cond" truecount="4" falsecount="0"/>
        <line num="110" count="75" type="stmt"/>
        <line num="111" count="75" type="stmt"/>
        <line num="112" count="75" type="cond" truecount="3" falsecount="0"/>
        <line num="113" count="75" type="cond" truecount="3" falsecount="0"/>
        <line num="114" count="75" type="cond" truecount="2" falsecount="0"/>
        <line num="118" count="75" type="cond" truecount="5" falsecount="0"/>
        <line num="124" count="75" type="cond" truecount="4" falsecount="0"/>
        <line num="125" count="75" type="cond" truecount="3" falsecount="0"/>
        <line num="127" count="75" type="stmt"/>
        <line num="128" count="2" type="stmt"/>
        <line num="129" count="2" type="cond" truecount="1" falsecount="1"/>
        <line num="130" count="2" type="stmt"/>
        <line num="134" count="75" type="cond" truecount="2" falsecount="0"/>
        <line num="135" count="75" type="stmt"/>
        <line num="136" count="21" type="cond" truecount="1" falsecount="1"/>
        <line num="137" count="75" type="stmt"/>
        <line num="138" count="1" type="cond" truecount="1" falsecount="1"/>
        <line num="144" count="75" type="stmt"/>
        <line num="145" count="5" type="stmt"/>
        <line num="149" count="75" type="stmt"/>
        <line num="150" count="20" type="stmt"/>
        <line num="151" count="20" type="cond" truecount="2" falsecount="0"/>
        <line num="152" count="20" type="cond" truecount="1" falsecount="1"/>
        <line num="153" count="20" type="cond" truecount="1" falsecount="1"/>
        <line num="154" count="20" type="cond" truecount="2" falsecount="0"/>
        <line num="155" count="20" type="cond" truecount="4" falsecount="0"/>
        <line num="156" count="20" type="stmt"/>
        <line num="160" count="75" type="stmt"/>
        <line num="161" count="3" type="cond" truecount="1" falsecount="1"/>
        <line num="162" count="3" type="stmt"/>
        <line num="163" count="3" type="stmt"/>
        <line num="164" count="3" type="stmt"/>
        <line num="165" count="3" type="stmt"/>
        <line num="166" count="3" type="cond" truecount="2" falsecount="0"/>
        <line num="167" count="2" type="stmt"/>
        <line num="168" count="2" type="stmt"/>
        <line num="169" count="2" type="cond" truecount="1" falsecount="1"/>
        <line num="170" count="2" type="stmt"/>
        <line num="172" count="2" type="cond" truecount="1" falsecount="1"/>
        <line num="175" count="2" type="stmt"/>
        <line num="176" count="2" type="stmt"/>
        <line num="177" count="2" type="stmt"/>
        <line num="178" count="2" type="stmt"/>
        <line num="180" count="1" type="cond" truecount="2" falsecount="2"/>
        <line num="181" count="1" type="cond" truecount="1" falsecount="1"/>
        <line num="182" count="1" type="stmt"/>
        <line num="186" count="1" type="stmt"/>
        <line num="187" count="1" type="stmt"/>
        <line num="188" count="1" type="stmt"/>
        <line num="189" count="1" type="stmt"/>
        <line num="194" count="0" type="cond" truecount="0" falsecount="2"/>
        <line num="195" count="0" type="stmt"/>
        <line num="198" count="3" type="stmt"/>
        <line num="201" count="75" type="stmt"/>
        <line num="202" count="7" type="stmt"/>
        <line num="203" count="7" type="cond" truecount="3" falsecount="1"/>
        <line num="204" count="7" type="cond" truecount="5" falsecount="1"/>
        <line num="206" count="7" type="stmt"/>
        <line num="207" count="7" type="stmt"/>
        <line num="208" count="7" type="stmt"/>
        <line num="223" count="5" type="cond" truecount="2" falsecount="0"/>
        <line num="224" count="1" type="stmt"/>
        <line num="225" count="1" type="stmt"/>
        <line num="226" count="1" type="stmt"/>
        <line num="228" count="4" type="stmt"/>
        <line num="229" count="4" type="stmt"/>
        <line num="230" count="4" type="cond" truecount="2" falsecount="0"/>
        <line num="231" count="3" type="stmt"/>
        <line num="232" count="3" type="stmt"/>
        <line num="233" count="3" type="stmt"/>
        <line num="234" count="3" type="stmt"/>
        <line num="237" count="1" type="cond" truecount="1" falsecount="1"/>
        <line num="247" count="1" type="cond" truecount="1" falsecount="1"/>
        <line num="248" count="1" type="stmt"/>
        <line num="249" count="1" type="stmt"/>
        <line num="250" count="1" type="stmt"/>
        <line num="251" count="1" type="stmt"/>
        <line num="254" count="2" type="cond" truecount="4" falsecount="0"/>
        <line num="255" count="1" type="stmt"/>
        <line num="256" count="1" type="cond" truecount="1" falsecount="1"/>
        <line num="257" count="1" type="stmt"/>
        <line num="258" count="1" type="cond" truecount="1" falsecount="1"/>
        <line num="259" count="1" type="cond" truecount="1" falsecount="1"/>
        <line num="260" count="1" type="stmt"/>
        <line num="262" count="0" type="stmt"/>
        <line num="263" count="0" type="stmt"/>
        <line num="266" count="7" type="stmt"/>
        <line num="271" count="75" type="stmt"/>
        <line num="272" count="75" type="stmt"/>
        <line num="273" count="8" type="cond" truecount="5" falsecount="0"/>
        <line num="274" count="7" type="stmt"/>
        <line num="275" count="7" type="stmt"/>
        <line num="276" count="7" type="stmt"/>
        <line num="280" count="75" type="stmt"/>
        <line num="281" count="35" type="cond" truecount="2" falsecount="0"/>
        <line num="282" count="11" type="stmt"/>
        <line num="283" count="3" type="cond" truecount="2" falsecount="0"/>
        <line num="284" count="1" type="stmt"/>
        <line num="285" count="1" type="stmt"/>
        <line num="286" count="2" type="cond" truecount="1" falsecount="1"/>
        <line num="287" count="2" type="stmt"/>
        <line num="288" count="2" type="stmt"/>
        <line num="291" count="11" type="stmt"/>
        <line num="292" count="11" type="stmt"/>
        <line num="295" count="75" type="stmt"/>
        <line num="296" count="11" type="stmt"/>
        <line num="297" count="11" type="cond" truecount="1" falsecount="1"/>
        <line num="298" count="0" type="stmt"/>
        <line num="299" count="0" type="stmt"/>
        <line num="301" count="11" type="cond" truecount="1" falsecount="1"/>
        <line num="302" count="0" type="stmt"/>
        <line num="303" count="0" type="stmt"/>
        <line num="305" count="11" type="stmt"/>
        <line num="308" count="75" type="cond" truecount="4" falsecount="0"/>
        <line num="309" count="75" type="cond" truecount="2" falsecount="0"/>
        <line num="311" count="75" type="cond" truecount="5" falsecount="0"/>
        <line num="317" count="75" type="stmt"/>
        <line num="326" count="0" type="stmt"/>
        <line num="329" count="75" type="stmt"/>
        <line num="340" count="375" type="stmt"/>
        <line num="344" count="5" type="stmt"/>
        <line num="356" count="225" type="stmt"/>
        <line num="360" count="1" type="stmt"/>
        <line num="377" count="1" type="stmt"/>
        <line num="390" count="1" type="stmt"/>
        <line num="407" count="0" type="stmt"/>
        <line num="422" count="1" type="stmt"/>
        <line num="442" count="1" type="stmt"/>
        <line num="452" count="3" type="stmt"/>
        <line num="459" count="1" type="stmt"/>
        <line num="466" count="225" type="stmt"/>
        <line num="470" count="1" type="stmt"/>
        <line num="494" count="10" type="stmt"/>
        <line num="503" count="1" type="stmt"/>
        <line num="513" count="1" type="cond" truecount="2" falsecount="0"/>
        <line num="520" count="0" type="stmt"/>
        <line num="528" count="6" type="stmt"/>
        <line num="568" count="3" type="stmt"/>
        <line num="586" count="1" type="stmt"/>
      </file>
      <file name="OrderTicket.tsx" path="C:\Users\HRT_15\NomuTrade\frontend\src\components\OrderTicket.tsx">
        <metrics statements="105" coveredstatements="87" conditionals="149" coveredconditionals="108" methods="29" coveredmethods="21"/>
        <line num="22" count="1" type="stmt"/>
        <line num="45" count="38" type="stmt"/>
        <line num="46" count="38" type="stmt"/>
        <line num="47" count="38" type="stmt"/>
        <line num="48" count="38" type="cond" truecount="1" falsecount="1"/>
        <line num="49" count="38" type="cond" truecount="2" falsecount="0"/>
        <line num="50" count="38" type="stmt"/>
        <line num="51" count="38" type="stmt"/>
        <line num="52" count="38" type="cond" truecount="1" falsecount="1"/>
        <line num="53" count="38" type="stmt"/>
        <line num="54" count="38" type="stmt"/>
        <line num="57" count="38" type="stmt"/>
        <line num="58" count="38" type="stmt"/>
        <line num="60" count="38" type="stmt"/>
        <line num="62" count="38" type="stmt"/>
        <line num="63" count="8" type="stmt"/>
        <line num="64" count="8" type="stmt"/>
        <line num="65" count="8" type="stmt"/>
        <line num="66" count="8" type="stmt"/>
        <line num="67" count="8" type="cond" truecount="1" falsecount="1"/>
        <line num="68" count="8" type="stmt"/>
        <line num="69" count="8" type="cond" truecount="1" falsecount="1"/>
        <line num="70" count="0" type="stmt"/>
        <line num="71" count="0" type="cond" truecount="0" falsecount="2"/>
        <line num="78" count="8" type="stmt"/>
        <line num="79" count="8" type="stmt"/>
        <line num="84" count="38" type="stmt"/>
        <line num="85" count="16" type="stmt"/>
        <line num="98" count="38" type="cond" truecount="2" falsecount="0"/>
        <line num="100" count="38" type="cond" truecount="2" falsecount="0"/>
        <line num="101" count="38" type="cond" truecount="2" falsecount="0"/>
        <line num="102" count="38" type="stmt"/>
        <line num="106" count="38" type="stmt"/>
        <line num="107" count="2" type="stmt"/>
        <line num="110" count="38" type="stmt"/>
        <line num="111" count="38" type="stmt"/>
        <line num="112" count="38" type="stmt"/>
        <line num="113" count="38" type="stmt"/>
        <line num="114" count="38" type="stmt"/>
        <line num="115" count="38" type="cond" truecount="3" falsecount="0"/>
        <line num="116" count="38" type="cond" truecount="1" falsecount="2"/>
        <line num="118" count="38" type="cond" truecount="6" falsecount="0"/>
        <line num="124" count="38" type="cond" truecount="6" falsecount="0"/>
        <line num="129" count="38" type="cond" truecount="4" falsecount="0"/>
        <line num="131" count="38" type="cond" truecount="5" falsecount="0"/>
        <line num="137" count="38" type="cond" truecount="2" falsecount="0"/>
        <line num="139" count="38" type="stmt"/>
        <line num="140" count="6" type="stmt"/>
        <line num="141" count="6" type="cond" truecount="1" falsecount="1"/>
        <line num="142" count="0" type="stmt"/>
        <line num="143" count="0" type="stmt"/>
        <line num="145" count="6" type="cond" truecount="1" falsecount="1"/>
        <line num="146" count="0" type="stmt"/>
        <line num="147" count="0" type="stmt"/>
        <line num="149" count="6" type="cond" truecount="5" falsecount="0"/>
        <line num="150" count="1" type="stmt"/>
        <line num="151" count="1" type="stmt"/>
        <line num="153" count="5" type="cond" truecount="4" falsecount="2"/>
        <line num="154" count="1" type="stmt"/>
        <line num="155" count="1" type="stmt"/>
        <line num="157" count="4" type="cond" truecount="2" falsecount="4"/>
        <line num="158" count="0" type="stmt"/>
        <line num="159" count="0" type="stmt"/>
        <line num="161" count="4" type="cond" truecount="4" falsecount="0"/>
        <line num="162" count="1" type="stmt"/>
        <line num="163" count="1" type="stmt"/>
        <line num="166" count="3" type="stmt"/>
        <line num="179" count="6" type="stmt"/>
        <line num="180" count="6" type="stmt"/>
        <line num="182" count="6" type="stmt"/>
        <line num="183" count="2" type="cond" truecount="2" falsecount="0"/>
        <line num="184" count="1" type="stmt"/>
        <line num="185" count="1" type="stmt"/>
        <line num="186" count="1" type="stmt"/>
        <line num="188" count="1" type="stmt"/>
        <line num="189" count="1" type="stmt"/>
        <line num="190" count="1" type="cond" truecount="1" falsecount="1"/>
        <line num="191" count="6" type="stmt"/>
        <line num="192" count="6" type="stmt"/>
        <line num="194" count="1" type="cond" truecount="3" falsecount="1"/>
        <line num="195" count="1" type="stmt"/>
        <line num="196" count="1" type="cond" truecount="1" falsecount="1"/>
        <line num="197" count="0" type="cond" truecount="0" falsecount="2"/>
        <line num="198" count="0" type="cond" truecount="0" falsecount="2"/>
        <line num="200" count="0" type="stmt"/>
        <line num="203" count="3" type="stmt"/>
        <line num="207" count="38" type="stmt"/>
        <line num="212" count="0" type="stmt"/>
        <line num="215" count="38" type="stmt"/>
        <line num="224" count="0" type="stmt"/>
        <line num="226" count="60" type="stmt"/>
        <line num="228" count="60" type="stmt"/>
        <line num="241" count="0" type="stmt"/>
        <line num="248" count="0" type="stmt"/>
        <line num="270" count="1" type="stmt"/>
        <line num="284" count="190" type="stmt"/>
        <line num="287" count="2" type="stmt"/>
        <line num="300" count="114" type="stmt"/>
        <line num="303" count="0" type="stmt"/>
        <line num="321" count="1" type="stmt"/>
        <line num="334" count="0" type="stmt"/>
        <line num="351" count="0" type="stmt"/>
        <line num="366" count="1" type="stmt"/>
        <line num="389" count="6" type="stmt"/>
        <line num="401" count="6" type="stmt"/>
      </file>
      <file name="PositionsTable.tsx" path="C:\Users\HRT_15\NomuTrade\frontend\src\components\PositionsTable.tsx">
        <metrics statements="51" coveredstatements="50" conditionals="42" coveredconditionals="38" methods="23" coveredmethods="21"/>
        <line num="24" count="15" type="stmt"/>
        <line num="25" count="15" type="stmt"/>
        <line num="26" count="15" type="stmt"/>
        <line num="27" count="15" type="stmt"/>
        <line num="28" count="15" type="stmt"/>
        <line num="29" count="15" type="stmt"/>
        <line num="30" count="15" type="stmt"/>
        <line num="33" count="15" type="stmt"/>
        <line num="34" count="6" type="stmt"/>
        <line num="35" count="6" type="stmt"/>
        <line num="38" count="15" type="stmt"/>
        <line num="39" count="7" type="stmt"/>
        <line num="40" count="7" type="stmt"/>
        <line num="41" count="7" type="stmt"/>
        <line num="42" count="18" type="stmt"/>
        <line num="43" count="18" type="cond" truecount="4" falsecount="0"/>
        <line num="44" count="2" type="cond" truecount="2" falsecount="0"/>
        <line num="46" count="18" type="stmt"/>
        <line num="48" count="7" type="cond" truecount="2" falsecount="0"/>
        <line num="49" count="1" type="stmt"/>
        <line num="50" count="1" type="stmt"/>
        <line num="51" count="1" type="stmt"/>
        <line num="54" count="15" type="stmt"/>
        <line num="55" count="39" type="stmt"/>
        <line num="57" count="15" type="cond" truecount="2" falsecount="0"/>
        <line num="58" count="15" type="stmt"/>
        <line num="59" count="39" type="stmt"/>
        <line num="60" count="39" type="stmt"/>
        <line num="62" count="26" type="cond" truecount="2" falsecount="0"/>
        <line num="64" count="15" type="stmt"/>
        <line num="68" count="39" type="stmt"/>
        <line num="70" count="1" type="stmt"/>
        <line num="72" count="39" type="stmt"/>
        <line num="73" count="39" type="stmt"/>
        <line num="74" count="39" type="stmt"/>
        <line num="75" count="39" type="stmt"/>
        <line num="80" count="39" type="stmt"/>
        <line num="81" count="39" type="stmt"/>
        <line num="93" count="39" type="cond" truecount="2" falsecount="0"/>
        <line num="94" count="26" type="stmt"/>
        <line num="95" count="26" type="stmt"/>
        <line num="107" count="39" type="cond" truecount="1" falsecount="1"/>
        <line num="108" count="39" type="stmt"/>
        <line num="125" count="39" type="stmt"/>
        <line num="134" count="39" type="stmt"/>
        <line num="135" count="39" type="cond" truecount="1" falsecount="1"/>
        <line num="136" count="39" type="stmt"/>
        <line num="149" count="33" type="stmt"/>
        <line num="153" count="1" type="stmt"/>
        <line num="154" count="1" type="stmt"/>
        <line num="202" count="0" type="stmt"/>
      </file>
      <file name="PriceChart.tsx" path="C:\Users\HRT_15\NomuTrade\frontend\src\components\PriceChart.tsx">
        <metrics statements="138" coveredstatements="113" conditionals="156" coveredconditionals="121" methods="54" coveredmethods="50"/>
        <line num="20" count="81" type="cond" truecount="2" falsecount="0"/>
        <line num="26" count="1" type="cond" truecount="3" falsecount="0"/>
        <line num="58" count="81" type="stmt"/>
        <line num="59" count="81" type="stmt"/>
        <line num="62" count="40" type="stmt"/>
        <line num="63" count="34" type="stmt"/>
        <line num="64" count="34" type="cond" truecount="1" falsecount="1"/>
        <line num="65" count="34" type="stmt"/>
        <line num="66" count="34" type="cond" truecount="2" falsecount="0"/>
        <line num="68" count="34" type="stmt"/>
        <line num="71" count="40" type="cond" truecount="4" falsecount="0"/>
        <line num="72" count="40" type="cond" truecount="4" falsecount="0"/>
        <line num="74" count="40" type="cond" truecount="2" falsecount="0"/>
        <line num="75" count="40" type="cond" truecount="2" falsecount="0"/>
        <line num="77" count="40" type="cond" truecount="4" falsecount="0"/>
        <line num="80" count="40" type="cond" truecount="1" falsecount="1"/>
        <line num="83" count="40" type="cond" truecount="4" falsecount="0"/>
        <line num="84" count="40" type="cond" truecount="2" falsecount="0"/>
        <line num="85" count="40" type="cond" truecount="2" falsecount="0"/>
        <line num="86" count="40" type="stmt"/>
        <line num="87" count="40" type="stmt"/>
        <line num="88" count="40" type="stmt"/>
        <line num="89" count="40" type="stmt"/>
        <line num="90" count="84" type="stmt"/>
        <line num="96" count="84" type="cond" truecount="2" falsecount="0"/>
        <line num="97" count="84" type="stmt"/>
        <line num="99" count="40" type="cond" truecount="2" falsecount="0"/>
        <line num="100" count="40" type="cond" truecount="3" falsecount="1"/>
        <line num="101" count="40" type="stmt"/>
        <line num="103" count="84" type="stmt"/>
        <line num="113" count="84" type="stmt"/>
        <line num="118" count="40" type="stmt"/>
        <line num="124" count="81" type="stmt"/>
        <line num="144" count="0" type="stmt"/>
        <line num="161" count="81" type="stmt"/>
        <line num="170" count="40" type="stmt"/>
        <line num="182" count="40" type="cond" truecount="4" falsecount="0"/>
        <line num="183" count="21" type="stmt"/>
        <line num="185" count="40" type="cond" truecount="4" falsecount="0"/>
        <line num="186" count="4" type="stmt"/>
        <line num="188" count="40" type="cond" truecount="4" falsecount="0"/>
        <line num="189" count="1" type="stmt"/>
        <line num="190" count="1" type="stmt"/>
        <line num="191" count="1" type="stmt"/>
        <line num="192" count="1" type="stmt"/>
        <line num="195" count="40" type="cond" truecount="2" falsecount="0"/>
        <line num="196" count="3" type="stmt"/>
        <line num="201" count="3" type="stmt"/>
        <line num="214" count="40" type="cond" truecount="2" falsecount="0"/>
        <line num="215" count="1" type="stmt"/>
        <line num="221" count="3" type="stmt"/>
        <line num="233" count="1" type="stmt"/>
        <line num="243" count="1" type="stmt"/>
        <line num="251" count="40" type="stmt"/>
        <line num="271" count="84" type="stmt"/>
        <line num="277" count="84" type="stmt"/>
        <line num="302" count="29" type="cond" truecount="2" falsecount="2"/>
        <line num="303" count="0" type="stmt"/>
        <line num="304" count="0" type="stmt"/>
        <line num="305" count="0" type="cond" truecount="0" falsecount="2"/>
        <line num="306" count="0" type="cond" truecount="0" falsecount="2"/>
        <line num="307" count="0" type="stmt"/>
        <line num="308" count="0" type="stmt"/>
        <line num="309" count="0" type="cond" truecount="0" falsecount="2"/>
        <line num="310" count="0" type="cond" truecount="0" falsecount="2"/>
        <line num="311" count="0" type="stmt"/>
        <line num="318" count="0" type="stmt"/>
        <line num="319" count="0" type="stmt"/>
        <line num="326" count="0" type="stmt"/>
        <line num="327" count="0" type="stmt"/>
        <line num="328" count="0" type="cond" truecount="0" falsecount="2"/>
        <line num="329" count="0" type="cond" truecount="0" falsecount="2"/>
        <line num="330" count="0" type="stmt"/>
        <line num="341" count="0" type="stmt"/>
        <line num="354" count="60" type="stmt"/>
        <line num="355" count="60" type="stmt"/>
        <line num="362" count="60" type="stmt"/>
        <line num="363" count="60" type="stmt"/>
        <line num="364" count="60" type="stmt"/>
        <line num="367" count="60" type="stmt"/>
        <line num="369" count="60" type="stmt"/>
        <line num="374" count="60" type="stmt"/>
        <line num="375" count="60" type="stmt"/>
        <line num="376" count="60" type="stmt"/>
        <line num="377" count="60" type="stmt"/>
        <line num="379" count="60" type="stmt"/>
        <line num="382" count="0" type="stmt"/>
        <line num="383" count="0" type="cond" truecount="0" falsecount="2"/>
        <line num="384" count="0" type="stmt"/>
        <line num="385" count="0" type="stmt"/>
        <line num="390" count="60" type="stmt"/>
        <line num="391" count="11" type="stmt"/>
        <line num="392" count="0" type="cond" truecount="0" falsecount="4"/>
        <line num="393" count="0" type="stmt"/>
        <line num="394" count="0" type="stmt"/>
        <line num="396" count="11" type="stmt"/>
        <line num="399" count="60" type="stmt"/>
        <line num="400" count="12" type="stmt"/>
        <line num="401" count="12" type="stmt"/>
        <line num="402" count="12" type="stmt"/>
        <line num="405" count="60" type="stmt"/>
        <line num="406" count="80" type="cond" truecount="2" falsecount="0"/>
        <line num="410" count="60" type="stmt"/>
        <line num="411" count="18" type="cond" truecount="1" falsecount="1"/>
        <line num="412" count="18" type="cond" truecount="2" falsecount="0"/>
        <line num="413" count="18" type="stmt"/>
        <line num="414" count="18" type="stmt"/>
        <line num="417" count="17" type="stmt"/>
        <line num="418" count="17" type="stmt"/>
        <line num="419" count="17" type="cond" truecount="2" falsecount="0"/>
        <line num="420" count="15" type="stmt"/>
        <line num="423" count="15" type="stmt"/>
        <line num="425" count="2" type="stmt"/>
        <line num="430" count="17" type="stmt"/>
        <line num="436" count="60" type="stmt"/>
        <line num="438" count="18" type="stmt"/>
        <line num="444" count="60" type="stmt"/>
        <line num="445" count="29" type="cond" truecount="3" falsecount="1"/>
        <line num="448" count="60" type="stmt"/>
        <line num="449" count="40" type="stmt"/>
        <line num="454" count="60" type="stmt"/>
        <line num="456" count="60" type="stmt"/>
        <line num="457" count="1" type="stmt"/>
        <line num="459" count="1" type="cond" truecount="1" falsecount="1"/>
        <line num="464" count="1" type="stmt"/>
        <line num="467" count="60" type="stmt"/>
        <line num="471" count="60" type="stmt"/>
        <line num="472" count="1" type="stmt"/>
        <line num="477" count="1" type="cond" truecount="1" falsecount="1"/>
        <line num="478" count="1" type="cond" truecount="3" falsecount="1"/>
        <line num="479" count="1" type="stmt"/>
        <line num="483" count="60" type="stmt"/>
        <line num="484" count="11" type="stmt"/>
        <line num="493" count="60" type="cond" truecount="5" falsecount="0"/>
        <line num="499" count="60" type="cond" truecount="4" falsecount="0"/>
        <line num="503" count="60" type="stmt"/>
        <line num="508" count="285" type="cond" truecount="2" falsecount="0"/>
        <line num="512" count="6" type="stmt"/>
      </file>
      <file name="RiskPanel.tsx" path="C:\Users\HRT_15\NomuTrade\frontend\src\components\RiskPanel.tsx">
        <metrics statements="34" coveredstatements="31" conditionals="85" coveredconditionals="60" methods="7" coveredmethods="7"/>
        <line num="9" count="6" type="cond" truecount="1" falsecount="1"/>
        <line num="10" count="0" type="cond" truecount="0" falsecount="2"/>
        <line num="11" count="0" type="stmt"/>
        <line num="15" count="5" type="cond" truecount="1" falsecount="1"/>
        <line num="16" count="5" type="cond" truecount="1" falsecount="1"/>
        <line num="17" count="0" type="stmt"/>
        <line num="22" count="24" type="cond" truecount="2" falsecount="0"/>
        <line num="23" count="24" type="stmt"/>
        <line num="24" count="24" type="stmt"/>
        <line num="43" count="7" type="stmt"/>
        <line num="44" count="7" type="cond" truecount="2" falsecount="0"/>
        <line num="45" count="1" type="stmt"/>
        <line num="55" count="6" type="stmt"/>
        <line num="56" count="6" type="stmt"/>
        <line num="57" count="6" type="stmt"/>
        <line num="58" count="6" type="stmt"/>
        <line num="59" count="6" type="cond" truecount="1" falsecount="1"/>
        <line num="60" count="7" type="stmt"/>
        <line num="63" count="7" type="stmt"/>
        <line num="64" count="7" type="cond" truecount="4" falsecount="2"/>
        <line num="65" count="7" type="stmt"/>
        <line num="66" count="7" type="cond" truecount="4" falsecount="2"/>
        <line num="67" count="7" type="stmt"/>
        <line num="68" count="7" type="cond" truecount="3" falsecount="3"/>
        <line num="69" count="7" type="stmt"/>
        <line num="70" count="7" type="cond" truecount="4" falsecount="2"/>
        <line num="71" count="7" type="stmt"/>
        <line num="73" count="7" type="cond" truecount="1" falsecount="1"/>
        <line num="76" count="7" type="cond" truecount="1" falsecount="1"/>
        <line num="77" count="12" type="cond" truecount="1" falsecount="1"/>
        <line num="78" count="7" type="stmt"/>
        <line num="79" count="7" type="cond" truecount="1" falsecount="1"/>
        <line num="81" count="7" type="stmt"/>
        <line num="178" count="10" type="stmt"/>
      </file>
      <file name="StatCard.tsx" path="C:\Users\HRT_15\NomuTrade\frontend\src\components\StatCard.tsx">
        <metrics statements="1" coveredstatements="1" conditionals="3" coveredconditionals="3" methods="1" coveredmethods="1"/>
        <line num="11" count="210" type="stmt"/>
      </file>
      <file name="TickerTape.tsx" path="C:\Users\HRT_15\NomuTrade\frontend\src\components\TickerTape.tsx">
        <metrics statements="65" coveredstatements="64" conditionals="86" coveredconditionals="68" methods="22" coveredmethods="21"/>
        <line num="25" count="1" type="stmt"/>
        <line num="26" count="1" type="stmt"/>
        <line num="27" count="1" type="stmt"/>
        <line num="31" count="17" type="cond" truecount="2" falsecount="0"/>
        <line num="32" count="2" type="stmt"/>
        <line num="33" count="2" type="stmt"/>
        <line num="34" count="2" type="cond" truecount="1" falsecount="1"/>
        <line num="35" count="17" type="stmt"/>
        <line num="38" count="4" type="stmt"/>
        <line num="45" count="17" type="stmt"/>
        <line num="61" count="12" type="stmt"/>
        <line num="62" count="12" type="stmt"/>
        <line num="64" count="48" type="stmt"/>
        <line num="69" count="12" type="stmt"/>
        <line num="70" count="6" type="cond" truecount="1" falsecount="1"/>
        <line num="72" count="12" type="stmt"/>
        <line num="73" count="1" type="stmt"/>
        <line num="74" count="1" type="stmt"/>
        <line num="76" count="12" type="stmt"/>
        <line num="77" count="36" type="cond" truecount="2" falsecount="0"/>
        <line num="82" count="12" type="cond" truecount="4" falsecount="0"/>
        <line num="83" count="6" type="stmt"/>
        <line num="87" count="12" type="stmt"/>
        <line num="88" count="12" type="stmt"/>
        <line num="89" count="6" type="stmt"/>
        <line num="90" count="24" type="cond" truecount="1" falsecount="1"/>
        <line num="91" count="24" type="cond" truecount="2" falsecount="0"/>
        <line num="92" count="24" type="cond" truecount="2" falsecount="2"/>
        <line num="93" count="24" type="stmt"/>
        <line num="94" count="24" type="cond" truecount="1" falsecount="1"/>
        <line num="95" count="24" type="stmt"/>
        <line num="103" count="12" type="stmt"/>
        <line num="104" count="12" type="stmt"/>
        <line num="105" count="12" type="stmt"/>
        <line num="106" count="12" type="stmt"/>
        <line num="108" count="12" type="stmt"/>
        <line num="111" count="2" type="stmt"/>
        <line num="112" count="2" type="stmt"/>
        <line num="113" count="2" type="stmt"/>
        <line num="118" count="12" type="stmt"/>
        <line num="119" count="6" type="stmt"/>
        <line num="120" count="3" type="cond" truecount="2" falsecount="0"/>
        <line num="121" count="2" type="stmt"/>
        <line num="122" count="2" type="stmt"/>
        <line num="123" count="2" type="cond" truecount="1" falsecount="1"/>
        <line num="124" count="2" type="cond" truecount="3" falsecount="1"/>
        <line num="125" count="2" type="stmt"/>
        <line num="126" count="2" type="cond" truecount="1" falsecount="1"/>
        <line num="127" count="2" type="stmt"/>
        <line num="130" count="2" type="stmt"/>
        <line num="132" count="6" type="stmt"/>
        <line num="137" count="12" type="cond" truecount="4" falsecount="0"/>
        <line num="138" count="12" type="cond" truecount="2" falsecount="0"/>
        <line num="139" count="12" type="cond" truecount="2" falsecount="0"/>
        <line num="143" count="12" type="cond" truecount="4" falsecount="0"/>
        <line num="145" count="12" type="stmt"/>
        <line num="151" count="1" type="stmt"/>
        <line num="155" count="24" type="stmt"/>
        <line num="184" count="0" type="stmt"/>
        <line num="191" count="1" type="stmt"/>
        <line num="197" count="22" type="cond" truecount="2" falsecount="0"/>
        <line num="199" count="22" type="cond" truecount="4" falsecount="0"/>
        <line num="200" count="22" type="cond" truecount="2" falsecount="0"/>
        <line num="201" count="22" type="stmt"/>
        <line num="205" count="1" type="stmt"/>
      </file>
      <file name="Toast.tsx" path="C:\Users\HRT_15\NomuTrade\frontend\src\components\Toast.tsx">
        <metrics statements="18" coveredstatements="16" conditionals="5" coveredconditionals="3" methods="11" coveredmethods="10"/>
        <line num="17" count="24" type="stmt"/>
        <line num="20" count="155" type="stmt"/>
        <line num="21" count="155" type="stmt"/>
        <line num="23" count="155" type="cond" truecount="1" falsecount="0"/>
        <line num="24" count="48" type="stmt"/>
        <line num="25" count="48" type="stmt"/>
        <line num="26" count="48" type="stmt"/>
        <line num="27" count="1" type="stmt"/>
        <line num="32" count="155" type="stmt"/>
        <line num="33" count="107" type="stmt"/>
        <line num="34" count="0" type="cond" truecount="0" falsecount="2"/>
        <line num="35" count="0" type="stmt"/>
        <line num="37" count="107" type="stmt"/>
        <line num="40" count="155" type="stmt"/>
        <line num="45" count="57" type="stmt"/>
        <line num="55" count="355" type="stmt"/>
        <line num="56" count="355" type="cond" truecount="2" falsecount="0"/>
        <line num="57" count="350" type="stmt"/>
      </file>
      <file name="chartTheme.ts" path="C:\Users\HRT_15\NomuTrade\frontend\src\components\chartTheme.ts">
        <metrics statements="4" coveredstatements="4" conditionals="0" coveredconditionals="0" methods="2" coveredmethods="2"/>
        <line num="3" count="3" type="stmt"/>
        <line num="14" count="3" type="stmt"/>
        <line num="23" count="109" type="stmt"/>
        <line num="34" count="109" type="stmt"/>
      </file>
      <file name="orderUtils.ts" path="C:\Users\HRT_15\NomuTrade\frontend\src\components\orderUtils.ts">
        <metrics statements="18" coveredstatements="18" conditionals="28" coveredconditionals="28" methods="5" coveredmethods="5"/>
        <line num="9" count="130" type="cond" truecount="2" falsecount="0"/>
        <line num="14" count="13" type="cond" truecount="4" falsecount="0"/>
        <line num="15" count="11" type="cond" truecount="2" falsecount="0"/>
        <line num="16" count="10" type="cond" truecount="2" falsecount="0"/>
        <line num="17" count="8" type="stmt"/>
        <line num="18" count="9" type="cond" truecount="2" falsecount="0"/>
        <line num="19" count="6" type="cond" truecount="4" falsecount="0"/>
        <line num="20" count="5" type="stmt"/>
        <line num="21" count="5" type="cond" truecount="2" falsecount="0"/>
        <line num="23" count="5" type="cond" truecount="2" falsecount="0"/>
        <line num="28" count="5" type="stmt"/>
        <line num="29" count="5" type="cond" truecount="2" falsecount="0"/>
        <line num="31" count="1" type="stmt"/>
        <line num="34" count="2" type="cond" truecount="2" falsecount="0"/>
        <line num="35" count="1" type="stmt"/>
        <line num="36" count="2" type="cond" truecount="2" falsecount="0"/>
        <line num="39" count="1" type="stmt"/>
        <line num="49" count="13" type="stmt"/>
      </file>
    </package>
    <package name="src.i18n">
      <metrics statements="26" coveredstatements="25" conditionals="8" coveredconditionals="8" methods="8" coveredmethods="8"/>
      <file name="en.ts" path="C:\Users\HRT_15\NomuTrade\frontend\src\i18n\en.ts">
        <metrics statements="1" coveredstatements="1" conditionals="0" coveredconditionals="0" methods="0" coveredmethods="0"/>
        <line num="3" count="32" type="stmt"/>
      </file>
      <file name="index.tsx" path="C:\Users\HRT_15\NomuTrade\frontend\src\i18n\index.tsx">
        <metrics statements="20" coveredstatements="20" conditionals="6" coveredconditionals="6" methods="7" coveredmethods="7"/>
        <line num="18" count="32" type="stmt"/>
        <line num="20" count="32" type="stmt"/>
        <line num="23" count="214" type="stmt"/>
        <line num="25" count="214" type="stmt"/>
        <line num="26" count="1" type="stmt"/>
        <line num="27" count="1" type="stmt"/>
        <line num="28" count="1" type="stmt"/>
        <line num="34" count="214" type="stmt"/>
        <line num="35" count="211" type="stmt"/>
        <line num="38" count="214" type="stmt"/>
        <line num="40" count="9003" type="cond" truecount="2" falsecount="0"/>
        <line num="41" count="9003" type="cond" truecount="2" falsecount="0"/>
        <line num="42" count="401" type="stmt"/>
        <line num="43" count="468" type="stmt"/>
        <line num="46" count="9003" type="stmt"/>
        <line num="51" count="214" type="stmt"/>
        <line num="53" count="214" type="stmt"/>
        <line num="57" count="1519" type="stmt"/>
        <line num="58" count="1519" type="cond" truecount="2" falsecount="0"/>
        <line num="59" count="1514" type="stmt"/>
      </file>
      <file name="ja.ts" path="C:\Users\HRT_15\NomuTrade\frontend\src\i18n\ja.ts">
        <metrics statements="1" coveredstatements="1" conditionals="0" coveredconditionals="0" methods="0" coveredmethods="0"/>
        <line num="5" count="32" type="stmt"/>
      </file>
      <file name="lang.ts" path="C:\Users\HRT_15\NomuTrade\frontend\src\i18n\lang.ts">
        <metrics statements="4" coveredstatements="3" conditionals="2" coveredconditionals="2" methods="1" coveredmethods="1"/>
        <line num="4" count="33" type="stmt"/>
        <line num="8" count="2328" type="stmt"/>
        <line num="9" count="2328" type="cond" truecount="2" falsecount="0"/>
        <line num="11" count="0" type="stmt"/>
      </file>
    </package>
    <package name="src.pages">
      <metrics statements="1268" coveredstatements="1136" conditionals="774" coveredconditionals="606" methods="558" coveredmethods="452"/>
      <file name="Access.tsx" path="C:\Users\HRT_15\NomuTrade\frontend\src\pages\Access.tsx">
        <metrics statements="65" coveredstatements="60" conditionals="27" coveredconditionals="23" methods="26" coveredmethods="25"/>
        <line num="13" count="1" type="stmt"/>
        <line num="16" count="26" type="cond" truecount="2" falsecount="0"/>
        <line num="17" count="13" type="stmt"/>
        <line num="18" count="13" type="cond" truecount="2" falsecount="0"/>
        <line num="23" count="17" type="stmt"/>
        <line num="24" count="17" type="stmt"/>
        <line num="25" count="17" type="stmt"/>
        <line num="26" count="17" type="stmt"/>
        <line num="28" count="17" type="stmt"/>
        <line num="29" count="17" type="stmt"/>
        <line num="30" count="17" type="stmt"/>
        <line num="31" count="17" type="stmt"/>
        <line num="32" count="17" type="stmt"/>
        <line num="37" count="17" type="stmt"/>
        <line num="38" count="6" type="stmt"/>
        <line num="39" count="6" type="stmt"/>
        <line num="40" count="6" type="stmt"/>
        <line num="41" count="6" type="cond" truecount="2" falsecount="1"/>
        <line num="47" count="17" type="stmt"/>
        <line num="48" count="6" type="stmt"/>
        <line num="49" count="6" type="stmt"/>
        <line num="52" count="17" type="stmt"/>
        <line num="53" count="6" type="stmt"/>
        <line num="56" count="17" type="stmt"/>
        <line num="58" count="4" type="stmt"/>
        <line num="64" count="17" type="stmt"/>
        <line num="65" count="2" type="stmt"/>
        <line num="66" count="2" type="cond" truecount="1" falsecount="1"/>
        <line num="67" count="0" type="stmt"/>
        <line num="68" count="0" type="stmt"/>
        <line num="70" count="2" type="cond" truecount="2" falsecount="0"/>
        <line num="71" count="1" type="stmt"/>
        <line num="72" count="1" type="stmt"/>
        <line num="74" count="1" type="cond" truecount="3" falsecount="1"/>
        <line num="75" count="0" type="stmt"/>
        <line num="76" count="0" type="stmt"/>
        <line num="78" count="1" type="stmt"/>
        <line num="79" count="1" type="stmt"/>
        <line num="80" count="1" type="stmt"/>
        <line num="89" count="1" type="stmt"/>
        <line num="97" count="1" type="stmt"/>
        <line num="98" count="1" type="stmt"/>
        <line num="102" count="1" type="stmt"/>
        <line num="106" count="17" type="stmt"/>
        <line num="107" count="1" type="stmt"/>
        <line num="108" count="1" type="stmt"/>
        <line num="109" count="1" type="stmt"/>
        <line num="110" count="1" type="stmt"/>
        <line num="116" count="17" type="stmt"/>
        <line num="129" count="1" type="stmt"/>
        <line num="132" count="26" type="stmt"/>
        <line num="144" count="0" type="stmt"/>
        <line num="152" count="1" type="stmt"/>
        <line num="161" count="1" type="stmt"/>
        <line num="170" count="2" type="stmt"/>
        <line num="183" count="26" type="stmt"/>
        <line num="186" count="26" type="stmt"/>
        <line num="187" count="26" type="stmt"/>
        <line num="191" count="26" type="stmt"/>
        <line num="193" count="26" type="cond" truecount="2" falsecount="0"/>
        <line num="194" count="26" type="stmt"/>
        <line num="195" count="26" type="stmt"/>
        <line num="196" count="26" type="stmt"/>
        <line num="200" count="26" type="cond" truecount="2" falsecount="0"/>
[...]
        <line num="26" count="1" type="stmt"/>
        <line num="36" count="23" type="cond" truecount="1" falsecount="0"/>
        <line num="37" count="23" type="stmt"/>
        <line num="38" count="23" type="stmt"/>
        <line num="39" count="23" type="stmt"/>
        <line num="40" count="23" type="stmt"/>
        <line num="41" count="23" type="stmt"/>
        <line num="42" count="23" type="stmt"/>
        <line num="43" count="23" type="stmt"/>
        <line num="44" count="23" type="stmt"/>
        <line num="45" count="23" type="stmt"/>
        <line num="48" count="23" type="stmt"/>
        <line num="49" count="23" type="stmt"/>
        <line num="50" count="23" type="stmt"/>
        <line num="51" count="23" type="stmt"/>
        <line num="52" count="23" type="stmt"/>
        <line num="53" count="23" type="stmt"/>
        <line num="55" count="23" type="stmt"/>
        <line num="57" count="5" type="stmt"/>
        <line num="58" count="5" type="stmt"/>
        <line num="63" count="5" type="cond" truecount="1" falsecount="1"/>
        <line num="64" count="5" type="stmt"/>
        <line num="65" count="5" type="stmt"/>
        <line num="72" count="23" type="stmt"/>
        <line num="73" count="2" type="stmt"/>
        <line num="76" count="2" type="stmt"/>
        <line num="79" count="23" type="stmt"/>
        <line num="81" count="9" type="cond" truecount="2" falsecount="0"/>
        <line num="87" count="23" type="stmt"/>
        <line num="89" count="4" type="stmt"/>
        <line num="100" count="4" type="cond" truecount="2" falsecount="0"/>
        <line num="101" count="4" type="stmt"/>
        <line num="106" count="23" type="stmt"/>
        <line num="108" count="9" type="cond" truecount="2" falsecount="0"/>
        <line num="114" count="23" type="stmt"/>
        <line num="115" count="7" type="cond" truecount="2" falsecount="0"/>
        <line num="116" count="7" type="stmt"/>
        <line num="121" count="0" type="stmt"/>
        <line num="127" count="4" type="stmt"/>
        <line num="133" count="4" type="stmt"/>
        <line num="146" count="23" type="stmt"/>
        <line num="147" count="11" type="cond" truecount="2" falsecount="0"/>
        <line num="148" count="6" type="cond" truecount="2" falsecount="0"/>
        <line num="149" count="5" type="stmt"/>
        <line num="154" count="1" type="stmt"/>
        <line num="155" count="1" type="stmt"/>
        <line num="156" count="1" type="stmt"/>
        <line num="157" count="1" type="stmt"/>
        <line num="161" count="1" type="cond" truecount="1" falsecount="1"/>
        <line num="162" count="1" type="cond" truecount="1" falsecount="1"/>
        <line num="163" count="1" type="stmt"/>
        <line num="166" count="23" type="stmt"/>
        <line num="167" count="11" type="stmt"/>
        <line num="169" count="0" type="stmt"/>
        <line num="181" count="7" type="stmt"/>
        <line num="197" count="23" type="stmt"/>
        <line num="198" count="10" type="cond" truecount="2" falsecount="0"/>
        <line num="200" count="10" type="cond" truecount="1" falsecount="1"/>
        <line num="201" count="5" type="stmt"/>
        <line num="203" count="0" type="stmt"/>
        <line num="204" count="0" type="stmt"/>
        <line num="205" count="10" type="stmt"/>
        <line num="208" count="23" type="stmt"/>
        <line num="209" count="10" type="stmt"/>
        <line num="214" count="0" type="stmt"/>
        <line num="221" count="5" type="stmt"/>
        <line num="228" count="5" type="stmt"/>
        <line num="237" count="0" type="stmt"/>
        <line num="245" count="23" type="cond" truecount="4" falsecount="0"/>
        <line num="246" count="5" type="stmt"/>
        <line num="253" count="17" type="stmt"/>
        <line num="304" count="17" type="stmt"/>
        <line num="313" count="51" type="stmt"/>
        <line num="316" count="3" type="stmt"/>
        <line num="333" count="0" type="stmt"/>
        <line num="340" count="1" type="stmt"/>
        <line num="360" count="0" type="stmt"/>
        <line num="367" count="0" type="stmt"/>
        <line num="386" count="6" type="stmt"/>
        <line num="389" count="6" type="stmt"/>
        <line num="390" count="6" type="stmt"/>
        <line num="391" count="6" type="stmt"/>
        <line num="392" count="6" type="stmt"/>
        <line num="393" count="6" type="stmt"/>
        <line num="398" count="6" type="stmt"/>
        <line num="404" count="6" type="stmt"/>
        <line num="409" count="6" type="stmt"/>
        <line num="431" count="0" type="stmt"/>
        <line num="435" count="0" type="stmt"/>
        <line num="442" count="1" type="stmt"/>
        <line num="448" count="0" type="stmt"/>
        <line num="457" count="6" type="stmt"/>
        <line num="460" count="6" type="stmt"/>
        <line num="461" count="6" type="stmt"/>
        <line num="462" count="6" type="stmt"/>
        <line num="463" count="6" type="stmt"/>
        <line num="464" count="6" type="stmt"/>
        <line num="465" count="6" type="stmt"/>
        <line num="466" count="6" type="stmt"/>
        <line num="471" count="1" type="stmt"/>
        <line num="485" count="24" type="stmt"/>
        <line num="488" count="1" type="stmt"/>
      </file>
      <file name="Portfolios.tsx" path="C:\Users\HRT_15\NomuTrade\frontend\src\pages\Portfolios.tsx">
        <metrics statements="41" coveredstatements="37" conditionals="16" coveredconditionals="10" methods="18" coveredmethods="14"/>
        <line num="20" count="21" type="stmt"/>
        <line num="21" count="21" type="stmt"/>
        <line num="22" count="21" type="stmt"/>
        <line num="23" count="21" type="stmt"/>
        <line num="24" count="21" type="stmt"/>
        <line num="25" count="21" type="stmt"/>
        <line num="26" count="21" type="stmt"/>
        <line num="27" count="21" type="stmt"/>
        <line num="29" count="21" type="stmt"/>
        <line num="30" count="6" type="stmt"/>
        <line num="31" count="6" type="stmt"/>
        <line num="32" count="6" type="stmt"/>
        <line num="38" count="21" type="stmt"/>
        <line num="40" count="4" type="stmt"/>
        <line num="46" count="21" type="stmt"/>
        <line num="47" count="2" type="stmt"/>
        <line num="48" count="2" type="stmt"/>
        <line num="49" count="2" type="stmt"/>
        <line num="50" count="2" type="stmt"/>
        <line num="51" count="2" type="cond" truecount="4" falsecount="0"/>
        <line num="52" count="2" type="stmt"/>
        <line num="53" count="2" type="stmt"/>
        <line num="54" count="2" type="stmt"/>
        <line num="55" count="2" type="stmt"/>
        <line num="56" count="2" type="stmt"/>
        <line num="60" count="2" type="stmt"/>
        <line num="64" count="21" type="stmt"/>
        <line num="70" count="2" type="stmt"/>
        <line num="80" count="30" type="stmt"/>
        <line num="82" count="1" type="stmt"/>
        <line num="84" count="30" type="stmt"/>
        <line num="85" count="30" type="stmt"/>
        <line num="86" count="30" type="stmt"/>
        <line num="90" count="30" type="stmt"/>
        <line num="99" count="0" type="stmt"/>
        <line num="102" count="0" type="stmt"/>
        <line num="108" count="2" type="stmt"/>
        <line num="120" count="2" type="stmt"/>
        <line num="123" count="0" type="cond" truecount="0" falsecount="3"/>
        <line num="130" count="1" type="stmt"/>
        <line num="133" count="0" type="cond" truecount="0" falsecount="3"/>
      </file>
      <file name="Reports.tsx" path="C:\Users\HRT_15\NomuTrade\frontend\src\pages\Reports.tsx">
        <metrics statements="104" coveredstatements="95" conditionals="35" coveredconditionals="30" methods="49" coveredmethods="42"/>
        <line num="20" count="1" type="stmt"/>
        <line num="21" count="1" type="stmt"/>
        <line num="22" count="1" type="stmt"/>
        <line num="26" count="1" type="stmt"/>
        <line num="29" count="22" type="stmt"/>
        <line num="30" count="22" type="stmt"/>
        <line num="31" count="22" type="stmt"/>
        <line num="32" count="22" type="stmt"/>
        <line num="33" count="22" type="stmt"/>
        <line num="35" count="22" type="stmt"/>
        <line num="36" count="22" type="stmt"/>
        <line num="37" count="22" type="stmt"/>
        <line num="38" count="22" type="stmt"/>
        <line num="39" count="22" type="stmt"/>
        <line num="40" count="22" type="stmt"/>
        <line num="41" count="22" type="stmt"/>
        <line num="43" count="22" type="stmt"/>
        <line num="44" count="22" type="stmt"/>
        <line num="45" count="22" type="stmt"/>
        <line num="46" count="22" type="stmt"/>
        <line num="47" count="22" type="stmt"/>
        <line num="48" count="22" type="stmt"/>
        <line num="50" count="22" type="stmt"/>
        <line num="51" count="6" type="stmt"/>
        <line num="55" count="6" type="stmt"/>
        <line num="56" count="6" type="stmt"/>
        <line num="57" count="6" type="cond" truecount="2" falsecount="1"/>
        <line num="58" count="6" type="cond" truecount="2" falsecount="1"/>
        <line num="61" count="22" type="stmt"/>
        <line num="62" count="7" type="stmt"/>
        <line num="63" count="7" type="stmt"/>
        <line num="66" count="22" type="stmt"/>
        <line num="68" count="5" type="stmt"/>
        <line num="74" count="22" type="stmt"/>
        <line num="76" count="5" type="stmt"/>
        <line num="82" count="22" type="stmt"/>
        <line num="83" count="2" type="cond" truecount="5" falsecount="0"/>
        <line num="84" count="1" type="stmt"/>
        <line num="85" count="1" type="stmt"/>
        <line num="87" count="1" type="stmt"/>
        <line num="88" count="1" type="stmt"/>
        <line num="89" count="1" type="stmt"/>
        <line num="99" count="1" type="stmt"/>
        <line num="100" count="1" type="stmt"/>
        <line num="104" count="1" type="stmt"/>
        <line num="108" count="22" type="stmt"/>
        <line num="109" count="1" type="stmt"/>
        <line num="110" count="1" type="stmt"/>
        <line num="111" count="1" type="stmt"/>
        <line num="119" count="1" type="stmt"/>
        <line num="123" count="22" type="stmt"/>
        <line num="124" count="1" type="cond" truecount="1" falsecount="1"/>
        <line num="125" count="0" type="stmt"/>
        <line num="126" count="0" type="stmt"/>
        <line num="128" count="1" type="stmt"/>
        <line num="129" count="1" type="stmt"/>
        <line num="130" count="1" type="stmt"/>
        <line num="139" count="1" type="stmt"/>
        <line num="140" count="1" type="stmt"/>
        <line num="144" count="1" type="stmt"/>
        <line num="148" count="22" type="stmt"/>
        <line num="149" count="1" type="stmt"/>
        <line num="150" count="1" type="stmt"/>
        <line num="151" count="1" type="stmt"/>
        <line num="152" count="1" type="stmt"/>
        <line num="153" count="1" type="stmt"/>
        <line num="157" count="1" type="stmt"/>
        <line num="161" count="22" type="stmt"/>
        <line num="174" count="0" type="stmt"/>
        <line num="176" count="66" type="stmt"/>
        <line num="184" count="0" type="stmt"/>
        <line num="187" count="17" type="stmt"/>
        <line num="198" count="1" type="stmt"/>
        <line num="203" count="1" type="stmt"/>
        <line num="207" count="0" type="stmt"/>
        <line num="209" count="44" type="stmt"/>
        <line num="218" count="2" type="stmt"/>
        <line num="235" count="0" type="stmt"/>
        <line num="239" count="17" type="stmt"/>
        <line num="249" count="0" type="stmt"/>
        <line num="252" count="66" type="stmt"/>
        <line num="262" count="0" type="stmt"/>
        <line num="265" count="44" type="stmt"/>
        <line num="275" count="0" type="stmt"/>
        <line num="278" count="44" type="stmt"/>
        <line num="287" count="1" type="stmt"/>
        <line num="294" count="16" type="stmt"/>
        <line num="297" count="16" type="stmt"/>
        <line num="301" count="16" type="cond" truecount="1" falsecount="1"/>
        <line num="304" count="16" type="stmt"/>
        <line num="305" count="16" type="stmt"/>
        <line num="308" count="16" type="stmt"/>
        <line num="312" count="16" type="stmt"/>
        <line num="317" count="16" type="stmt"/>
        <line num="320" count="1" type="stmt"/>
        <line num="336" count="32" type="stmt"/>
        <line num="339" count="32" type="stmt"/>
        <line num="340" count="32" type="stmt"/>
        <line num="344" count="32" type="cond" truecount="1" falsecount="1"/>
        <line num="349" count="32" type="stmt"/>
        <line num="354" count="32" type="stmt"/>
        <line num="355" count="32" type="stmt"/>
        <line num="359" count="32" type="stmt"/>
        <line num="364" count="1" type="stmt"/>
      </file>
      <file name="Trades.tsx" path="C:\Users\HRT_15\NomuTrade\frontend\src\pages\Trades.tsx">
        <metrics statements="58" coveredstatements="48" conditionals="20" coveredconditionals="13" methods="33" coveredmethods="24"/>
        <line num="12" count="19" type="stmt"/>
        <line num="13" count="19" type="stmt"/>
        <line num="14" count="19" type="stmt"/>
        <line num="15" count="19" type="stmt"/>
        <line num="16" count="19" type="stmt"/>
        <line num="17" count="19" type="stmt"/>
        <line num="18" count="19" type="stmt"/>
        <line num="22" count="19" type="stmt"/>
        <line num="23" count="4" type="stmt"/>
        <line num="24" count="4" type="stmt"/>
        <line num="25" count="4" type="stmt"/>
        <line num="26" count="4" type="stmt"/>
        <line num="30" count="4" type="cond" truecount="1" falsecount="1"/>
        <line num="31" count="4" type="stmt"/>
        <line num="32" count="8" type="stmt"/>
        <line num="38" count="4" type="stmt"/>
        <line num="39" count="4" type="stmt"/>
        <line num="43" count="19" type="stmt"/>
        <line num="45" count="7" type="stmt"/>
        <line num="46" count="7" type="stmt"/>
        <line num="47" count="7" type="stmt"/>
        <line num="50" count="7" type="cond" truecount="2" falsecount="0"/>
        <line num="51" count="7" type="stmt"/>
        <line num="55" count="7" type="stmt"/>
        <line num="64" count="19" type="stmt"/>
        <line num="65" count="19" type="stmt"/>
        <line num="66" count="19" type="stmt"/>
        <line num="68" count="5" type="cond" truecount="1" falsecount="1"/>
        <line num="76" count="19" type="stmt"/>
        <line num="79" count="0" type="cond" truecount="0" falsecount="2"/>
        <line num="84" count="19" type="stmt"/>
        <line num="85" count="1" type="stmt"/>
        <line num="86" count="1" type="stmt"/>
        <line num="89" count="24" type="stmt"/>
        <line num="92" count="19" type="stmt"/>
        <line num="93" count="24" type="cond" truecount="1" falsecount="1"/>
        <line num="95" count="19" type="stmt"/>
        <line num="100" count="1" type="stmt"/>
        <line num="103" count="22" type="stmt"/>
        <line num="112" count="0" type="stmt"/>
        <line num="113" count="0" type="stmt"/>
        <line num="124" count="24" type="stmt"/>
        <line num="130" count="0" type="stmt"/>
        <line num="131" count="24" type="stmt"/>
        <line num="136" count="0" type="stmt"/>
        <line num="137" count="24" type="stmt"/>
        <line num="142" count="0" type="stmt"/>
        <line num="143" count="24" type="stmt"/>
        <line num="149" count="0" type="stmt"/>
        <line num="150" count="24" type="stmt"/>
        <line num="156" count="0" type="stmt"/>
        <line num="157" count="24" type="stmt"/>
        <line num="163" count="0" type="stmt"/>
        <line num="164" count="24" type="stmt"/>
        <line num="169" count="0" type="cond" truecount="0" falsecount="2"/>
        <line num="170" count="24" type="stmt"/>
        <line num="174" count="24" type="stmt"/>
        <line num="183" count="2" type="stmt"/>
      </file>
      <file name="Trading.tsx" path="C:\Users\HRT_15\NomuTrade\frontend\src\pages\Trading.tsx">
        <metrics statements="66" coveredstatements="64" conditionals="41" coveredconditionals="35" methods="24" coveredmethods="21"/>
        <line num="29" count="1" type="stmt"/>
        <line num="33" count="4" type="stmt"/>
        <line num="42" count="16" type="stmt"/>
        <line num="43" count="16" type="stmt"/>
        <line num="44" count="16" type="stmt"/>
        <line num="46" count="16" type="stmt"/>
        <line num="47" count="16" type="stmt"/>
        <line num="48" count="16" type="stmt"/>
        <line num="49" count="16" type="stmt"/>
        <line num="50" count="16" type="stmt"/>
        <line num="51" count="16" type="stmt"/>
        <line num="52" count="16" type="stmt"/>
        <line num="56" count="16" type="stmt"/>
        <line num="58" count="16" type="cond" truecount="2" falsecount="0"/>
        <line num="60" count="16" type="stmt"/>
        <line num="62" count="0" type="stmt"/>
        <line num="68" count="16" type="stmt"/>
        <line num="69" count="4" type="stmt"/>
        <line num="70" count="4" type="stmt"/>
        <line num="71" count="4" type="stmt"/>
        <line num="75" count="4" type="stmt"/>
        <line num="76" count="4" type="stmt"/>
        <line num="77" count="4" type="cond" truecount="2" falsecount="0"/>
        <line num="85" count="16" type="stmt"/>
        <line num="86" count="11" type="cond" truecount="4" falsecount="0"/>
        <line num="87" count="3" type="stmt"/>
        <line num="93" count="16" type="stmt"/>
        <line num="95" count="4" type="stmt"/>
        <line num="96" count="4" type="stmt"/>
        <line num="97" count="4" type="stmt"/>
        <line num="98" count="4" type="stmt"/>
        <line num="109" count="16" type="stmt"/>
        <line num="110" count="8" type="cond" truecount="2" falsecount="0"/>
        <line num="111" count="4" type="stmt"/>
        <line num="112" count="4" type="stmt"/>
        <line num="113" count="4" type="stmt"/>
        <line num="115" count="4" type="stmt"/>
        <line num="119" count="4" type="cond" truecount="1" falsecount="1"/>
        <line num="120" count="4" type="cond" truecount="1" falsecount="1"/>
        <line num="123" count="16" type="stmt"/>
        <line num="125" count="8" type="stmt"/>
        <line num="133" count="16" type="stmt"/>
        <line num="137" count="16" type="stmt"/>
        <line num="138" count="7" type="stmt"/>
        <line num="139" count="7" type="cond" truecount="2" falsecount="0"/>
        <line num="140" count="4" type="stmt"/>
        <line num="141" count="4" type="stmt"/>
        <line num="142" count="4" type="stmt"/>
        <line num="143" count="4" type="stmt"/>
        <line num="147" count="4" type="cond" truecount="3" falsecount="1"/>
        <line num="148" count="4" type="stmt"/>
        <line num="150" count="4" type="stmt"/>
        <line num="151" count="4" type="stmt"/>
        <line num="158" count="4" type="stmt"/>
        <line num="159" count="4" type="stmt"/>
        <line num="163" count="16" type="stmt"/>
        <line num="164" count="16" type="stmt"/>
        <line num="165" count="11" type="stmt"/>
        <line num="166" count="11" type="stmt"/>
        <line num="167" count="11" type="cond" truecount="7" falsecount="0"/>
        <line num="168" count="7" type="stmt"/>
        <line num="170" count="4" type="stmt"/>
        <line num="173" count="16" type="stmt"/>
        <line num="189" count="96" type="stmt"/>
        <line num="192" count="1" type="stmt"/>
        <line num="210" count="0" type="stmt"/>
      </file>
    </package>
  </project>
</coverage>
