{"C:\\Users\\HRT_15\\NomuTrade\\frontend\\src\\App.tsx": {"path":"C:\\Users\\HRT_15\\NomuTrade\\frontend\\src\\App.tsx","statementMap":{"0":{"start":{"line":28,"column":2},"end":{"line":28,"column":null}},"1":{"start":{"line":32,"column":12},"end":{"line":32,"column":null}},"2":{"start":{"line":33,"column":2},"end":{"line":36,"column":null}},"3":{"start":{"line":41,"column":12},"end":{"line":41,"column":null}},"4":{"start":{"line":42,"column":2},"end":{"line":48,"column":null}},"5":{"start":{"line":54,"column":12},"end":{"line":54,"column":null}},"6":{"start":{"line":55,"column":2},"end":{"line":64,"column":null}},"7":{"start":{"line":82,"column":40},"end":{"line":82,"column":null}},"8":{"start":{"line":83,"column":2},"end":{"line":83,"column":null}},"9":{"start":{"line":83,"column":15},"end":{"line":83,"column":null}},"10":{"start":{"line":84,"column":2},"end":{"line":84,"column":null}},"11":{"start":{"line":84,"column":11},"end":{"line":84,"column":null}},"12":{"start":{"line":85,"column":2},"end":{"line":85,"column":null}},"13":{"start":{"line":85,"column":51},"end":{"line":85,"column":null}},"14":{"start":{"line":86,"column":2},"end":{"line":86,"column":null}},"15":{"start":{"line":86,"column":35},"end":{"line":86,"column":null}},"16":{"start":{"line":87,"column":2},"end":{"line":87,"column":null}},"17":{"start":{"line":92,"column":17},"end":{"line":92,"column":null}},"18":{"start":{"line":93,"column":2},"end":{"line":93,"column":null}},"19":{"start":{"line":102,"column":31},"end":{"line":102,"column":null}},"20":{"start":{"line":103,"column":2},"end":{"line":103,"column":null}},"21":{"start":{"line":103,"column":15},"end":{"line":103,"column":null}},"22":{"start":{"line":104,"column":2},"end":{"line":104,"column":null}},"23":{"start":{"line":104,"column":11},"end":{"line":104,"column":null}},"24":{"start":{"line":105,"column":8},"end":{"line":105,"column":null}},"25":{"start":{"line":106,"column":2},"end":{"line":106,"column":null}},"26":{"start":{"line":106,"column":20},"end":{"line":106,"column":null}},"27":{"start":{"line":107,"column":2},"end":{"line":110,"column":null}},"28":{"start":{"line":115,"column":31},"end":{"line":115,"column":null}},"29":{"start":{"line":116,"column":12},"end":{"line":116,"column":null}},"30":{"start":{"line":118,"column":2},"end":{"line":281,"column":null}}},"fnMap":{"0":{"name":"FullScreen","decl":{"start":{"line":27,"column":9},"end":{"line":27,"column":20}},"loc":{"start":{"line":27,"column":62},"end":{"line":29,"column":null}},"line":27},"1":{"name":"Loading","decl":{"start":{"line":31,"column":9},"end":{"line":31,"column":19}},"loc":{"start":{"line":31,"column":19},"end":{"line":38,"column":null}},"line":31},"2":{"name":"Forbidden","decl":{"start":{"line":40,"column":9},"end":{"line":40,"column":21}},"loc":{"start":{"line":40,"column":21},"end":{"line":50,"column":null}},"line":40},"3":{"name":"NotAvailable","decl":{"start":{"line":53,"column":9},"end":{"line":53,"column":24}},"loc":{"start":{"line":53,"column":24},"end":{"line":66,"column":null}},"line":53},"4":{"name":"Guard","decl":{"start":{"line":73,"column":9},"end":{"line":73,"column":15}},"loc":{"start":{"line":81,"column":3},"end":{"line":88,"column":null}},"line":81},"5":{"name":"ChartsRedirect","decl":{"start":{"line":91,"column":9},"end":{"line":91,"column":26}},"loc":{"start":{"line":91,"column":26},"end":{"line":94,"column":null}},"line":91},"6":{"name":"HomeRoute","decl":{"start":{"line":101,"column":9},"end":{"line":101,"column":21}},"loc":{"start":{"line":101,"column":21},"end":{"line":112,"column":null}},"line":101},"7":{"name":"App","decl":{"start":{"line":114,"column":24},"end":{"line":114,"column":30}},"loc":{"start":{"line":114,"column":30},"end":{"line":283,"column":null}},"line":114}},"branchMap":{"0":{"loc":{"start":{"line":83,"column":2},"end":{"line":83,"column":null}},"type":"if","locations":[{"start":{"line":83,"column":2},"end":{"line":83,"column":null}},{"start":{},"end":{}}],"line":83},"1":{"loc":{"start":{"line":84,"column":2},"end":{"line":84,"column":null}},"type":"if","locations":[{"start":{"line":84,"column":2},"end":{"line":84,"column":null}},{"start":{},"end":{}}],"line":84},"2":{"loc":{"start":{"line":85,"column":2},"end":{"line":85,"column":null}},"type":"if","locations":[{"start":{"line":85,"column":2},"end":{"line":85,"column":null}},{"start":{},"end":{}}],"line":85},"3":{"loc":{"start":{"line":85,"column":6},"end":{"line":85,"column":51}},"type":"binary-expr","locations":[{"start":{"line":85,"column":6},"end":{"line":85,"column":13}},{"start":{"line":85,"column":13},"end":{"line":85,"column":51}}],"line":85},"4":{"loc":{"start":{"line":86,"column":2},"end":{"line":86,"column":null}},"type":"if","locations":[{"start":{"line":86,"column":2},"end":{"line":86,"column":null}},{"start":{},"end":{}}],"line":86},"5":{"loc":{"start":{"line":86,"column":6},"end":{"line":86,"column":35}},"type":"binary-expr","locations":[{"start":{"line":86,"column":6},"end":{"line":86,"column":15}},{"start":{"line":86,"column":15},"end":{"line":86,"column":35}}],"line":86},"6":{"loc":{"start":{"line":93,"column":23},"end":{"line":93,"column":80}},"type":"cond-expr","locations":[{"start":{"line":93,"column":32},"end":{"line":93,"column":75}},{"start":{"line":93,"column":75},"end":{"line":93,"column":80}}],"line":93},"7":{"loc":{"start":{"line":103,"column":2},"end":{"line":103,"column":null}},"type":"if","locations":[{"start":{"line":103,"column":2},"end":{"line":103,"column":null}},{"start":{},"end":{}}],"line":103},"8":{"loc":{"start":{"line":104,"column":2},"end":{"line":104,"column":null}},"type":"if","locations":[{"start":{"line":104,"column":2},"end":{"line":104,"column":null}},{"start":{},"end":{}}],"line":104},"9":{"loc":{"start":{"line":106,"column":2},"end":{"line":106,"column":null}},"type":"if","locations":[{"start":{"line":106,"column":2},"end":{"line":106,"column":null}},{"start":{},"end":{}}],"line":106},"10":{"loc":{"start":{"line":123,"column":10},"end":{"line":123,"column":null}},"type":"cond-expr","locations":[{"start":{"line":123,"column":20},"end":{"line":123,"column":34}},{"start":{"line":123,"column":34},"end":{"line":123,"column":null}}],"line":123},"11":{"loc":{"start":{"line":123,"column":34},"end":{"line":123,"column":null}},"type":"cond-expr","locations":[{"start":{"line":123,"column":39},"end":{"line":123,"column":104}},{"start":{"line":123,"column":104},"end":{"line":123,"column":null}}],"line":123}},"s":{"0":4,"1":1,"2":1,"3":1,"4":1,"5":1,"6":1,"7":21,"8":21,"9":1,"10":20,"11":1,"12":19,"13":1,"14":18,"15":1,"16":17,"17":1,"18":1,"19":4,"20":4,"21":0,"22":4,"23":0,"24":4,"25":4,"26":1,"27":3,"28":13,"29":13,"30":13},"f":{"0":4,"1":1,"2":1,"3":1,"4":21,"5":1,"6":4,"7":13},"b":{"0":[1,20],"1":[1,19],"2":[1,18],"3":[19,8],"4":[1,17],"5":[18,5],"6":[1,0],"7":[0,4],"8":[0,4],"9":[1,3],"10":[1,12],"11":[10,2]},"meta":{"lastBranch":12,"lastFunction":8,"lastStatement":31,"seen":{"f:27:9:27:20":0,"s:28:2:28:Infinity":0,"f:31:9:31:19":1,"s:32:12:32:Infinity":1,"s:33:2:36:Infinity":2,"f:40:9:40:21":2,"s:41:12:41:Infinity":3,"s:42:2:48:Infinity":4,"f:53:9:53:24":3,"s:54:12:54:Infinity":5,"s:55:2:64:Infinity":6,"f:73:9:73:15":4,"s:82:40:82:Infinity":7,"b:83:2:83:Infinity:undefined:undefined:undefined:undefined":0,"s:83:2:83:Infinity":8,"s:83:15:83:Infinity":9,"b:84:2:84:Infinity:undefined:undefined:undefined:undefined":1,"s:84:2:84:Infinity":10,"s:84:11:84:Infinity":11,"b:85:2:85:Infinity:undefined:undefined:undefined:undefined":2,"s:85:2:85:Infinity":12,"b:85:6:85:13:85:13:85:51":3,"s:85:51:85:Infinity":13,"b:86:2:86:Infinity:undefined:undefined:undefined:undefined":4,"s:86:2:86:Infinity":14,"b:86:6:86:15:86:15:86:35":5,"s:86:35:86:Infinity":15,"s:87:2:87:Infinity":16,"f:91:9:91:26":5,"s:92:17:92:Infinity":17,"s:93:2:93:Infinity":18,"b:93:32:93:75:93:75:93:80":6,"f:101:9:101:21":6,"s:102:31:102:Infinity":19,"b:103:2:103:Infinity:undefined:undefined:undefined:undefined":7,"s:103:2:103:Infinity":20,"s:103:15:103:Infinity":21,"b:104:2:104:Infinity:undefined:undefined:undefined:undefined":8,"s:104:2:104:Infinity":22,"s:104:11:104:Infinity":23,"s:105:8:105:Infinity":24,"b:106:2:106:Infinity:undefined:undefined:undefined:undefined":9,"s:106:2:106:Infinity":25,"s:106:20:106:Infinity":26,"s:107:2:110:Infinity":27,"f:114:24:114:30":7,"s:115:31:115:Infinity":28,"s:116:12:116:Infinity":29,"s:118:2:281:Infinity":30,"b:123:20:123:34:123:34:123:Infinity":10,"b:123:39:123:104:123:104:123:Infinity":11},"fnNames":{}}}
,"C:\\Users\\HRT_15\\NomuTrade\\frontend\\src\\auth.tsx": {"path":"C:\\Users\\HRT_15\\NomuTrade\\frontend\\src\\auth.tsx","statementMap":{"0":{"start":{"line":21,"column":6},"end":{"line":21,"column":null}},"1":{"start":{"line":24,"column":18},"end":{"line":24,"column":null}},"2":{"start":{"line":25,"column":28},"end":{"line":25,"column":null}},"3":{"start":{"line":27,"column":2},"end":{"line":46,"column":null}},"4":{"start":{"line":28,"column":20},"end":{"line":28,"column":null}},"5":{"start":{"line":29,"column":4},"end":{"line":42,"column":null}},"6":{"start":{"line":30,"column":6},"end":{"line":33,"column":null}},"7":{"start":{"line":31,"column":8},"end":{"line":31,"column":null}},"8":{"start":{"line":32,"column":8},"end":{"line":32,"column":null}},"9":{"start":{"line":34,"column":6},"end":{"line":41,"column":null}},"10":{"start":{"line":35,"column":20},"end":{"line":35,"column":null}},"11":{"start":{"line":36,"column":8},"end":{"line":36,"column":null}},"12":{"start":{"line":36,"column":24},"end":{"line":36,"column":null}},"13":{"start":{"line":38,"column":8},"end":{"line":38,"column":null}},"14":{"start":{"line":40,"column":8},"end":{"line":40,"column":null}},"15":{"start":{"line":40,"column":24},"end":{"line":40,"column":null}},"16":{"start":{"line":43,"column":4},"end":{"line":45,"column":null}},"17":{"start":{"line":44,"column":6},"end":{"line":44,"column":null}},"18":{"start":{"line":52,"column":8},"end":{"line":63,"column":null}},"19":{"start":{"line":53,"column":16},"end":{"line":58,"column":null}},"20":{"start":{"line":59,"column":4},"end":{"line":59,"column":null}},"21":{"start":{"line":60,"column":20},"end":{"line":60,"column":null}},"22":{"start":{"line":61,"column":4},"end":{"line":61,"column":null}},"23":{"start":{"line":62,"column":4},"end":{"line":62,"column":null}},"24":{"start":{"line":65,"column":8},"end":{"line":73,"column":null}},"25":{"start":{"line":66,"column":4},"end":{"line":70,"column":null}},"26":{"start":{"line":67,"column":6},"end":{"line":67,"column":null}},"27":{"start":{"line":71,"column":4},"end":{"line":71,"column":null}},"28":{"start":{"line":72,"column":4},"end":{"line":72,"column":null}},"29":{"start":{"line":75,"column":8},"end":{"line":82,"column":null}},"30":{"start":{"line":77,"column":6},"end":{"line":77,"column":null}},"31":{"start":{"line":77,"column":30},"end":{"line":77,"column":null}},"32":{"start":{"line":78,"column":20},"end":{"line":78,"column":null}},"33":{"start":{"line":79,"column":6},"end":{"line":79,"column":null}},"34":{"start":{"line":79,"column":31},"end":{"line":79,"column":48}},"35":{"start":{"line":87,"column":2},"end":{"line":90,"column":null}},"36":{"start":{"line":88,"column":4},"end":{"line":89,"column":null}},"37":{"start":{"line":88,"column":12},"end":{"line":88,"column":null}},"38":{"start":{"line":89,"column":9},"end":{"line":89,"column":null}},"39":{"start":{"line":92,"column":8},"end":{"line":92,"column":null}},"40":{"start":{"line":92,"column":26},"end":{"line":92,"column":70}},"41":{"start":{"line":94,"column":8},"end":{"line":97,"column":null}},"42":{"start":{"line":95,"column":11},"end":{"line":95,"column":null}},"43":{"start":{"line":99,"column":2},"end":{"line":99,"column":null}},"44":{"start":{"line":103,"column":8},"end":{"line":103,"column":null}},"45":{"start":{"line":104,"column":2},"end":{"line":104,"column":null}},"46":{"start":{"line":104,"column":12},"end":{"line":104,"column":null}},"47":{"start":{"line":105,"column":2},"end":{"line":105,"column":null}}},"fnMap":{"0":{"name":"AuthProvider","decl":{"start":{"line":23,"column":16},"end":{"line":23,"column":29}},"loc":{"start":{"line":23,"column":68},"end":{"line":100,"column":null}},"line":23},"1":{"name":"(anonymous_1)","decl":{"start":{"line":27,"column":12},"end":{"line":27,"column":18}},"loc":{"start":{"line":27,"column":18},"end":{"line":46,"column":5}},"line":27},"2":{"name":"(anonymous_2)","decl":{"start":{"line":29,"column":5},"end":{"line":29,"column":17}},"loc":{"start":{"line":29,"column":17},"end":{"line":42,"column":7}},"line":29},"3":{"name":"(anonymous_3)","decl":{"start":{"line":43,"column":11},"end":{"line":43,"column":17}},"loc":{"start":{"line":43,"column":17},"end":{"line":45,"column":null}},"line":43},"4":{"name":"(anonymous_4)","decl":{"start":{"line":52,"column":28},"end":{"line":52,"column":35}},"loc":{"start":{"line":52,"column":89},"end":{"line":63,"column":5}},"line":52},"5":{"name":"(anonymous_5)","decl":{"start":{"line":65,"column":29},"end":{"line":65,"column":41}},"loc":{"start":{"line":65,"column":41},"end":{"line":73,"column":5}},"line":65},"6":{"name":"(anonymous_6)","decl":{"start":{"line":76,"column":4},"end":{"line":76,"column":8}},"loc":{"start":{"line":76,"column":28},"end":{"line":80,"column":null}},"line":76},"7":{"name":"(anonymous_7)","decl":{"start":{"line":79,"column":24},"end":{"line":79,"column":25}},"loc":{"start":{"line":79,"column":31},"end":{"line":79,"column":48}},"line":79},"8":{"name":"(anonymous_8)","decl":{"start":{"line":87,"column":12},"end":{"line":87,"column":18}},"loc":{"start":{"line":87,"column":18},"end":{"line":90,"column":5}},"line":87},"9":{"name":"(anonymous_9)","decl":{"start":{"line":92,"column":26},"end":{"line":92,"column":32}},"loc":{"start":{"line":92,"column":26},"end":{"line":92,"column":70}},"line":92},"10":{"name":"(anonymous_10)","decl":{"start":{"line":95,"column":4},"end":{"line":95,"column":11}},"loc":{"start":{"line":95,"column":11},"end":{"line":95,"column":null}},"line":95},"11":{"name":"useAuth","decl":{"start":{"line":102,"column":16},"end":{"line":102,"column":44}},"loc":{"start":{"line":102,"column":44},"end":{"line":106,"column":null}},"line":102}},"branchMap":{"0":{"loc":{"start":{"line":30,"column":6},"end":{"line":33,"column":null}},"type":"if","locations":[{"start":{"line":30,"column":6},"end":{"line":33,"column":null}},{"start":{},"end":{}}],"line":30},"1":{"loc":{"start":{"line":36,"column":8},"end":{"line":36,"column":null}},"type":"if","locations":[{"start":{"line":36,"column":8},"end":{"line":36,"column":null}},{"start":{},"end":{}}],"line":36},"2":{"loc":{"start":{"line":40,"column":8},"end":{"line":40,"column":null}},"type":"if","locations":[{"start":{"line":40,"column":8},"end":{"line":40,"column":null}},{"start":{},"end":{}}],"line":40},"3":{"loc":{"start":{"line":77,"column":6},"end":{"line":77,"column":null}},"type":"if","locations":[{"start":{"line":77,"column":6},"end":{"line":77,"column":null}},{"start":{},"end":{}}],"line":77},"4":{"loc":{"start":{"line":78,"column":20},"end":{"line":78,"column":null}},"type":"binary-expr","locations":[{"start":{"line":78,"column":20},"end":{"line":78,"column":39}},{"start":{"line":78,"column":39},"end":{"line":78,"column":null}}],"line":78},"5":{"loc":{"start":{"line":88,"column":4},"end":{"line":89,"column":null}},"type":"if","locations":[{"start":{"line":88,"column":4},"end":{"line":89,"column":null}},{"start":{"line":89,"column":9},"end":{"line":89,"column":null}}],"line":88},"6":{"loc":{"start":{"line":92,"column":46},"end":{"line":92,"column":67}},"type":"binary-expr","locations":[{"start":{"line":92,"column":46},"end":{"line":92,"column":65}},{"start":{"line":92,"column":65},"end":{"line":92,"column":67}}],"line":92},"7":{"loc":{"start":{"line":104,"column":2},"end":{"line":104,"column":null}},"type":"if","locations":[{"start":{"line":104,"column":2},"end":{"line":104,"column":null}},{"start":{},"end":{}}],"line":104}},"s":{"0":1,"1":14,"2":14,"3":14,"4":6,"5":6,"6":6,"7":2,"8":2,"9":4,"10":4,"11":3,"12":3,"13":1,"14":4,"15":4,"16":6,"17":6,"18":14,"19":1,"20":1,"21":1,"22":1,"23":1,"24":14,"25":1,"26":1,"27":1,"28":1,"29":14,"30":56,"31":14,"32":42,"33":56,"34":56,"35":14,"36":11,"37":4,"38":7,"39":14,"40":11,"41":14,"42":14,"43":14,"44":19,"45":19,"46":4,"47":14},"f":{"0":14,"1":6,"2":6,"3":6,"4":1,"5":1,"6":56,"7":56,"8":11,"9":11,"10":14,"11":19},"b":{"0":[2,4],"1":[3,0],"2":[4,0],"3":[14,42],"4":[42,30],"5":[4,7],"6":[11,7],"7":[4,15]},"meta":{"lastBranch":8,"lastFunction":12,"lastStatement":48,"seen":{"s:21:6:21:Infinity":0,"f:23:16:23:29":0,"s:24:18:24:Infinity":1,"s:25:28:25:Infinity":2,"s:27:2:46:Infinity":3,"f:27:12:27:18":1,"s:28:20:28:Infinity":4,"s:29:4:42:Infinity":5,"f:29:5:29:17":2,"b:30:6:33:Infinity:undefined:undefined:undefined:undefined":0,"s:30:6:33:Infinity":6,"s:31:8:31:Infinity":7,"s:32:8:32:Infinity":8,"s:34:6:41:Infinity":9,"s:35:20:35:Infinity":10,"b:36:8:36:Infinity:undefined:undefined:undefined:undefined":1,"s:36:8:36:Infinity":11,"s:36:24:36:Infinity":12,"s:38:8:38:Infinity":13,"b:40:8:40:Infinity:undefined:undefined:undefined:undefined":2,"s:40:8:40:Infinity":14,"s:40:24:40:Infinity":15,"s:43:4:45:Infinity":16,"f:43:11:43:17":3,"s:44:6:44:Infinity":17,"s:52:8:63:Infinity":18,"f:52:28:52:35":4,"s:53:16:58:Infinity":19,"s:59:4:59:Infinity":20,"s:60:20:60:Infinity":21,"s:61:4:61:Infinity":22,"s:62:4:62:Infinity":23,"s:65:8:73:Infinity":24,"f:65:29:65:41":5,"s:66:4:70:Infinity":25,"s:67:6:67:Infinity":26,"s:71:4:71:Infinity":27,"s:72:4:72:Infinity":28,"s:75:8:82:Infinity":29,"f:76:4:76:8":6,"b:77:6:77:Infinity:undefined:undefined:undefined:undefined":3,"s:77:6:77:Infinity":30,"s:77:30:77:Infinity":31,"s:78:20:78:Infinity":32,"b:78:20:78:39:78:39:78:Infinity":4,"s:79:6:79:Infinity":33,"f:79:24:79:25":7,"s:79:31:79:48":34,"s:87:2:90:Infinity":35,"f:87:12:87:18":8,"b:88:4:89:Infinity:89:9:89:Infinity":5,"s:88:4:89:Infinity":36,"s:88:12:88:Infinity":37,"s:89:9:89:Infinity":38,"s:92:8:92:Infinity":39,"f:92:26:92:32":9,"s:92:26:92:70":40,"b:92:46:92:65:92:65:92:67":6,"s:94:8:97:Infinity":41,"f:95:4:95:11":10,"s:95:11:95:Infinity":42,"s:99:2:99:Infinity":43,"f:102:16:102:44":11,"s:103:8:103:Infinity":44,"b:104:2:104:Infinity:undefined:undefined:undefined:undefined":7,"s:104:2:104:Infinity":45,"s:104:12:104:Infinity":46,"s:105:2:105:Infinity":47},"fnNames":{}}}
,"C:\\Users\\HRT_15\\NomuTrade\\frontend\\src\\format.ts": {"path":"C:\\Users\\HRT_15\\NomuTrade\\frontend\\src\\format.ts","statementMap":{"0":{"start":{"line":8,"column":2},"end":{"line":8,"column":null}},"1":{"start":{"line":11,"column":23},"end":{"line":11,"column":null}},"2":{"start":{"line":14,"column":10},"end":{"line":14,"column":null}},"3":{"start":{"line":15,"column":2},"end":{"line":18,"column":null}},"4":{"start":{"line":16,"column":4},"end":{"line":16,"column":null}},"5":{"start":{"line":17,"column":4},"end":{"line":17,"column":null}},"6":{"start":{"line":19,"column":2},"end":{"line":19,"column":null}},"7":{"start":{"line":23,"column":12},"end":{"line":23,"column":null}},"8":{"start":{"line":24,"column":2},"end":{"line":31,"column":null}},"9":{"start":{"line":25,"column":4},"end":{"line":30,"column":null}},"10":{"start":{"line":35,"column":2},"end":{"line":35,"column":null}},"11":{"start":{"line":35,"column":41},"end":{"line":35,"column":72}},"12":{"start":{"line":44,"column":2},"end":{"line":44,"column":null}},"13":{"start":{"line":44,"column":56},"end":{"line":44,"column":null}},"14":{"start":{"line":45,"column":2},"end":{"line":45,"column":null}},"15":{"start":{"line":49,"column":2},"end":{"line":49,"column":null}},"16":{"start":{"line":49,"column":56},"end":{"line":49,"column":null}},"17":{"start":{"line":50,"column":2},"end":{"line":50,"column":null}},"18":{"start":{"line":50,"column":28},"end":{"line":50,"column":null}},"19":{"start":{"line":51,"column":2},"end":{"line":54,"column":null}},"20":{"start":{"line":58,"column":2},"end":{"line":58,"column":null}},"21":{"start":{"line":58,"column":56},"end":{"line":58,"column":null}},"22":{"start":{"line":59,"column":2},"end":{"line":59,"column":null}},"23":{"start":{"line":64,"column":2},"end":{"line":64,"column":null}},"24":{"start":{"line":64,"column":12},"end":{"line":64,"column":null}},"25":{"start":{"line":65,"column":12},"end":{"line":65,"column":null}},"26":{"start":{"line":66,"column":2},"end":{"line":66,"column":null}},"27":{"start":{"line":66,"column":33},"end":{"line":66,"column":null}},"28":{"start":{"line":67,"column":12},"end":{"line":67,"column":null}},"29":{"start":{"line":67,"column":27},"end":{"line":67,"column":null}},"30":{"start":{"line":68,"column":2},"end":{"line":68,"column":null}},"31":{"start":{"line":72,"column":2},"end":{"line":72,"column":null}},"32":{"start":{"line":72,"column":12},"end":{"line":72,"column":null}},"33":{"start":{"line":73,"column":12},"end":{"line":73,"column":null}},"34":{"start":{"line":74,"column":2},"end":{"line":74,"column":null}},"35":{"start":{"line":74,"column":33},"end":{"line":74,"column":null}},"36":{"start":{"line":75,"column":2},"end":{"line":75,"column":null}},"37":{"start":{"line":80,"column":2},"end":{"line":80,"column":null}},"38":{"start":{"line":80,"column":48},"end":{"line":80,"column":null}},"39":{"start":{"line":81,"column":2},"end":{"line":81,"column":null}},"40":{"start":{"line":85,"column":2},"end":{"line":85,"column":null}},"41":{"start":{"line":85,"column":56},"end":{"line":85,"column":null}},"42":{"start":{"line":86,"column":12},"end":{"line":86,"column":null}},"43":{"start":{"line":87,"column":2},"end":{"line":87,"column":null}}},"fnMap":{"0":{"name":"locale","decl":{"start":{"line":7,"column":9},"end":{"line":7,"column":26}},"loc":{"start":{"line":7,"column":26},"end":{"line":9,"column":null}},"line":7},"1":{"name":"cached","decl":{"start":{"line":13,"column":9},"end":{"line":13,"column":16}},"loc":{"start":{"line":13,"column":79},"end":{"line":20,"column":null}},"line":13},"2":{"name":"usd","decl":{"start":{"line":22,"column":9},"end":{"line":22,"column":34}},"loc":{"start":{"line":22,"column":34},"end":{"line":32,"column":null}},"line":22},"3":{"name":"(anonymous_3)","decl":{"start":{"line":24,"column":28},"end":{"line":24,"column":null}},"loc":{"start":{"line":25,"column":4},"end":{"line":30,"column":null}},"line":25},"4":{"name":"plainNum","decl":{"start":{"line":34,"column":9},"end":{"line":34,"column":39}},"loc":{"start":{"line":34,"column":39},"end":{"line":36,"column":null}},"line":34},"5":{"name":"(anonymous_5)","decl":{"start":{"line":35,"column":35},"end":{"line":35,"column":41}},"loc":{"start":{"line":35,"column":41},"end":{"line":35,"column":72}},"line":35},"6":{"name":"fmtJpy","decl":{"start":{"line":43,"column":16},"end":{"line":43,"column":23}},"loc":{"start":{"line":43,"column":80},"end":{"line":46,"column":null}},"line":43},"7":{"name":"fmtNum","decl":{"start":{"line":48,"column":16},"end":{"line":48,"column":23}},"loc":{"start":{"line":48,"column":78},"end":{"line":55,"column":null}},"line":48},"8":{"name":"fmtPct","decl":{"start":{"line":57,"column":16},"end":{"line":57,"column":23}},"loc":{"start":{"line":57,"column":73},"end":{"line":60,"column":null}},"line":57},"9":{"name":"fmtTs","decl":{"start":{"line":63,"column":16},"end":{"line":63,"column":22}},"loc":{"start":{"line":63,"column":62},"end":{"line":69,"column":null}},"line":63},"10":{"name":"(anonymous_10)","decl":{"start":{"line":67,"column":12},"end":{"line":67,"column":13}},"loc":{"start":{"line":67,"column":27},"end":{"line":67,"column":null}},"line":67},"11":{"name":"fmtDate","decl":{"start":{"line":71,"column":16},"end":{"line":71,"column":24}},"loc":{"start":{"line":71,"column":64},"end":{"line":76,"column":null}},"line":71},"12":{"name":"pnlClass","decl":{"start":{"line":79,"column":16},"end":{"line":79,"column":25}},"loc":{"start":{"line":79,"column":75},"end":{"line":82,"column":null}},"line":79},"13":{"name":"fmtSignedJpy","decl":{"start":{"line":84,"column":16},"end":{"line":84,"column":29}},"loc":{"start":{"line":84,"column":67},"end":{"line":88,"column":null}},"line":84}},"branchMap":{"0":{"loc":{"start":{"line":8,"column":2},"end":{"line":8,"column":null}},"type":"cond-expr","locations":[{"start":{"line":8,"column":30},"end":{"line":8,"column":40}},{"start":{"line":8,"column":40},"end":{"line":8,"column":null}}],"line":8},"1":{"loc":{"start":{"line":15,"column":2},"end":{"line":18,"column":null}},"type":"if","locations":[{"start":{"line":15,"column":2},"end":{"line":18,"column":null}},{"start":{},"end":{}}],"line":15},"2":{"loc":{"start":{"line":43,"column":53},"end":{"line":43,"column":80}},"type":"default-arg","locations":[{"start":{"line":43,"column":65},"end":{"line":43,"column":80}}],"line":43},"3":{"loc":{"start":{"line":44,"column":2},"end":{"line":44,"column":null}},"type":"if","locations":[{"start":{"line":44,"column":2},"end":{"line":44,"column":null}},{"start":{},"end":{}}],"line":44},"4":{"loc":{"start":{"line":44,"column":6},"end":{"line":44,"column":56}},"type":"binary-expr","locations":[{"start":{"line":44,"column":6},"end":{"line":44,"column":20}},{"start":{"line":44,"column":20},"end":{"line":44,"column":39}},{"start":{"line":44,"column":39},"end":{"line":44,"column":56}}],"line":44},"5":{"loc":{"start":{"line":49,"column":2},"end":{"line":49,"column":null}},"type":"if","locations":[{"start":{"line":49,"column":2},"end":{"line":49,"column":null}},{"start":{},"end":{}}],"line":49},"6":{"loc":{"start":{"line":49,"column":6},"end":{"line":49,"column":56}},"type":"binary-expr","locations":[{"start":{"line":49,"column":6},"end":{"line":49,"column":20}},{"start":{"line":49,"column":20},"end":{"line":49,"column":39}},{"start":{"line":49,"column":39},"end":{"line":49,"column":56}}],"line":49},"7":{"loc":{"start":{"line":50,"column":2},"end":{"line":50,"column":null}},"type":"if","locations":[{"start":{"line":50,"column":2},"end":{"line":50,"column":null}},{"start":{},"end":{}}],"line":50},"8":{"loc":{"start":{"line":57,"column":53},"end":{"line":57,"column":73}},"type":"default-arg","locations":[{"start":{"line":57,"column":62},"end":{"line":57,"column":73}}],"line":57},"9":{"loc":{"start":{"line":58,"column":2},"end":{"line":58,"column":null}},"type":"if","locations":[{"start":{"line":58,"column":2},"end":{"line":58,"column":null}},{"start":{},"end":{}}],"line":58},"10":{"loc":{"start":{"line":58,"column":6},"end":{"line":58,"column":56}},"type":"binary-expr","locations":[{"start":{"line":58,"column":6},"end":{"line":58,"column":20}},{"start":{"line":58,"column":20},"end":{"line":58,"column":39}},{"start":{"line":58,"column":39},"end":{"line":58,"column":56}}],"line":58},"11":{"loc":{"start":{"line":64,"column":2},"end":{"line":64,"column":null}},"type":"if","locations":[{"start":{"line":64,"column":2},"end":{"line":64,"column":null}},{"start":{},"end":{}}],"line":64},"12":{"loc":{"start":{"line":66,"column":2},"end":{"line":66,"column":null}},"type":"if","locations":[{"start":{"line":66,"column":2},"end":{"line":66,"column":null}},{"start":{},"end":{}}],"line":66},"13":{"loc":{"start":{"line":72,"column":2},"end":{"line":72,"column":null}},"type":"if","locations":[{"start":{"line":72,"column":2},"end":{"line":72,"column":null}},{"start":{},"end":{}}],"line":72},"14":{"loc":{"start":{"line":74,"column":2},"end":{"line":74,"column":null}},"type":"if","locations":[{"start":{"line":74,"column":2},"end":{"line":74,"column":null}},{"start":{},"end":{}}],"line":74},"15":{"loc":{"start":{"line":80,"column":2},"end":{"line":80,"column":null}},"type":"if","locations":[{"start":{"line":80,"column":2},"end":{"line":80,"column":null}},{"start":{},"end":{}}],"line":80},"16":{"loc":{"start":{"line":80,"column":6},"end":{"line":80,"column":48}},"type":"binary-expr","locations":[{"start":{"line":80,"column":6},"end":{"line":80,"column":20}},{"start":{"line":80,"column":20},"end":{"line":80,"column":39}},{"start":{"line":80,"column":39},"end":{"line":80,"column":48}}],"line":80},"17":{"loc":{"start":{"line":81,"column":9},"end":{"line":81,"column":null}},"type":"cond-expr","locations":[{"start":{"line":81,"column":17},"end":{"line":81,"column":25}},{"start":{"line":81,"column":25},"end":{"line":81,"column":null}}],"line":81},"18":{"loc":{"start":{"line":85,"column":2},"end":{"line":85,"column":null}},"type":"if","locations":[{"start":{"line":85,"column":2},"end":{"line":85,"column":null}},{"start":{},"end":{}}],"line":85},"19":{"loc":{"start":{"line":85,"column":6},"end":{"line":85,"column":56}},"type":"binary-expr","locations":[{"start":{"line":85,"column":6},"end":{"line":85,"column":20}},{"start":{"line":85,"column":20},"end":{"line":85,"column":39}},{"start":{"line":85,"column":39},"end":{"line":85,"column":56}}],"line":85},"20":{"loc":{"start":{"line":87,"column":9},"end":{"line":87,"column":null}},"type":"cond-expr","locations":[{"start":{"line":87,"column":17},"end":{"line":87,"column":27}},{"start":{"line":87,"column":27},"end":{"line":87,"column":null}}],"line":87},"21":{"loc":{"start":{"line":87,"column":27},"end":{"line":87,"column":null}},"type":"cond-expr","locations":[{"start":{"line":87,"column":35},"end":{"line":87,"column":45}},{"start":{"line":87,"column":45},"end":{"line":87,"column":null}}],"line":87}},"s":{"0":2115,"1":26,"2":1445,"3":1445,"4":28,"5":28,"6":1445,"7":1069,"8":1069,"9":15,"10":376,"11":13,"12":907,"13":51,"14":856,"15":970,"16":3,"17":967,"18":376,"19":591,"20":215,"21":3,"22":212,"23":372,"24":35,"25":337,"26":337,"27":1,"28":336,"29":1680,"30":336,"31":69,"32":2,"33":67,"34":67,"35":1,"36":66,"37":296,"38":88,"39":208,"40":249,"41":36,"42":213,"43":213},"f":{"0":2115,"1":1445,"2":1069,"3":15,"4":376,"5":13,"6":907,"7":970,"8":215,"9":372,"10":1680,"11":69,"12":296,"13":249},"b":{"0":[1,2114],"1":[28,1417],"2":[907],"3":[51,856],"4":[907,888,857],"5":[3,967],"6":[970,969,968],"7":[376,591],"8":[215],"9":[3,212],"10":[215,214,213],"11":[35,337],"12":[1,336],"13":[2,67],"14":[1,66],"15":[88,208],"16":[296,293,259],"17":[152,56],"18":[36,213],"19":[249,248,214],"20":[43,170],"21":[132,38]},"meta":{"lastBranch":22,"lastFunction":14,"lastStatement":44,"seen":{"f:7:9:7:26":0,"s:8:2:8:Infinity":0,"b:8:30:8:40:8:40:8:Infinity":0,"s:11:23:11:Infinity":1,"f:13:9:13:16":1,"s:14:10:14:Infinity":2,"b:15:2:18:Infinity:undefined:undefined:undefined:undefined":1,"s:15:2:18:Infinity":3,"s:16:4:16:Infinity":4,"s:17:4:17:Infinity":5,"s:19:2:19:Infinity":6,"f:22:9:22:34":2,"s:23:12:23:Infinity":7,"s:24:2:31:Infinity":8,"f:24:28:24:Infinity":3,"s:25:4:30:Infinity":9,"f:34:9:34:39":4,"s:35:2:35:Infinity":10,"f:35:35:35:41":5,"s:35:41:35:72":11,"f:43:16:43:23":6,"b:43:65:43:80":2,"b:44:2:44:Infinity:undefined:undefined:undefined:undefined":3,"s:44:2:44:Infinity":12,"b:44:6:44:20:44:20:44:39:44:39:44:56":4,"s:44:56:44:Infinity":13,"s:45:2:45:Infinity":14,"f:48:16:48:23":7,"b:49:2:49:Infinity:undefined:undefined:undefined:undefined":5,"s:49:2:49:Infinity":15,"b:49:6:49:20:49:20:49:39:49:39:49:56":6,"s:49:56:49:Infinity":16,"b:50:2:50:Infinity:undefined:undefined:undefined:undefined":7,"s:50:2:50:Infinity":17,"s:50:28:50:Infinity":18,"s:51:2:54:Infinity":19,"f:57:16:57:23":8,"b:57:62:57:73":8,"b:58:2:58:Infinity:undefined:undefined:undefined:undefined":9,"s:58:2:58:Infinity":20,"b:58:6:58:20:58:20:58:39:58:39:58:56":10,"s:58:56:58:Infinity":21,"s:59:2:59:Infinity":22,"f:63:16:63:22":9,"b:64:2:64:Infinity:undefined:undefined:undefined:undefined":11,"s:64:2:64:Infinity":23,"s:64:12:64:Infinity":24,"s:65:12:65:Infinity":25,"b:66:2:66:Infinity:undefined:undefined:undefined:undefined":12,"s:66:2:66:Infinity":26,"s:66:33:66:Infinity":27,"s:67:12:67:Infinity":28,"f:67:12:67:13":10,"s:67:27:67:Infinity":29,"s:68:2:68:Infinity":30,"f:71:16:71:24":11,"b:72:2:72:Infinity:undefined:undefined:undefined:undefined":13,"s:72:2:72:Infinity":31,"s:72:12:72:Infinity":32,"s:73:12:73:Infinity":33,"b:74:2:74:Infinity:undefined:undefined:undefined:undefined":14,"s:74:2:74:Infinity":34,"s:74:33:74:Infinity":35,"s:75:2:75:Infinity":36,"f:79:16:79:25":12,"b:80:2:80:Infinity:undefined:undefined:undefined:undefined":15,"s:80:2:80:Infinity":37,"b:80:6:80:20:80:20:80:39:80:39:80:48":16,"s:80:48:80:Infinity":38,"s:81:2:81:Infinity":39,"b:81:17:81:25:81:25:81:Infinity":17,"f:84:16:84:29":13,"b:85:2:85:Infinity:undefined:undefined:undefined:undefined":18,"s:85:2:85:Infinity":40,"b:85:6:85:20:85:20:85:39:85:39:85:56":19,"s:85:56:85:Infinity":41,"s:86:12:86:Infinity":42,"s:87:2:87:Infinity":43,"b:87:17:87:27:87:27:87:Infinity":20,"b:87:35:87:45:87:45:87:Infinity":21},"fnNames":{}}}
,"C:\\Users\\HRT_15\\NomuTrade\\frontend\\src\\hooks.ts": {"path":"C:\\Users\\HRT_15\\NomuTrade\\frontend\\src\\hooks.ts","statementMap":{"0":{"start":{"line":10,"column":8},"end":{"line":10,"column":null}},"1":{"start":{"line":11,"column":2},"end":{"line":11,"column":null}},"2":{"start":{"line":13,"column":2},"end":{"line":19,"column":null}},"3":{"start":{"line":14,"column":4},"end":{"line":14,"column":null}},"4":{"start":{"line":15,"column":4},"end":{"line":15,"column":null}},"5":{"start":{"line":15,"column":25},"end":{"line":15,"column":null}},"6":{"start":{"line":16,"column":14},"end":{"line":16,"column":null}},"7":{"start":{"line":16,"column":32},"end":{"line":16,"column":49}},"8":{"start":{"line":17,"column":4},"end":{"line":17,"column":null}},"9":{"start":{"line":17,"column":17},"end":{"line":17,"column":null}},"10":{"start":{"line":46,"column":24},"end":{"line":46,"column":null}},"11":{"start":{"line":47,"column":22},"end":{"line":47,"column":null}},"12":{"start":{"line":48,"column":36},"end":{"line":48,"column":null}},"13":{"start":{"line":49,"column":24},"end":{"line":49,"column":null}},"14":{"start":{"line":50,"column":8},"end":{"line":50,"column":null}},"15":{"start":{"line":51,"column":8},"end":{"line":51,"column":null}},"16":{"start":{"line":53,"column":2},"end":{"line":68,"column":null}},"17":{"start":{"line":54,"column":26},"end":{"line":54,"column":null}},"18":{"start":{"line":55,"column":4},"end":{"line":55,"column":null}},"19":{"start":{"line":56,"column":32},"end":{"line":56,"column":null}},"20":{"start":{"line":57,"column":4},"end":{"line":57,"column":null}},"21":{"start":{"line":58,"column":4},"end":{"line":67,"column":null}},"22":{"start":{"line":59,"column":6},"end":{"line":59,"column":null}},"23":{"start":{"line":60,"column":6},"end":{"line":60,"column":null}},"24":{"start":{"line":61,"column":6},"end":{"line":61,"column":null}},"25":{"start":{"line":62,"column":6},"end":{"line":62,"column":null}},"26":{"start":{"line":63,"column":4},"end":{"line":67,"column":null}},"27":{"start":{"line":64,"column":6},"end":{"line":64,"column":null}},"28":{"start":{"line":64,"column":24},"end":{"line":64,"column":null}},"29":{"start":{"line":65,"column":6},"end":{"line":65,"column":null}},"30":{"start":{"line":65,"column":23},"end":{"line":65,"column":null}},"31":{"start":{"line":66,"column":6},"end":{"line":66,"column":null}},"32":{"start":{"line":66,"column":24},"end":{"line":66,"column":null}},"33":{"start":{"line":70,"column":2},"end":{"line":86,"column":null}},"34":{"start":{"line":75,"column":6},"end":{"line":75,"column":null}},"35":{"start":{"line":75,"column":23},"end":{"line":75,"column":45}},"36":{"start":{"line":76,"column":6},"end":{"line":76,"column":null}},"37":{"start":{"line":79,"column":6},"end":{"line":79,"column":null}},"38":{"start":{"line":79,"column":23},"end":{"line":79,"column":44}},"39":{"start":{"line":80,"column":6},"end":{"line":80,"column":null}},"40":{"start":{"line":83,"column":6},"end":{"line":83,"column":null}},"41":{"start":{"line":83,"column":23},"end":{"line":83,"column":45}},"42":{"start":{"line":84,"column":6},"end":{"line":84,"column":null}},"43":{"start":{"line":99,"column":8},"end":{"line":99,"column":null}},"44":{"start":{"line":100,"column":2},"end":{"line":100,"column":null}},"45":{"start":{"line":102,"column":2},"end":{"line":102,"column":null}},"46":{"start":{"line":102,"column":18},"end":{"line":102,"column":73}},"47":{"start":{"line":102,"column":52},"end":{"line":102,"column":70}},"48":{"start":{"line":107,"column":24},"end":{"line":107,"column":null}},"49":{"start":{"line":107,"column":52},"end":{"line":107,"column":71}},"50":{"start":{"line":108,"column":2},"end":{"line":108,"column":null}},"51":{"start":{"line":108,"column":18},"end":{"line":108,"column":46}},"52":{"start":{"line":109,"column":2},"end":{"line":109,"column":null}}},"fnMap":{"0":{"name":"usePoll","decl":{"start":{"line":9,"column":16},"end":{"line":9,"column":24}},"loc":{"start":{"line":9,"column":88},"end":{"line":20,"column":null}},"line":9},"1":{"name":"(anonymous_1)","decl":{"start":{"line":13,"column":12},"end":{"line":13,"column":18}},"loc":{"start":{"line":13,"column":18},"end":{"line":19,"column":5}},"line":13},"2":{"name":"(anonymous_2)","decl":{"start":{"line":16,"column":26},"end":{"line":16,"column":32}},"loc":{"start":{"line":16,"column":32},"end":{"line":16,"column":49}},"line":16},"3":{"name":"(anonymous_3)","decl":{"start":{"line":17,"column":11},"end":{"line":17,"column":17}},"loc":{"start":{"line":17,"column":17},"end":{"line":17,"column":null}},"line":17},"4":{"name":"useAnchoredPriceFields","decl":{"start":{"line":42,"column":16},"end":{"line":42,"column":null}},"loc":{"start":{"line":45,"column":23},"end":{"line":87,"column":null}},"line":45},"5":{"name":"(anonymous_5)","decl":{"start":{"line":53,"column":12},"end":{"line":53,"column":18}},"loc":{"start":{"line":53,"column":18},"end":{"line":68,"column":5}},"line":53},"6":{"name":"(anonymous_6)","decl":{"start":{"line":74,"column":19},"end":{"line":74,"column":20}},"loc":{"start":{"line":74,"column":26},"end":{"line":77,"column":null}},"line":74},"7":{"name":"(anonymous_7)","decl":{"start":{"line":75,"column":15},"end":{"line":75,"column":16}},"loc":{"start":{"line":75,"column":23},"end":{"line":75,"column":45}},"line":75},"8":{"name":"(anonymous_8)","decl":{"start":{"line":78,"column":18},"end":{"line":78,"column":19}},"loc":{"start":{"line":78,"column":25},"end":{"line":81,"column":null}},"line":78},"9":{"name":"(anonymous_9)","decl":{"start":{"line":79,"column":15},"end":{"line":79,"column":16}},"loc":{"start":{"line":79,"column":23},"end":{"line":79,"column":44}},"line":79},"10":{"name":"(anonymous_10)","decl":{"start":{"line":82,"column":25},"end":{"line":82,"column":26}},"loc":{"start":{"line":82,"column":32},"end":{"line":85,"column":null}},"line":82},"11":{"name":"(anonymous_11)","decl":{"start":{"line":83,"column":15},"end":{"line":83,"column":16}},"loc":{"start":{"line":83,"column":23},"end":{"line":83,"column":45}},"line":83},"12":{"name":"useWsMessage","decl":{"start":{"line":94,"column":16},"end":{"line":94,"column":null}},"loc":{"start":{"line":98,"column":8},"end":{"line":103,"column":null}},"line":98},"13":{"name":"(anonymous_13)","decl":{"start":{"line":102,"column":12},"end":{"line":102,"column":18}},"loc":{"start":{"line":102,"column":18},"end":{"line":102,"column":73}},"line":102},"14":{"name":"(anonymous_14)","decl":{"start":{"line":102,"column":43},"end":{"line":102,"column":44}},"loc":{"start":{"line":102,"column":52},"end":{"line":102,"column":70}},"line":102},"15":{"name":"useWsState","decl":{"start":{"line":106,"column":16},"end":{"line":106,"column":38}},"loc":{"start":{"line":106,"column":38},"end":{"line":110,"column":null}},"line":106},"16":{"name":"(anonymous_16)","decl":{"start":{"line":107,"column":46},"end":{"line":107,"column":52}},"loc":{"start":{"line":107,"column":52},"end":{"line":107,"column":71}},"line":107},"17":{"name":"(anonymous_17)","decl":{"start":{"line":108,"column":12},"end":{"line":108,"column":18}},"loc":{"start":{"line":108,"column":18},"end":{"line":108,"column":46}},"line":108}},"branchMap":{"0":{"loc":{"start":{"line":9,"column":60},"end":{"line":9,"column":88}},"type":"default-arg","locations":[{"start":{"line":9,"column":78},"end":{"line":9,"column":88}}],"line":9},"1":{"loc":{"start":{"line":15,"column":4},"end":{"line":15,"column":null}},"type":"if","locations":[{"start":{"line":15,"column":4},"end":{"line":15,"column":null}},{"start":{},"end":{}}],"line":15},"2":{"loc":{"start":{"line":56,"column":32},"end":{"line":56,"column":null}},"type":"binary-expr","locations":[{"start":{"line":56,"column":32},"end":{"line":56,"column":49}},{"start":{"line":56,"column":49},"end":{"line":56,"column":null}}],"line":56},"3":{"loc":{"start":{"line":58,"column":4},"end":{"line":67,"column":null}},"type":"if","locations":[{"start":{"line":58,"column":4},"end":{"line":67,"column":null}},{"start":{"line":63,"column":4},"end":{"line":67,"column":null}}],"line":58},"4":{"loc":{"start":{"line":60,"column":15},"end":{"line":60,"column":48}},"type":"cond-expr","locations":[{"start":{"line":60,"column":31},"end":{"line":60,"column":46}},{"start":{"line":60,"column":46},"end":{"line":60,"column":48}}],"line":60},"5":{"loc":{"start":{"line":61,"column":14},"end":{"line":61,"column":47}},"type":"cond-expr","locations":[{"start":{"line":61,"column":30},"end":{"line":61,"column":45}},{"start":{"line":61,"column":45},"end":{"line":61,"column":47}}],"line":61},"6":{"loc":{"start":{"line":62,"column":21},"end":{"line":62,"column":54}},"type":"cond-expr","locations":[{"start":{"line":62,"column":37},"end":{"line":62,"column":52}},{"start":{"line":62,"column":52},"end":{"line":62,"column":54}}],"line":62},"7":{"loc":{"start":{"line":63,"column":4},"end":{"line":67,"column":null}},"type":"if","locations":[{"start":{"line":63,"column":4},"end":{"line":67,"column":null}},{"start":{},"end":{}}],"line":63},"8":{"loc":{"start":{"line":64,"column":6},"end":{"line":64,"column":null}},"type":"if","locations":[{"start":{"line":64,"column":6},"end":{"line":64,"column":null}},{"start":{},"end":{}}],"line":64},"9":{"loc":{"start":{"line":65,"column":6},"end":{"line":65,"column":null}},"type":"if","locations":[{"start":{"line":65,"column":6},"end":{"line":65,"column":null}},{"start":{},"end":{}}],"line":65},"10":{"loc":{"start":{"line":66,"column":6},"end":{"line":66,"column":null}},"type":"if","locations":[{"start":{"line":66,"column":6},"end":{"line":66,"column":null}},{"start":{},"end":{}}],"line":66},"11":{"loc":{"start":{"line":97,"column":2},"end":{"line":97,"column":null}},"type":"default-arg","locations":[{"start":{"line":97,"column":20},"end":{"line":97,"column":null}}],"line":97}},"s":{"0":586,"1":586,"2":586,"3":182,"4":182,"5":31,"6":151,"7":10,"8":151,"9":151,"10":144,"11":144,"12":144,"13":144,"14":144,"15":144,"16":144,"17":60,"18":60,"19":60,"20":60,"21":60,"22":2,"23":2,"24":2,"25":2,"26":58,"27":30,"28":30,"29":30,"30":29,"31":30,"32":30,"33":144,"34":4,"35":4,"36":4,"37":2,"38":2,"39":2,"40":2,"41":2,"42":2,"43":154,"44":154,"45":154,"46":48,"47":3,"48":88,"49":23,"50":88,"51":23,"52":88},"f":{"0":586,"1":182,"2":10,"3":151,"4":144,"5":60,"6":4,"7":4,"8":2,"9":2,"10":2,"11":2,"12":154,"13":48,"14":3,"15":88,"16":23,"17":23},"b":{"0":[586],"1":[31,151],"2":[60,42],"3":[2,58],"4":[1,1],"5":[1,1],"6":[1,1],"7":[30,28],"8":[30,0],"9":[29,1],"10":[30,0],"11":[154]},"meta":{"lastBranch":12,"lastFunction":18,"lastStatement":53,"seen":{"f:9:16:9:24":0,"b:9:78:9:88":0,"s:10:8:10:Infinity":0,"s:11:2:11:Infinity":1,"s:13:2:19:Infinity":2,"f:13:12:13:18":1,"s:14:4:14:Infinity":3,"b:15:4:15:Infinity:undefined:undefined:undefined:undefined":1,"s:15:4:15:Infinity":4,"s:15:25:15:Infinity":5,"s:16:14:16:Infinity":6,"f:16:26:16:32":2,"s:16:32:16:49":7,"s:17:4:17:Infinity":8,"f:17:11:17:17":3,"s:17:17:17:Infinity":9,"f:42:16:42:Infinity":4,"s:46:24:46:Infinity":10,"s:47:22:47:Infinity":11,"s:48:36:48:Infinity":12,"s:49:24:49:Infinity":13,"s:50:8:50:Infinity":14,"s:51:8:51:Infinity":15,"s:53:2:68:Infinity":16,"f:53:12:53:18":5,"s:54:26:54:Infinity":17,"s:55:4:55:Infinity":18,"s:56:32:56:Infinity":19,"b:56:32:56:49:56:49:56:Infinity":2,"s:57:4:57:Infinity":20,"b:58:4:67:Infinity:63:4:67:Infinity":3,"s:58:4:67:Infinity":21,"s:59:6:59:Infinity":22,"s:60:6:60:Infinity":23,"b:60:31:60:46:60:46:60:48":4,"s:61:6:61:Infinity":24,"b:61:30:61:45:61:45:61:47":5,"s:62:6:62:Infinity":25,"b:62:37:62:52:62:52:62:54":6,"b:63:4:67:Infinity:undefined:undefined:undefined:undefined":7,"s:63:4:67:Infinity":26,"b:64:6:64:Infinity:undefined:undefined:undefined:undefined":8,"s:64:6:64:Infinity":27,"s:64:24:64:Infinity":28,"b:65:6:65:Infinity:undefined:undefined:undefined:undefined":9,"s:65:6:65:Infinity":29,"s:65:23:65:Infinity":30,"b:66:6:66:Infinity:undefined:undefined:undefined:undefined":10,"s:66:6:66:Infinity":31,"s:66:24:66:Infinity":32,"s:70:2:86:Infinity":33,"f:74:19:74:20":6,"s:75:6:75:Infinity":34,"f:75:15:75:16":7,"s:75:23:75:45":35,"s:76:6:76:Infinity":36,"f:78:18:78:19":8,"s:79:6:79:Infinity":37,"f:79:15:79:16":9,"s:79:23:79:44":38,"s:80:6:80:Infinity":39,"f:82:25:82:26":10,"s:83:6:83:Infinity":40,"f:83:15:83:16":11,"s:83:23:83:45":41,"s:84:6:84:Infinity":42,"f:94:16:94:Infinity":12,"b:97:20:97:Infinity":11,"s:99:8:99:Infinity":43,"s:100:2:100:Infinity":44,"s:102:2:102:Infinity":45,"f:102:12:102:18":13,"s:102:18:102:73":46,"f:102:43:102:44":14,"s:102:52:102:70":47,"f:106:16:106:38":15,"s:107:24:107:Infinity":48,"f:107:46:107:52":16,"s:107:52:107:71":49,"s:108:2:108:Infinity":50,"f:108:12:108:18":17,"s:108:18:108:46":51,"s:109:2:109:Infinity":52},"fnNames":{}}}
,"C:\\Users\\HRT_15\\NomuTrade\\frontend\\src\\personas.ts": {"path":"C:\\Users\\HRT_15\\NomuTrade\\frontend\\src\\personas.ts","statementMap":{"0":{"start":{"line":17,"column":14},"end":{"line":17,"column":null}},"1":{"start":{"line":17,"column":29},"end":{"line":17,"column":null}},"2":{"start":{"line":18,"column":2},"end":{"line":18,"column":null}},"3":{"start":{"line":18,"column":27},"end":{"line":18,"column":null}},"4":{"start":{"line":19,"column":2},"end":{"line":27,"column":null}},"5":{"start":{"line":26,"column":4},"end":{"line":26,"column":null}},"6":{"start":{"line":28,"column":2},"end":{"line":28,"column":null}},"7":{"start":{"line":28,"column":25},"end":{"line":28,"column":null}},"8":{"start":{"line":29,"column":2},"end":{"line":29,"column":null}},"9":{"start":{"line":29,"column":65},"end":{"line":29,"column":null}},"10":{"start":{"line":32,"column":2},"end":{"line":32,"column":null}},"11":{"start":{"line":32,"column":29},"end":{"line":32,"column":null}},"12":{"start":{"line":33,"column":2},"end":{"line":33,"column":null}},"13":{"start":{"line":60,"column":43},"end":{"line":100,"column":null}},"14":{"start":{"line":104,"column":54},"end":{"line":123,"column":null}},"15":{"start":{"line":134,"column":16},"end":{"line":136,"column":null}},"16":{"start":{"line":135,"column":17},"end":{"line":135,"column":25}},"17":{"start":{"line":136,"column":17},"end":{"line":136,"column":67}},"18":{"start":{"line":136,"column":49},"end":{"line":136,"column":66}},"19":{"start":{"line":137,"column":2},"end":{"line":137,"column":null}}},"fnMap":{"0":{"name":"detectPersona","decl":{"start":{"line":16,"column":16},"end":{"line":16,"column":30}},"loc":{"start":{"line":16,"column":56},"end":{"line":34,"column":null}},"line":16},"1":{"name":"(anonymous_1)","decl":{"start":{"line":17,"column":14},"end":{"line":17,"column":15}},"loc":{"start":{"line":17,"column":29},"end":{"line":17,"column":null}},"line":17},"2":{"name":"personaHome","decl":{"start":{"line":133,"column":16},"end":{"line":133,"column":28}},"loc":{"start":{"line":133,"column":71},"end":{"line":138,"column":null}},"line":133},"3":{"name":"(anonymous_3)","decl":{"start":{"line":135,"column":9},"end":{"line":135,"column":10}},"loc":{"start":{"line":135,"column":17},"end":{"line":135,"column":25}},"line":135},"4":{"name":"(anonymous_4)","decl":{"start":{"line":136,"column":10},"end":{"line":136,"column":11}},"loc":{"start":{"line":136,"column":17},"end":{"line":136,"column":67}},"line":136},"5":{"name":"(anonymous_5)","decl":{"start":{"line":136,"column":42},"end":{"line":136,"column":43}},"loc":{"start":{"line":136,"column":49},"end":{"line":136,"column":66}},"line":136}},"branchMap":{"0":{"loc":{"start":{"line":18,"column":2},"end":{"line":18,"column":null}},"type":"if","locations":[{"start":{"line":18,"column":2},"end":{"line":18,"column":null}},{"start":{},"end":{}}],"line":18},"1":{"loc":{"start":{"line":19,"column":2},"end":{"line":27,"column":null}},"type":"if","locations":[{"start":{"line":19,"column":2},"end":{"line":27,"column":null}},{"start":{},"end":{}}],"line":19},"2":{"loc":{"start":{"line":20,"column":4},"end":{"line":24,"column":null}},"type":"binary-expr","locations":[{"start":{"line":20,"column":4},"end":{"line":20,"column":null}},{"start":{"line":21,"column":4},"end":{"line":21,"column":null}},{"start":{"line":22,"column":4},"end":{"line":22,"column":null}},{"start":{"line":23,"column":4},"end":{"line":23,"column":null}},{"start":{"line":24,"column":4},"end":{"line":24,"column":null}}],"line":20},"3":{"loc":{"start":{"line":28,"column":2},"end":{"line":28,"column":null}},"type":"if","locations":[{"start":{"line":28,"column":2},"end":{"line":28,"column":null}},{"start":{},"end":{}}],"line":28},"4":{"loc":{"start":{"line":29,"column":2},"end":{"line":29,"column":null}},"type":"if","locations":[{"start":{"line":29,"column":2},"end":{"line":29,"column":null}},{"start":{},"end":{}}],"line":29},"5":{"loc":{"start":{"line":29,"column":6},"end":{"line":29,"column":65}},"type":"binary-expr","locations":[{"start":{"line":29,"column":6},"end":{"line":29,"column":36}},{"start":{"line":29,"column":36},"end":{"line":29,"column":65}}],"line":29},"6":{"loc":{"start":{"line":32,"column":2},"end":{"line":32,"column":null}},"type":"if","locations":[{"start":{"line":32,"column":2},"end":{"line":32,"column":null}},{"start":{},"end":{}}],"line":32},"7":{"loc":{"start":{"line":136,"column":17},"end":{"line":136,"column":67}},"type":"binary-expr","locations":[{"start":{"line":136,"column":17},"end":{"line":136,"column":29}},{"start":{"line":136,"column":29},"end":{"line":136,"column":67}}],"line":136},"8":{"loc":{"start":{"line":137,"column":9},"end":{"line":137,"column":null}},"type":"binary-expr","locations":[{"start":{"line":137,"column":9},"end":{"line":137,"column":22}},{"start":{"line":137,"column":22},"end":{"line":137,"column":null}}],"line":137}},"s":{"0":27,"1":181,"2":27,"3":5,"4":22,"5":5,"6":17,"7":3,"8":14,"9":3,"10":11,"11":1,"12":10,"13":4,"14":4,"15":24,"16":203,"17":40,"18":50,"19":24},"f":{"0":27,"1":181,"2":24,"3":203,"4":40,"5":50},"b":{"0":[5,22],"1":[5,17],"2":[22,21,20,19,18],"3":[3,14],"4":[3,11],"5":[14,12],"6":[1,10],"7":[40,25],"8":[24,0]},"meta":{"lastBranch":9,"lastFunction":6,"lastStatement":20,"seen":{"f:16:16:16:30":0,"s:17:14:17:Infinity":0,"f:17:14:17:15":1,"s:17:29:17:Infinity":1,"b:18:2:18:Infinity:undefined:undefined:undefined:undefined":0,"s:18:2:18:Infinity":2,"s:18:27:18:Infinity":3,"b:19:2:27:Infinity:undefined:undefined:undefined:undefined":1,"s:19:2:27:Infinity":4,"b:20:4:20:Infinity:21:4:21:Infinity:22:4:22:Infinity:23:4:23:Infinity:24:4:24:Infinity":2,"s:26:4:26:Infinity":5,"b:28:2:28:Infinity:undefined:undefined:undefined:undefined":3,"s:28:2:28:Infinity":6,"s:28:25:28:Infinity":7,"b:29:2:29:Infinity:undefined:undefined:undefined:undefined":4,"s:29:2:29:Infinity":8,"b:29:6:29:36:29:36:29:65":5,"s:29:65:29:Infinity":9,"b:32:2:32:Infinity:undefined:undefined:undefined:undefined":6,"s:32:2:32:Infinity":10,"s:32:29:32:Infinity":11,"s:33:2:33:Infinity":12,"s:60:43:100:Infinity":13,"s:104:54:123:Infinity":14,"f:133:16:133:28":2,"s:134:16:136:Infinity":15,"f:135:9:135:10":3,"s:135:17:135:25":16,"f:136:10:136:11":4,"s:136:17:136:67":17,"b:136:17:136:29:136:29:136:67":7,"f:136:42:136:43":5,"s:136:49:136:66":18,"s:137:2:137:Infinity":19,"b:137:9:137:22:137:22:137:Infinity":8},"fnNames":{}}}
,"C:\\Users\\HRT_15\\NomuTrade\\frontend\\src\\styles.css": {"path":"C:\\Users\\HRT_15\\NomuTrade\\frontend\\src\\styles.css","statementMap":{},"fnMap":{},"branchMap":{},"s":{},"f":{},"b":{},"meta":{"lastBranch":0,"lastFunction":0,"lastStatement":0,"seen":{},"fnNames":{}}}
,"C:\\Users\\HRT_15\\NomuTrade\\frontend\\src\\api\\client.ts": {"path":"C:\\Users\\HRT_15\\NomuTrade\\frontend\\src\\api\\client.ts","statementMap":{"0":{"start":{"line":3,"column":20},"end":{"line":3,"column":null}},"1":{"start":{"line":4,"column":18},"end":{"line":4,"column":null}},"2":{"start":{"line":7,"column":2},"end":{"line":7,"column":null}},"3":{"start":{"line":11,"column":2},"end":{"line":12,"column":null}},"4":{"start":{"line":11,"column":13},"end":{"line":11,"column":null}},"5":{"start":{"line":12,"column":7},"end":{"line":12,"column":null}},"6":{"start":{"line":23,"column":4},"end":{"line":23,"column":null}},"7":{"start":{"line":24,"column":4},"end":{"line":24,"column":null}},"8":{"start":{"line":25,"column":4},"end":{"line":25,"column":null}},"9":{"start":{"line":26,"column":4},"end":{"line":26,"column":null}},"10":{"start":{"line":27,"column":4},"end":{"line":27,"column":null}},"11":{"start":{"line":28,"column":4},"end":{"line":28,"column":null}},"12":{"start":{"line":33,"column":43},"end":{"line":33,"column":null}},"13":{"start":{"line":37,"column":2},"end":{"line":37,"column":null}},"14":{"start":{"line":58,"column":14},"end":{"line":58,"column":null}},"15":{"start":{"line":59,"column":2},"end":{"line":63,"column":null}},"16":{"start":{"line":60,"column":4},"end":{"line":62,"column":null}},"17":{"start":{"line":61,"column":6},"end":{"line":61,"column":null}},"18":{"start":{"line":61,"column":39},"end":{"line":61,"column":null}},"19":{"start":{"line":65,"column":42},"end":{"line":65,"column":null}},"20":{"start":{"line":66,"column":16},"end":{"line":66,"column":null}},"21":{"start":{"line":67,"column":2},"end":{"line":67,"column":null}},"22":{"start":{"line":67,"column":13},"end":{"line":67,"column":null}},"23":{"start":{"line":70,"column":2},"end":{"line":73,"column":null}},"24":{"start":{"line":71,"column":4},"end":{"line":71,"column":null}},"25":{"start":{"line":72,"column":4},"end":{"line":72,"column":null}},"26":{"start":{"line":76,"column":2},"end":{"line":82,"column":null}},"27":{"start":{"line":77,"column":4},"end":{"line":77,"column":null}},"28":{"start":{"line":79,"column":16},"end":{"line":79,"column":null}},"29":{"start":{"line":80,"column":4},"end":{"line":80,"column":null}},"30":{"start":{"line":80,"column":30},"end":{"line":80,"column":null}},"31":{"start":{"line":81,"column":4},"end":{"line":81,"column":null}},"32":{"start":{"line":84,"column":2},"end":{"line":91,"column":null}},"33":{"start":{"line":86,"column":4},"end":{"line":86,"column":null}},"34":{"start":{"line":87,"column":4},"end":{"line":89,"column":null}},"35":{"start":{"line":88,"column":6},"end":{"line":88,"column":null}},"36":{"start":{"line":90,"column":4},"end":{"line":90,"column":null}},"37":{"start":{"line":93,"column":22},"end":{"line":93,"column":null}},"38":{"start":{"line":95,"column":2},"end":{"line":116,"column":null}},"39":{"start":{"line":96,"column":29},"end":{"line":96,"column":null}},"40":{"start":{"line":97,"column":4},"end":{"line":112,"column":null}},"41":{"start":{"line":98,"column":6},"end":{"line":111,"column":null}},"42":{"start":{"line":99,"column":32},"end":{"line":99,"column":null}},"43":{"start":{"line":100,"column":8},"end":{"line":108,"column":null}},"44":{"start":{"line":101,"column":23},"end":{"line":101,"column":null}},"45":{"start":{"line":102,"column":10},"end":{"line":107,"column":null}},"46":{"start":{"line":113,"column":16},"end":{"line":113,"column":null}},"47":{"start":{"line":114,"column":4},"end":{"line":114,"column":null}},"48":{"start":{"line":114,"column":30},"end":{"line":114,"column":null}},"49":{"start":{"line":115,"column":4},"end":{"line":115,"column":null}},"50":{"start":{"line":118,"column":2},"end":{"line":118,"column":null}},"51":{"start":{"line":118,"column":16},"end":{"line":118,"column":null}},"52":{"start":{"line":119,"column":2},"end":{"line":119,"column":null}},"53":{"start":{"line":119,"column":26},"end":{"line":119,"column":null}},"54":{"start":{"line":120,"column":2},"end":{"line":120,"column":null}},"55":{"start":{"line":120,"column":48},"end":{"line":120,"column":null}},"56":{"start":{"line":121,"column":2},"end":{"line":121,"column":null}},"57":{"start":{"line":130,"column":14},"end":{"line":130,"column":null}},"58":{"start":{"line":131,"column":15},"end":{"line":131,"column":null}},"59":{"start":{"line":132,"column":13},"end":{"line":132,"column":null}},"60":{"start":{"line":133,"column":16},"end":{"line":133,"column":null}},"61":{"start":{"line":134,"column":19},"end":{"line":134,"column":null}},"62":{"start":{"line":135,"column":14},"end":{"line":135,"column":null}},"63":{"start":{"line":136,"column":12},"end":{"line":136,"column":null}},"64":{"start":{"line":137,"column":2},"end":{"line":137,"column":null}},"65":{"start":{"line":138,"column":2},"end":{"line":138,"column":null}},"66":{"start":{"line":139,"column":2},"end":{"line":139,"column":null}},"67":{"start":{"line":140,"column":2},"end":{"line":140,"column":null}},"68":{"start":{"line":141,"column":2},"end":{"line":141,"column":null}},"69":{"start":{"line":142,"column":2},"end":{"line":142,"column":null}}},"fnMap":{"0":{"name":"getToken","decl":{"start":{"line":6,"column":16},"end":{"line":6,"column":42}},"loc":{"start":{"line":6,"column":42},"end":{"line":8,"column":null}},"line":6},"1":{"name":"setToken","decl":{"start":{"line":10,"column":16},"end":{"line":10,"column":25}},"loc":{"start":{"line":10,"column":53},"end":{"line":13,"column":null}},"line":10},"2":{"name":"constructor","decl":{"start":{"line":22,"column":2},"end":{"line":22,"column":14}},"loc":{"start":{"line":22,"column":47},"end":{"line":29,"column":null}},"line":22},"3":{"name":"setApiErrorHandler","decl":{"start":{"line":36,"column":16},"end":{"line":36,"column":35}},"loc":{"start":{"line":36,"column":69},"end":{"line":38,"column":null}},"line":36},"4":{"name":"api","decl":{"start":{"line":57,"column":22},"end":{"line":57,"column":29}},"loc":{"start":{"line":57,"column":82},"end":{"line":122,"column":null}},"line":57},"5":{"name":"downloadFile","decl":{"start":{"line":125,"column":22},"end":{"line":125,"column":null}},"loc":{"start":{"line":129,"column":17},"end":{"line":143,"column":null}},"line":129}},"branchMap":{"0":{"loc":{"start":{"line":11,"column":2},"end":{"line":12,"column":null}},"type":"if","locations":[{"start":{"line":11,"column":2},"end":{"line":12,"column":null}},{"start":{"line":12,"column":7},"end":{"line":12,"column":null}}],"line":11},"1":{"loc":{"start":{"line":57,"column":43},"end":{"line":57,"column":82}},"type":"default-arg","locations":[{"start":{"line":57,"column":66},"end":{"line":57,"column":82}}],"line":57},"2":{"loc":{"start":{"line":59,"column":2},"end":{"line":63,"column":null}},"type":"if","locations":[{"start":{"line":59,"column":2},"end":{"line":63,"column":null}},{"start":{},"end":{}}],"line":59},"3":{"loc":{"start":{"line":61,"column":6},"end":{"line":61,"column":null}},"type":"if","locations":[{"start":{"line":61,"column":6},"end":{"line":61,"column":null}},{"start":{},"end":{}}],"line":61},"4":{"loc":{"start":{"line":61,"column":10},"end":{"line":61,"column":39}},"type":"binary-expr","locations":[{"start":{"line":61,"column":10},"end":{"line":61,"column":29}},{"start":{"line":61,"column":29},"end":{"line":61,"column":39}}],"line":61},"5":{"loc":{"start":{"line":67,"column":2},"end":{"line":67,"column":null}},"type":"if","locations":[{"start":{"line":67,"column":2},"end":{"line":67,"column":null}},{"start":{},"end":{}}],"line":67},"6":{"loc":{"start":{"line":70,"column":2},"end":{"line":73,"column":null}},"type":"if","locations":[{"start":{"line":70,"column":2},"end":{"line":73,"column":null}},{"start":{},"end":{}}],"line":70},"7":{"loc":{"start":{"line":77,"column":48},"end":{"line":77,"column":70}},"type":"binary-expr","locations":[{"start":{"line":77,"column":48},"end":{"line":77,"column":63}},{"start":{"line":77,"column":63},"end":{"line":77,"column":70}}],"line":77},"8":{"loc":{"start":{"line":80,"column":4},"end":{"line":80,"column":null}},"type":"if","locations":[{"start":{"line":80,"column":4},"end":{"line":80,"column":null}},{"start":{},"end":{}}],"line":80},"9":{"loc":{"start":{"line":84,"column":2},"end":{"line":91,"column":null}},"type":"if","locations":[{"start":{"line":84,"column":2},"end":{"line":91,"column":null}},{"start":{},"end":{}}],"line":84},"10":{"loc":{"start":{"line":84,"column":6},"end":{"line":84,"column":52}},"type":"binary-expr","locations":[{"start":{"line":84,"column":6},"end":{"line":84,"column":28}},{"start":{"line":84,"column":28},"end":{"line":84,"column":52}}],"line":84},"11":{"loc":{"start":{"line":87,"column":4},"end":{"line":89,"column":null}},"type":"if","locations":[{"start":{"line":87,"column":4},"end":{"line":89,"column":null}},{"start":{},"end":{}}],"line":87},"12":{"loc":{"start":{"line":93,"column":22},"end":{"line":93,"column":null}},"type":"binary-expr","locations":[{"start":{"line":93,"column":22},"end":{"line":93,"column":57}},{"start":{"line":93,"column":57},"end":{"line":93,"column":null}}],"line":93},"13":{"loc":{"start":{"line":95,"column":2},"end":{"line":116,"column":null}},"type":"if","locations":[{"start":{"line":95,"column":2},"end":{"line":116,"column":null}},{"start":{},"end":{}}],"line":95},"14":{"loc":{"start":{"line":96,"column":68},"end":{"line":96,"column":119}},"type":"binary-expr","locations":[{"start":{"line":96,"column":68},"end":{"line":96,"column":86}},{"start":{"line":96,"column":86},"end":{"line":96,"column":119}}],"line":96},"15":{"loc":{"start":{"line":97,"column":4},"end":{"line":112,"column":null}},"type":"if","locations":[{"start":{"line":97,"column":4},"end":{"line":112,"column":null}},{"start":{},"end":{}}],"line":97},"16":{"loc":{"start":{"line":100,"column":8},"end":{"line":108,"column":null}},"type":"if","locations":[{"start":{"line":100,"column":8},"end":{"line":108,"column":null}},{"start":{},"end":{}}],"line":100},"17":{"loc":{"start":{"line":100,"column":12},"end":{"line":100,"column":71}},"type":"binary-expr","locations":[{"start":{"line":100,"column":12},"end":{"line":100,"column":22}},{"start":{"line":100,"column":22},"end":{"line":100,"column":52}},{"start":{"line":100,"column":52},"end":{"line":100,"column":71}}],"line":100},"18":{"loc":{"start":{"line":103,"column":18},"end":{"line":103,"column":null}},"type":"cond-expr","locations":[{"start":{"line":103,"column":49},"end":{"line":103,"column":60}},{"start":{"line":103,"column":60},"end":{"line":103,"column":null}}],"line":103},"19":{"loc":{"start":{"line":104,"column":21},"end":{"line":104,"column":null}},"type":"cond-expr","locations":[{"start":{"line":104,"column":55},"end":{"line":104,"column":69}},{"start":{"line":104,"column":69},"end":{"line":104,"column":null}}],"line":104},"20":{"loc":{"start":{"line":106,"column":21},"end":{"line":106,"column":null}},"type":"cond-expr","locations":[{"start":{"line":106,"column":55},"end":{"line":106,"column":69}},{"start":{"line":106,"column":69},"end":{"line":106,"column":null}}],"line":106},"21":{"loc":{"start":{"line":114,"column":4},"end":{"line":114,"column":null}},"type":"if","locations":[{"start":{"line":114,"column":4},"end":{"line":114,"column":null}},{"start":{},"end":{}}],"line":114},"22":{"loc":{"start":{"line":118,"column":2},"end":{"line":118,"column":null}},"type":"if","locations":[{"start":{"line":118,"column":2},"end":{"line":118,"column":null}},{"start":{},"end":{}}],"line":118},"23":{"loc":{"start":{"line":119,"column":2},"end":{"line":119,"column":null}},"type":"if","locations":[{"start":{"line":119,"column":2},"end":{"line":119,"column":null}},{"start":{},"end":{}}],"line":119},"24":{"loc":{"start":{"line":120,"column":2},"end":{"line":120,"column":null}},"type":"if","locations":[{"start":{"line":120,"column":2},"end":{"line":120,"column":null}},{"start":{},"end":{}}],"line":120},"25":{"loc":{"start":{"line":132,"column":13},"end":{"line":132,"column":null}},"type":"binary-expr","locations":[{"start":{"line":132,"column":13},"end":{"line":132,"column":55}},{"start":{"line":132,"column":55},"end":{"line":132,"column":null}}],"line":132},"26":{"loc":{"start":{"line":134,"column":19},"end":{"line":134,"column":null}},"type":"cond-expr","locations":[{"start":{"line":134,"column":27},"end":{"line":134,"column":76}},{"start":{"line":134,"column":76},"end":{"line":134,"column":null}}],"line":134}},"s":{"0":24,"1":24,"2":43,"3":19,"4":15,"5":4,"6":14,"7":14,"8":14,"9":14,"10":14,"11":14,"12":24,"13":235,"14":15,"15":15,"16":1,"17":4,"18":2,"19":15,"20":15,"21":15,"22":4,"23":15,"24":1,"25":1,"26":15,"27":15,"28":1,"29":1,"30":1,"31":1,"32":14,"33":2,"34":2,"35":2,"36":2,"37":12,"38":15,"39":5,"40":5,"41":4,"42":4,"43":3,"44":3,"45":3,"46":5,"47":5,"48":4,"49":5,"50":7,"51":1,"52":6,"53":1,"54":5,"55":5,"56":0,"57":0,"58":0,"59":0,"60":0,"61":0,"62":0,"63":0,"64":0,"65":0,"66":0,"67":0,"68":0,"69":0},"f":{"0":43,"1":19,"2":14,"3":235,"4":15,"5":0},"b":{"0":[15,4],"1":[15],"2":[1,14],"3":[2,2],"4":[4,3],"5":[4,11],"6":[1,14],"7":[15,12],"8":[1,0],"9":[2,12],"10":[14,3],"11":[2,0],"12":[12,1],"13":[5,10],"14":[5,4],"15":[4,1],"16":[3,0],"17":[3,3,3],"18":[3,0],"19":[3,0],"20":[1,2],"21":[4,1],"22":[1,6],"23":[1,5],"24":[5,0],"25":[0,0],"26":[0,0]},"meta":{"lastBranch":27,"lastFunction":6,"lastStatement":70,"seen":{"s:3:20:3:Infinity":0,"s:4:18:4:Infinity":1,"f:6:16:6:42":0,"s:7:2:7:Infinity":2,"f:10:16:10:25":1,"b:11:2:12:Infinity:12:7:12:Infinity":0,"s:11:2:12:Infinity":3,"s:11:13:11:Infinity":4,"s:12:7:12:Infinity":5,"f:22:2:22:14":2,"s:23:4:23:Infinity":6,"s:24:4:24:Infinity":7,"s:25:4:25:Infinity":8,"s:26:4:26:Infinity":9,"s:27:4:27:Infinity":10,"s:28:4:28:Infinity":11,"s:33:43:33:Infinity":12,"f:36:16:36:35":3,"s:37:2:37:Infinity":13,"f:57:22:57:29":4,"b:57:66:57:82":1,"s:58:14:58:Infinity":14,"b:59:2:63:Infinity:undefined:undefined:undefined:undefined":2,"s:59:2:63:Infinity":15,"s:60:4:62:Infinity":16,"b:61:6:61:Infinity:undefined:undefined:undefined:undefined":3,"s:61:6:61:Infinity":17,"b:61:10:61:29:61:29:61:39":4,"s:61:39:61:Infinity":18,"s:65:42:65:Infinity":19,"s:66:16:66:Infinity":20,"b:67:2:67:Infinity:undefined:undefined:undefined:undefined":5,"s:67:2:67:Infinity":21,"s:67:13:67:Infinity":22,"b:70:2:73:Infinity:undefined:undefined:undefined:undefined":6,"s:70:2:73:Infinity":23,"s:71:4:71:Infinity":24,"s:72:4:72:Infinity":25,"s:76:2:82:Infinity":26,"s:77:4:77:Infinity":27,"b:77:48:77:63:77:63:77:70":7,"s:79:16:79:Infinity":28,"b:80:4:80:Infinity:undefined:undefined:undefined:undefined":8,"s:80:4:80:Infinity":29,"s:80:30:80:Infinity":30,"s:81:4:81:Infinity":31,"b:84:2:91:Infinity:undefined:undefined:undefined:undefined":9,"s:84:2:91:Infinity":32,"b:84:6:84:28:84:28:84:52":10,"s:86:4:86:Infinity":33,"b:87:4:89:Infinity:undefined:undefined:undefined:undefined":11,"s:87:4:89:Infinity":34,"s:88:6:88:Infinity":35,"s:90:4:90:Infinity":36,"s:93:22:93:Infinity":37,"b:93:22:93:57:93:57:93:Infinity":12,"b:95:2:116:Infinity:undefined:undefined:undefined:undefined":13,"s:95:2:116:Infinity":38,"s:96:29:96:Infinity":39,"b:96:68:96:86:96:86:96:119":14,"b:97:4:112:Infinity:undefined:undefined:undefined:undefined":15,"s:97:4:112:Infinity":40,"s:98:6:111:Infinity":41,"s:99:32:99:Infinity":42,"b:100:8:108:Infinity:undefined:undefined:undefined:undefined":16,"s:100:8:108:Infinity":43,"b:100:12:100:22:100:22:100:52:100:52:100:71":17,"s:101:23:101:Infinity":44,"s:102:10:107:Infinity":45,"b:103:49:103:60:103:60:103:Infinity":18,"b:104:55:104:69:104:69:104:Infinity":19,"b:106:55:106:69:106:69:106:Infinity":20,"s:113:16:113:Infinity":46,"b:114:4:114:Infinity:undefined:undefined:undefined:undefined":21,"s:114:4:114:Infinity":47,"s:114:30:114:Infinity":48,"s:115:4:115:Infinity":49,"b:118:2:118:Infinity:undefined:undefined:undefined:undefined":22,"s:118:2:118:Infinity":50,"s:118:16:118:Infinity":51,"b:119:2:119:Infinity:undefined:undefined:undefined:undefined":23,"s:119:2:119:Infinity":52,"s:119:26:119:Infinity":53,"b:120:2:120:Infinity:undefined:undefined:undefined:undefined":24,"s:120:2:120:Infinity":54,"s:120:48:120:Infinity":55,"s:121:2:121:Infinity":56,"f:125:22:125:Infinity":5,"s:130:14:130:Infinity":57,"s:131:15:131:Infinity":58,"s:132:13:132:Infinity":59,"b:132:13:132:55:132:55:132:Infinity":25,"s:133:16:133:Infinity":60,"s:134:19:134:Infinity":61,"b:134:27:134:76:134:76:134:Infinity":26,"s:135:14:135:Infinity":62,"s:136:12:136:Infinity":63,"s:137:2:137:Infinity":64,"s:138:2:138:Infinity":65,"s:139:2:139:Infinity":66,"s:140:2:140:Infinity":67,"s:141:2:141:Infinity":68,"s:142:2:142:Infinity":69},"fnNames":{}}}
,"C:\\Users\\HRT_15\\NomuTrade\\frontend\\src\\api\\stream.ts": {"path":"C:\\Users\\HRT_15\\NomuTrade\\frontend\\src\\api\\stream.ts","statementMap":{"0":{"start":{"line":36,"column":42},"end":{"line":36,"column":null}},"1":{"start":{"line":37,"column":8},"end":{"line":37,"column":null}},"2":{"start":{"line":38,"column":2},"end":{"line":38,"column":null}},"3":{"start":{"line":38,"column":13},"end":{"line":38,"column":null}},"4":{"start":{"line":40,"column":14},"end":{"line":48,"column":null}},"5":{"start":{"line":49,"column":2},"end":{"line":51,"column":null}},"6":{"start":{"line":50,"column":4},"end":{"line":50,"column":null}},"7":{"start":{"line":53,"column":17},"end":{"line":53,"column":null}},"8":{"start":{"line":54,"column":18},"end":{"line":54,"column":null}},"9":{"start":{"line":55,"column":15},"end":{"line":55,"column":null}},"10":{"start":{"line":56,"column":40},"end":{"line":56,"column":null}},"11":{"start":{"line":58,"column":22},"end":{"line":78,"column":null}},"12":{"start":{"line":59,"column":16},"end":{"line":59,"column":null}},"13":{"start":{"line":60,"column":15},"end":{"line":60,"column":null}},"14":{"start":{"line":61,"column":4},"end":{"line":66,"column":null}},"15":{"start":{"line":62,"column":6},"end":{"line":65,"column":null}},"16":{"start":{"line":62,"column":37},"end":{"line":62,"column":null}},"17":{"start":{"line":62,"column":78},"end":{"line":65,"column":null}},"18":{"start":{"line":64,"column":8},"end":{"line":64,"column":null}},"19":{"start":{"line":67,"column":4},"end":{"line":67,"column":null}},"20":{"start":{"line":67,"column":25},"end":{"line":67,"column":null}},"21":{"start":{"line":69,"column":4},"end":{"line":73,"column":null}},"22":{"start":{"line":70,"column":6},"end":{"line":70,"column":null}},"23":{"start":{"line":72,"column":6},"end":{"line":72,"column":null}},"24":{"start":{"line":74,"column":4},"end":{"line":77,"column":null}},"25":{"start":{"line":74,"column":26},"end":{"line":74,"column":null}},"26":{"start":{"line":74,"column":73},"end":{"line":77,"column":null}},"27":{"start":{"line":75,"column":32},"end":{"line":75,"column":null}},"28":{"start":{"line":75,"column":84},"end":{"line":77,"column":null}},"29":{"start":{"line":76,"column":32},"end":{"line":76,"column":null}},"30":{"start":{"line":76,"column":84},"end":{"line":77,"column":null}},"31":{"start":{"line":77,"column":32},"end":{"line":77,"column":null}},"32":{"start":{"line":80,"column":2},"end":{"line":89,"column":null}},"33":{"start":{"line":81,"column":28},"end":{"line":81,"column":null}},"34":{"start":{"line":82,"column":4},"end":{"line":82,"column":null}},"35":{"start":{"line":82,"column":14},"end":{"line":82,"column":null}},"36":{"start":{"line":83,"column":4},"end":{"line":83,"column":null}},"37":{"start":{"line":85,"column":4},"end":{"line":88,"column":null}},"38":{"start":{"line":86,"column":6},"end":{"line":86,"column":null}},"39":{"start":{"line":87,"column":6},"end":{"line":87,"column":null}},"40":{"start":{"line":90,"column":2},"end":{"line":90,"column":null}},"41":{"start":{"line":90,"column":21},"end":{"line":90,"column":null}},"42":{"start":{"line":91,"column":2},"end":{"line":91,"column":null}}},"fnMap":{"0":{"name":"streamAssistantQuery","decl":{"start":{"line":31,"column":22},"end":{"line":31,"column":null}},"loc":{"start":{"line":35,"column":37},"end":{"line":92,"column":null}},"line":35},"1":{"name":"(anonymous_1)","decl":{"start":{"line":58,"column":22},"end":{"line":58,"column":23}},"loc":{"start":{"line":58,"column":47},"end":{"line":78,"column":null}},"line":58}},"branchMap":{"0":{"loc":{"start":{"line":38,"column":2},"end":{"line":38,"column":null}},"type":"if","locations":[{"start":{"line":38,"column":2},"end":{"line":38,"column":null}},{"start":{},"end":{}}],"line":38},"1":{"loc":{"start":{"line":46,"column":23},"end":{"line":46,"column":null}},"type":"binary-expr","locations":[{"start":{"line":46,"column":23},"end":{"line":46,"column":41}},{"start":{"line":46,"column":41},"end":{"line":46,"column":null}}],"line":46},"2":{"loc":{"start":{"line":49,"column":2},"end":{"line":51,"column":null}},"type":"if","locations":[{"start":{"line":49,"column":2},"end":{"line":51,"column":null}},{"start":{},"end":{}}],"line":49},"3":{"loc":{"start":{"line":49,"column":6},"end":{"line":49,"column":28}},"type":"binary-expr","locations":[{"start":{"line":49,"column":6},"end":{"line":49,"column":17}},{"start":{"line":49,"column":17},"end":{"line":49,"column":28}}],"line":49},"4":{"loc":{"start":{"line":62,"column":6},"end":{"line":65,"column":null}},"type":"if","locations":[{"start":{"line":62,"column":6},"end":{"line":65,"column":null}},{"start":{"line":62,"column":78},"end":{"line":65,"column":null}}],"line":62},"5":{"loc":{"start":{"line":62,"column":78},"end":{"line":65,"column":null}},"type":"if","locations":[{"start":{"line":62,"column":78},"end":{"line":65,"column":null}},{"start":{},"end":{}}],"line":62},"6":{"loc":{"start":{"line":64,"column":17},"end":{"line":64,"column":37}},"type":"cond-expr","locations":[{"start":{"line":64,"column":24},"end":{"line":64,"column":31}},{"start":{"line":64,"column":31},"end":{"line":64,"column":37}}],"line":64},"7":{"loc":{"start":{"line":67,"column":4},"end":{"line":67,"column":null}},"type":"if","locations":[{"start":{"line":67,"column":4},"end":{"line":67,"column":null}},{"start":{},"end":{}}],"line":67},"8":{"loc":{"start":{"line":67,"column":8},"end":{"line":67,"column":25}},"type":"binary-expr","locations":[{"start":{"line":67,"column":8},"end":{"line":67,"column":18}},{"start":{"line":67,"column":18},"end":{"line":67,"column":25}}],"line":67},"9":{"loc":{"start":{"line":74,"column":4},"end":{"line":77,"column":null}},"type":"if","locations":[{"start":{"line":74,"column":4},"end":{"line":77,"column":null}},{"start":{"line":74,"column":73},"end":{"line":77,"column":null}}],"line":74},"10":{"loc":{"start":{"line":74,"column":73},"end":{"line":77,"column":null}},"type":"if","locations":[{"start":{"line":74,"column":73},"end":{"line":77,"column":null}},{"start":{"line":75,"column":84},"end":{"line":77,"column":null}}],"line":74},"11":{"loc":{"start":{"line":75,"column":84},"end":{"line":77,"column":null}},"type":"if","locations":[{"start":{"line":75,"column":84},"end":{"line":77,"column":null}},{"start":{"line":76,"column":84},"end":{"line":77,"column":null}}],"line":75},"12":{"loc":{"start":{"line":76,"column":84},"end":{"line":77,"column":null}},"type":"if","locations":[{"start":{"line":76,"column":84},"end":{"line":77,"column":null}},{"start":{},"end":{}}],"line":76},"13":{"loc":{"start":{"line":82,"column":4},"end":{"line":82,"column":null}},"type":"if","locations":[{"start":{"line":82,"column":4},"end":{"line":82,"column":null}},{"start":{},"end":{}}],"line":82},"14":{"loc":{"start":{"line":90,"column":2},"end":{"line":90,"column":null}},"type":"if","locations":[{"start":{"line":90,"column":2},"end":{"line":90,"column":null}},{"start":{},"end":{}}],"line":90}},"s":{"0":7,"1":7,"2":7,"3":1,"4":7,"5":7,"6":1,"7":6,"8":6,"9":6,"10":6,"11":6,"12":14,"13":14,"14":14,"15":28,"16":14,"17":14,"18":14,"19":14,"20":1,"21":13,"22":13,"23":1,"24":12,"25":1,"26":11,"27":5,"28":6,"29":1,"30":5,"31":4,"32":6,"33":21,"34":21,"35":6,"36":15,"37":15,"38":13,"39":13,"40":6,"41":1,"42":6},"f":{"0":7,"1":14},"b":{"0":[1,6],"1":[7,6],"2":[1,6],"3":[7,6],"4":[14,14],"5":[14,0],"6":[1,13],"7":[1,13],"8":[14,14],"9":[1,11],"10":[5,6],"11":[1,5],"12":[4,1],"13":[6,15],"14":[1,5]},"meta":{"lastBranch":15,"lastFunction":2,"lastStatement":43,"seen":{"f:31:22:31:Infinity":0,"s:36:42:36:Infinity":0,"s:37:8:37:Infinity":1,"b:38:2:38:Infinity:undefined:undefined:undefined:undefined":0,"s:38:2:38:Infinity":2,"s:38:13:38:Infinity":3,"s:40:14:48:Infinity":4,"b:46:23:46:41:46:41:46:Infinity":1,"b:49:2:51:Infinity:undefined:undefined:undefined:undefined":2,"s:49:2:51:Infinity":5,"b:49:6:49:17:49:17:49:28":3,"s:50:4:50:Infinity":6,"s:53:17:53:Infinity":7,"s:54:18:54:Infinity":8,"s:55:15:55:Infinity":9,"s:56:40:56:Infinity":10,"s:58:22:78:Infinity":11,"f:58:22:58:23":1,"s:59:16:59:Infinity":12,"s:60:15:60:Infinity":13,"s:61:4:66:Infinity":14,"b:62:6:65:Infinity:62:78:65:Infinity":4,"s:62:6:65:Infinity":15,"s:62:37:62:Infinity":16,"b:62:78:65:Infinity:undefined:undefined:undefined:undefined":5,"s:62:78:65:Infinity":17,"s:64:8:64:Infinity":18,"b:64:24:64:31:64:31:64:37":6,"b:67:4:67:Infinity:undefined:undefined:undefined:undefined":7,"s:67:4:67:Infinity":19,"b:67:8:67:18:67:18:67:25":8,"s:67:25:67:Infinity":20,"s:69:4:73:Infinity":21,"s:70:6:70:Infinity":22,"s:72:6:72:Infinity":23,"b:74:4:77:Infinity:74:73:77:Infinity":9,"s:74:4:77:Infinity":24,"s:74:26:74:Infinity":25,"b:74:73:77:Infinity:75:84:77:Infinity":10,"s:74:73:77:Infinity":26,"s:75:32:75:Infinity":27,"b:75:84:77:Infinity:76:84:77:Infinity":11,"s:75:84:77:Infinity":28,"s:76:32:76:Infinity":29,"b:76:84:77:Infinity:undefined:undefined:undefined:undefined":12,"s:76:84:77:Infinity":30,"s:77:32:77:Infinity":31,"s:80:2:89:Infinity":32,"s:81:28:81:Infinity":33,"b:82:4:82:Infinity:undefined:undefined:undefined:undefined":13,"s:82:4:82:Infinity":34,"s:82:14:82:Infinity":35,"s:83:4:83:Infinity":36,"s:85:4:88:Infinity":37,"s:86:6:86:Infinity":38,"s:87:6:87:Infinity":39,"b:90:2:90:Infinity:undefined:undefined:undefined:undefined":14,"s:90:2:90:Infinity":40,"s:90:21:90:Infinity":41,"s:91:2:91:Infinity":42},"fnNames":{}}}
,"C:\\Users\\HRT_15\\NomuTrade\\frontend\\src\\api\\types.ts": {"path":"C:\\Users\\HRT_15\\NomuTrade\\frontend\\src\\api\\types.ts","statementMap":{"0":{"start":{"line":57,"column":39},"end":{"line":57,"column":null}},"1":{"start":{"line":88,"column":48},"end":{"line":88,"column":null}},"2":{"start":{"line":624,"column":32},"end":{"line":624,"column":null}}},"fnMap":{},"branchMap":{},"s":{"0":3,"1":3,"2":3},"f":{},"b":{},"meta":{"lastBranch":0,"lastFunction":0,"lastStatement":3,"seen":{"s:57:39:57:Infinity":0,"s:88:48:88:Infinity":1,"s:624:32:624:Infinity":2},"fnNames":{}}}
[...]
,"C:\\Users\\HRT_15\\NomuTrade\\frontend\\src\\pages\\Trading.tsx": {"path":"C:\\Users\\HRT_15\\NomuTrade\\frontend\\src\\pages\\Trading.tsx","statementMap":{"0":{"start":{"line":29,"column":16},"end":{"line":29,"column":null}},"1":{"start":{"line":33,"column":2},"end":{"line":37,"column":null}},"2":{"start":{"line":42,"column":12},"end":{"line":42,"column":null}},"3":{"start":{"line":43,"column":38},"end":{"line":43,"column":null}},"4":{"start":{"line":44,"column":20},"end":{"line":44,"column":null}},"5":{"start":{"line":46,"column":36},"end":{"line":46,"column":null}},"6":{"start":{"line":47,"column":34},"end":{"line":47,"column":null}},"7":{"start":{"line":48,"column":36},"end":{"line":48,"column":null}},"8":{"start":{"line":49,"column":18},"end":{"line":49,"column":null}},"9":{"start":{"line":50,"column":32},"end":{"line":50,"column":null}},"10":{"start":{"line":51,"column":32},"end":{"line":51,"column":null}},"11":{"start":{"line":52,"column":28},"end":{"line":52,"column":null}},"12":{"start":{"line":56,"column":8},"end":{"line":56,"column":null}},"13":{"start":{"line":56,"column":44},"end":{"line":56,"column":83}},"14":{"start":{"line":56,"column":70},"end":{"line":56,"column":80}},"15":{"start":{"line":58,"column":17},"end":{"line":58,"column":null}},"16":{"start":{"line":60,"column":8},"end":{"line":65,"column":null}},"17":{"start":{"line":62,"column":6},"end":{"line":62,"column":null}},"18":{"start":{"line":68,"column":2},"end":{"line":82,"column":null}},"19":{"start":{"line":69,"column":4},"end":{"line":81,"column":null}},"20":{"start":{"line":70,"column":6},"end":{"line":80,"column":null}},"21":{"start":{"line":71,"column":33},"end":{"line":74,"column":null}},"22":{"start":{"line":75,"column":8},"end":{"line":75,"column":null}},"23":{"start":{"line":76,"column":8},"end":{"line":76,"column":null}},"24":{"start":{"line":77,"column":8},"end":{"line":77,"column":null}},"25":{"start":{"line":77,"column":32},"end":{"line":77,"column":72}},"26":{"start":{"line":85,"column":2},"end":{"line":89,"column":null}},"27":{"start":{"line":86,"column":4},"end":{"line":88,"column":null}},"28":{"start":{"line":87,"column":6},"end":{"line":87,"column":null}},"29":{"start":{"line":93,"column":2},"end":{"line":106,"column":null}},"30":{"start":{"line":95,"column":6},"end":{"line":102,"column":null}},"31":{"start":{"line":96,"column":8},"end":{"line":101,"column":null}},"32":{"start":{"line":97,"column":22},"end":{"line":97,"column":null}},"33":{"start":{"line":98,"column":10},"end":{"line":98,"column":null}},"34":{"start":{"line":109,"column":8},"end":{"line":121,"column":null}},"35":{"start":{"line":110,"column":4},"end":{"line":114,"column":null}},"36":{"start":{"line":111,"column":6},"end":{"line":111,"column":null}},"37":{"start":{"line":112,"column":6},"end":{"line":112,"column":null}},"38":{"start":{"line":113,"column":6},"end":{"line":113,"column":null}},"39":{"start":{"line":115,"column":29},"end":{"line":118,"column":null}},"40":{"start":{"line":119,"column":4},"end":{"line":119,"column":null}},"41":{"start":{"line":119,"column":39},"end":{"line":119,"column":null}},"42":{"start":{"line":120,"column":4},"end":{"line":120,"column":null}},"43":{"start":{"line":120,"column":39},"end":{"line":120,"column":null}},"44":{"start":{"line":123,"column":2},"end":{"line":129,"column":null}},"45":{"start":{"line":125,"column":6},"end":{"line":125,"column":null}},"46":{"start":{"line":133,"column":2},"end":{"line":133,"column":null}},"47":{"start":{"line":133,"column":34},"end":{"line":133,"column":54}},"48":{"start":{"line":137,"column":2},"end":{"line":161,"column":null}},"49":{"start":{"line":138,"column":4},"end":{"line":138,"column":null}},"50":{"start":{"line":139,"column":4},"end":{"line":139,"column":null}},"51":{"start":{"line":139,"column":17},"end":{"line":139,"column":null}},"52":{"start":{"line":140,"column":20},"end":{"line":140,"column":null}},"53":{"start":{"line":141,"column":4},"end":{"line":157,"column":null}},"54":{"start":{"line":142,"column":6},"end":{"line":156,"column":null}},"55":{"start":{"line":143,"column":20},"end":{"line":146,"column":null}},"56":{"start":{"line":147,"column":8},"end":{"line":153,"column":null}},"57":{"start":{"line":148,"column":10},"end":{"line":152,"column":null}},"58":{"start":{"line":150,"column":53},"end":{"line":150,"column":59}},"59":{"start":{"line":151,"column":52},"end":{"line":151,"column":57}},"60":{"start":{"line":158,"column":4},"end":{"line":160,"column":null}},"61":{"start":{"line":159,"column":6},"end":{"line":159,"column":null}},"62":{"start":{"line":163,"column":27},"end":{"line":163,"column":null}},"63":{"start":{"line":163,"column":51},"end":{"line":163,"column":70}},"64":{"start":{"line":164,"column":8},"end":{"line":171,"column":null}},"65":{"start":{"line":165,"column":17},"end":{"line":165,"column":null}},"66":{"start":{"line":166,"column":17},"end":{"line":166,"column":null}},"67":{"start":{"line":167,"column":4},"end":{"line":169,"column":null}},"68":{"start":{"line":168,"column":6},"end":{"line":168,"column":null}},"69":{"start":{"line":170,"column":4},"end":{"line":170,"column":null}},"70":{"start":{"line":173,"column":2},"end":{"line":253,"column":null}},"71":{"start":{"line":189,"column":16},"end":{"line":195,"column":null}},"72":{"start":{"line":192,"column":33},"end":{"line":192,"column":null}},"73":{"start":{"line":210,"column":33},"end":{"line":210,"column":null}}},"fnMap":{"0":{"name":"pickDefaultPortfolio","decl":{"start":{"line":32,"column":9},"end":{"line":32,"column":30}},"loc":{"start":{"line":32,"column":56},"end":{"line":39,"column":null}},"line":32},"1":{"name":"Trading","decl":{"start":{"line":41,"column":16},"end":{"line":41,"column":26}},"loc":{"start":{"line":41,"column":26},"end":{"line":255,"column":null}},"line":41},"2":{"name":"(anonymous_2)","decl":{"start":{"line":56,"column":38},"end":{"line":56,"column":44}},"loc":{"start":{"line":56,"column":44},"end":{"line":56,"column":83}},"line":56},"3":{"name":"(anonymous_3)","decl":{"start":{"line":56,"column":63},"end":{"line":56,"column":64}},"loc":{"start":{"line":56,"column":70},"end":{"line":56,"column":80}},"line":56},"4":{"name":"(anonymous_4)","decl":{"start":{"line":61,"column":4},"end":{"line":61,"column":5}},"loc":{"start":{"line":61,"column":19},"end":{"line":63,"column":null}},"line":61},"5":{"name":"(anonymous_5)","decl":{"start":{"line":68,"column":12},"end":{"line":68,"column":18}},"loc":{"start":{"line":68,"column":18},"end":{"line":82,"column":5}},"line":68},"6":{"name":"(anonymous_6)","decl":{"start":{"line":69,"column":10},"end":{"line":69,"column":22}},"loc":{"start":{"line":69,"column":22},"end":{"line":81,"column":7}},"line":69},"7":{"name":"(anonymous_7)","decl":{"start":{"line":77,"column":23},"end":{"line":77,"column":24}},"loc":{"start":{"line":77,"column":32},"end":{"line":77,"column":72}},"line":77},"8":{"name":"(anonymous_8)","decl":{"start":{"line":85,"column":12},"end":{"line":85,"column":18}},"loc":{"start":{"line":85,"column":18},"end":{"line":89,"column":5}},"line":85},"9":{"name":"(anonymous_9)","decl":{"start":{"line":94,"column":4},"end":{"line":94,"column":10}},"loc":{"start":{"line":94,"column":10},"end":{"line":103,"column":null}},"line":94},"10":{"name":"(anonymous_10)","decl":{"start":{"line":95,"column":12},"end":{"line":95,"column":24}},"loc":{"start":{"line":95,"column":24},"end":{"line":102,"column":9}},"line":95},"11":{"name":"(anonymous_11)","decl":{"start":{"line":109,"column":34},"end":{"line":109,"column":46}},"loc":{"start":{"line":109,"column":46},"end":{"line":121,"column":5}},"line":109},"12":{"name":"(anonymous_12)","decl":{"start":{"line":124,"column":4},"end":{"line":124,"column":10}},"loc":{"start":{"line":124,"column":10},"end":{"line":126,"column":null}},"line":124},"13":{"name":"(anonymous_13)","decl":{"start":{"line":133,"column":28},"end":{"line":133,"column":34}},"loc":{"start":{"line":133,"column":34},"end":{"line":133,"column":54}},"line":133},"14":{"name":"(anonymous_14)","decl":{"start":{"line":137,"column":12},"end":{"line":137,"column":18}},"loc":{"start":{"line":137,"column":18},"end":{"line":161,"column":5}},"line":137},"15":{"name":"(anonymous_15)","decl":{"start":{"line":141,"column":10},"end":{"line":141,"column":22}},"loc":{"start":{"line":141,"column":22},"end":{"line":157,"column":7}},"line":141},"16":{"name":"(anonymous_16)","decl":{"start":{"line":150,"column":46},"end":{"line":150,"column":47}},"loc":{"start":{"line":150,"column":53},"end":{"line":150,"column":59}},"line":150},"17":{"name":"(anonymous_17)","decl":{"start":{"line":151,"column":45},"end":{"line":151,"column":46}},"loc":{"start":{"line":151,"column":52},"end":{"line":151,"column":57}},"line":151},"18":{"name":"(anonymous_18)","decl":{"start":{"line":158,"column":11},"end":{"line":158,"column":17}},"loc":{"start":{"line":158,"column":17},"end":{"line":160,"column":null}},"line":158},"19":{"name":"(anonymous_19)","decl":{"start":{"line":163,"column":44},"end":{"line":163,"column":45}},"loc":{"start":{"line":163,"column":51},"end":{"line":163,"column":70}},"line":163},"20":{"name":"(anonymous_20)","decl":{"start":{"line":164,"column":31},"end":{"line":164,"column":37}},"loc":{"start":{"line":164,"column":37},"end":{"line":171,"column":5}},"line":164},"21":{"name":"(anonymous_21)","decl":{"start":{"line":188,"column":30},"end":{"line":188,"column":31}},"loc":{"start":{"line":189,"column":16},"end":{"line":195,"column":null}},"line":189},"22":{"name":"(anonymous_22)","decl":{"start":{"line":192,"column":27},"end":{"line":192,"column":33}},"loc":{"start":{"line":192,"column":33},"end":{"line":192,"column":null}},"line":192},"23":{"name":"(anonymous_23)","decl":{"start":{"line":210,"column":27},"end":{"line":210,"column":33}},"loc":{"start":{"line":210,"column":33},"end":{"line":210,"column":null}},"line":210}},"branchMap":{"0":{"loc":{"start":{"line":34,"column":4},"end":{"line":37,"column":null}},"type":"binary-expr","locations":[{"start":{"line":34,"column":4},"end":{"line":34,"column":null}},{"start":{"line":35,"column":4},"end":{"line":35,"column":null}},{"start":{"line":36,"column":4},"end":{"line":36,"column":null}},{"start":{"line":37,"column":4},"end":{"line":37,"column":null}}],"line":34},"1":{"loc":{"start":{"line":58,"column":17},"end":{"line":58,"column":null}},"type":"binary-expr","locations":[{"start":{"line":58,"column":17},"end":{"line":58,"column":30}},{"start":{"line":58,"column":30},"end":{"line":58,"column":null}}],"line":58},"2":{"loc":{"start":{"line":77,"column":32},"end":{"line":77,"column":72}},"type":"binary-expr","locations":[{"start":{"line":77,"column":32},"end":{"line":77,"column":39}},{"start":{"line":77,"column":39},"end":{"line":77,"column":72}}],"line":77},"3":{"loc":{"start":{"line":86,"column":4},"end":{"line":88,"column":null}},"type":"if","locations":[{"start":{"line":86,"column":4},"end":{"line":88,"column":null}},{"start":{},"end":{}}],"line":86},"4":{"loc":{"start":{"line":86,"column":8},"end":{"line":86,"column":54}},"type":"binary-expr","locations":[{"start":{"line":86,"column":8},"end":{"line":86,"column":22}},{"start":{"line":86,"column":22},"end":{"line":86,"column":54}}],"line":86},"5":{"loc":{"start":{"line":110,"column":4},"end":{"line":114,"column":null}},"type":"if","locations":[{"start":{"line":110,"column":4},"end":{"line":114,"column":null}},{"start":{},"end":{}}],"line":110},"6":{"loc":{"start":{"line":119,"column":4},"end":{"line":119,"column":null}},"type":"if","locations":[{"start":{"line":119,"column":4},"end":{"line":119,"column":null}},{"start":{},"end":{}}],"line":119},"7":{"loc":{"start":{"line":120,"column":4},"end":{"line":120,"column":null}},"type":"if","locations":[{"start":{"line":120,"column":4},"end":{"line":120,"column":null}},{"start":{},"end":{}}],"line":120},"8":{"loc":{"start":{"line":139,"column":4},"end":{"line":139,"column":null}},"type":"if","locations":[{"start":{"line":139,"column":4},"end":{"line":139,"column":null}},{"start":{},"end":{}}],"line":139},"9":{"loc":{"start":{"line":147,"column":8},"end":{"line":153,"column":null}},"type":"if","locations":[{"start":{"line":147,"column":8},"end":{"line":153,"column":null}},{"start":{},"end":{}}],"line":147},"10":{"loc":{"start":{"line":147,"column":12},"end":{"line":147,"column":50}},"type":"binary-expr","locations":[{"start":{"line":147,"column":12},"end":{"line":147,"column":26}},{"start":{"line":147,"column":26},"end":{"line":147,"column":50}}],"line":147},"11":{"loc":{"start":{"line":167,"column":4},"end":{"line":169,"column":null}},"type":"if","locations":[{"start":{"line":167,"column":4},"end":{"line":169,"column":null}},{"start":{},"end":{}}],"line":167},"12":{"loc":{"start":{"line":167,"column":8},"end":{"line":167,"column":98}},"type":"binary-expr","locations":[{"start":{"line":167,"column":8},"end":{"line":167,"column":25}},{"start":{"line":167,"column":25},"end":{"line":167,"column":47}},{"start":{"line":167,"column":47},"end":{"line":167,"column":64}},{"start":{"line":167,"column":64},"end":{"line":167,"column":86}},{"start":{"line":167,"column":86},"end":{"line":167,"column":98}}],"line":167},"13":{"loc":{"start":{"line":186,"column":49},"end":{"line":186,"column":63}},"type":"binary-expr","locations":[{"start":{"line":186,"column":49},"end":{"line":186,"column":59}},{"start":{"line":186,"column":59},"end":{"line":186,"column":63}}],"line":186},"14":{"loc":{"start":{"line":191,"column":52},"end":{"line":191,"column":77}},"type":"cond-expr","locations":[{"start":{"line":191,"column":63},"end":{"line":191,"column":75}},{"start":{"line":191,"column":75},"end":{"line":191,"column":77}}],"line":191},"15":{"loc":{"start":{"line":209,"column":18},"end":{"line":209,"column":null}},"type":"binary-expr","locations":[{"start":{"line":209,"column":18},"end":{"line":209,"column":37}},{"start":{"line":209,"column":37},"end":{"line":209,"column":null}}],"line":209},"16":{"loc":{"start":{"line":235,"column":13},"end":{"line":235,"column":null}},"type":"binary-expr","locations":[{"start":{"line":235,"column":13},"end":{"line":235,"column":26}},{"start":{"line":235,"column":26},"end":{"line":235,"column":null}}],"line":235},"17":{"loc":{"start":{"line":238,"column":13},"end":{"line":245,"column":null}},"type":"cond-expr","locations":[{"start":{"line":239,"column":14},"end":{"line":243,"column":null}},{"start":{"line":245,"column":14},"end":{"line":245,"column":null}}],"line":238}},"s":{"0":1,"1":4,"2":16,"3":16,"4":16,"5":16,"6":16,"7":16,"8":16,"9":16,"10":16,"11":16,"12":16,"13":8,"14":12,"15":16,"16":16,"17":0,"18":16,"19":4,"20":4,"21":4,"22":4,"23":4,"24":4,"25":4,"26":16,"27":11,"28":3,"29":16,"30":4,"31":4,"32":4,"33":4,"34":16,"35":8,"36":4,"37":4,"38":4,"39":4,"40":4,"41":4,"42":4,"43":4,"44":16,"45":8,"46":16,"47":0,"48":16,"49":7,"50":7,"51":3,"52":4,"53":4,"54":4,"55":4,"56":4,"57":4,"58":4,"59":4,"60":4,"61":4,"62":16,"63":14,"64":16,"65":11,"66":11,"67":11,"68":7,"69":4,"70":16,"71":96,"72":1,"73":0},"f":{"0":4,"1":16,"2":8,"3":12,"4":0,"5":4,"6":4,"7":4,"8":11,"9":4,"10":4,"11":8,"12":8,"13":0,"14":7,"15":4,"16":4,"17":4,"18":4,"19":14,"20":11,"21":96,"22":1,"23":0},"b":{"0":[4,0,0,0],"1":[16,6],"2":[4,4],"3":[3,8],"4":[11,6],"5":[4,4],"6":[4,0],"7":[4,0],"8":[3,4],"9":[4,0],"10":[4,4],"11":[7,4],"12":[11,11,7,7,4],"13":[16,3],"14":[16,80],"15":[16,11],"16":[16,5],"17":[11,5]},"meta":{"lastBranch":18,"lastFunction":24,"lastStatement":74,"seen":{"s:29:16:29:Infinity":0,"f:32:9:32:30":0,"s:33:2:37:Infinity":1,"b:34:4:34:Infinity:35:4:35:Infinity:36:4:36:Infinity:37:4:37:Infinity":0,"f:41:16:41:26":1,"s:42:12:42:Infinity":2,"s:43:38:43:Infinity":3,"s:44:20:44:Infinity":4,"s:46:36:46:Infinity":5,"s:47:34:47:Infinity":6,"s:48:36:48:Infinity":7,"s:49:18:49:Infinity":8,"s:50:32:50:Infinity":9,"s:51:32:51:Infinity":10,"s:52:28:52:Infinity":11,"s:56:8:56:Infinity":12,"f:56:38:56:44":2,"s:56:44:56:83":13,"f:56:63:56:64":3,"s:56:70:56:80":14,"s:58:17:58:Infinity":15,"b:58:17:58:30:58:30:58:Infinity":1,"s:60:8:65:Infinity":16,"f:61:4:61:5":4,"s:62:6:62:Infinity":17,"s:68:2:82:Infinity":18,"f:68:12:68:18":5,"s:69:4:81:Infinity":19,"f:69:10:69:22":6,"s:70:6:80:Infinity":20,"s:71:33:74:Infinity":21,"s:75:8:75:Infinity":22,"s:76:8:76:Infinity":23,"s:77:8:77:Infinity":24,"f:77:23:77:24":7,"s:77:32:77:72":25,"b:77:32:77:39:77:39:77:72":2,"s:85:2:89:Infinity":26,"f:85:12:85:18":8,"b:86:4:88:Infinity:undefined:undefined:undefined:undefined":3,"s:86:4:88:Infinity":27,"b:86:8:86:22:86:22:86:54":4,"s:87:6:87:Infinity":28,"s:93:2:106:Infinity":29,"f:94:4:94:10":9,"s:95:6:102:Infinity":30,"f:95:12:95:24":10,"s:96:8:101:Infinity":31,"s:97:22:97:Infinity":32,"s:98:10:98:Infinity":33,"s:109:8:121:Infinity":34,"f:109:34:109:46":11,"b:110:4:114:Infinity:undefined:undefined:undefined:undefined":5,"s:110:4:114:Infinity":35,"s:111:6:111:Infinity":36,"s:112:6:112:Infinity":37,"s:113:6:113:Infinity":38,"s:115:29:118:Infinity":39,"b:119:4:119:Infinity:undefined:undefined:undefined:undefined":6,"s:119:4:119:Infinity":40,"s:119:39:119:Infinity":41,"b:120:4:120:Infinity:undefined:undefined:undefined:undefined":7,"s:120:4:120:Infinity":42,"s:120:39:120:Infinity":43,"s:123:2:129:Infinity":44,"f:124:4:124:10":12,"s:125:6:125:Infinity":45,"s:133:2:133:Infinity":46,"f:133:28:133:34":13,"s:133:34:133:54":47,"s:137:2:161:Infinity":48,"f:137:12:137:18":14,"s:138:4:138:Infinity":49,"b:139:4:139:Infinity:undefined:undefined:undefined:undefined":8,"s:139:4:139:Infinity":50,"s:139:17:139:Infinity":51,"s:140:20:140:Infinity":52,"s:141:4:157:Infinity":53,"f:141:10:141:22":15,"s:142:6:156:Infinity":54,"s:143:20:146:Infinity":55,"b:147:8:153:Infinity:undefined:undefined:undefined:undefined":9,"s:147:8:153:Infinity":56,"b:147:12:147:26:147:26:147:50":10,"s:148:10:152:Infinity":57,"f:150:46:150:47":16,"s:150:53:150:59":58,"f:151:45:151:46":17,"s:151:52:151:57":59,"s:158:4:160:Infinity":60,"f:158:11:158:17":18,"s:159:6:159:Infinity":61,"s:163:27:163:Infinity":62,"f:163:44:163:45":19,"s:163:51:163:70":63,"s:164:8:171:Infinity":64,"f:164:31:164:37":20,"s:165:17:165:Infinity":65,"s:166:17:166:Infinity":66,"b:167:4:169:Infinity:undefined:undefined:undefined:undefined":11,"s:167:4:169:Infinity":67,"b:167:8:167:25:167:25:167:47:167:47:167:64:167:64:167:86:167:86:167:98":12,"s:168:6:168:Infinity":68,"s:170:4:170:Infinity":69,"s:173:2:253:Infinity":70,"b:186:49:186:59:186:59:186:63":13,"f:188:30:188:31":21,"s:189:16:195:Infinity":71,"b:191:63:191:75:191:75:191:77":14,"f:192:27:192:33":22,"s:192:33:192:Infinity":72,"b:209:18:209:37:209:37:209:Infinity":15,"f:210:27:210:33":23,"s:210:33:210:Infinity":73,"b:235:13:235:26:235:26:235:Infinity":16,"b:239:14:243:Infinity:245:14:245:Infinity":17},"fnNames":{}}}
}
